This is pdfTeX, Version 3.14159265-2.6-1.40.18 (TeX Live 2017/Debian) (preloaded format=pdflatex 2018.12.23)  3 APR 2020 16:39
entering extended mode
 restricted \write18 enabled.
 file:line:error style messages enabled.
 %&-line parsing enabled.
**p113-theorem3-6-6-Ans.tex
(./p113-theorem3-6-6-Ans.tex
LaTeX2e <2017-04-15>
Babel <3.18> and hyphenation patterns for 26 language(s) loaded.
(./p113-theorem3-6-6.tex

./p113-theorem3-6-6.tex:1: LaTeX Error: Environment Exercise undefined.

See the LaTeX manual or LaTeX Companion for explanation.
Type  H <return>  for immediate help.
 ...                                              
                                                  
l.1   \begin{Exercise}
                      
Your command was ignored.
Type  I <command> <return>  to replace it with another command,
or  <return>  to continue without it.


./p113-theorem3-6-6.tex:2: LaTeX Error: Missing \begin{document}.

See the LaTeX manual or LaTeX Companion for explanation.
Type  H <return>  for immediate help.
 ...                                              
                                                  
l.2 Ë
     Ææ$R$Ôºå$S$‰∏∫ÈõÜÂêà$X$‰∏äÁöÑÁ≠â‰ª∑ÂÖ≥Á≥ª„ÄÇÂ¶ÇÊûú$R\circ S$‰∏∫Á≠â‰ª∑ÂÖ...

You're in trouble here.  Try typing  <return>  to proceed.
If that doesn't work, type  X <return>  to quit.

Missing character: There is no Ë in font nullfont!
Missing character: There is no Æ in font nullfont!
Missing character: There is no æ in font nullfont!
LaTeX Font Info:    External font `cmex10' loaded for size
(Font)              <7> on input line 2.
LaTeX Font Info:    External font `cmex10' loaded for size
(Font)              <5> on input line 2.
Missing character: There is no Ô in font nullfont!
Missing character: There is no º in font nullfont!
Missing character: There is no å in font nullfont!
Missing character: There is no ‰ in font nullfont!
Missing character: There is no ∏ in font nullfont!
Missing character: There is no ∫ in font nullfont!
Missing character: There is no È in font nullfont!
Missing character: There is no õ in font nullfont!
Missing character: There is no Ü in font nullfont!
Missing character: There is no Â in font nullfont!
Missing character: There is no ê in font nullfont!
Missing character: There is no à in font nullfont!
Missing character: There is no ‰ in font nullfont!
Missing character: There is no ∏ in font nullfont!
Missing character: There is no ä in font nullfont!
Missing character: There is no Á in font nullfont!
Missing character: There is no ö in font nullfont!
Missing character: There is no Ñ in font nullfont!
Missing character: There is no Á in font nullfont!
Missing character: There is no ≠ in font nullfont!
Missing character: There is no â in font nullfont!
Missing character: There is no ‰ in font nullfont!
Missing character: There is no ª in font nullfont!
Missing character: There is no ∑ in font nullfont!
Missing character: There is no Â in font nullfont!
Missing character: There is no Ö in font nullfont!
Missing character: There is no ≥ in font nullfont!
Missing character: There is no Á in font nullfont!
Missing character: There is no ≥ in font nullfont!
Missing character: There is no ª in font nullfont!
Missing character: There is no „ in font nullfont!
Missing character: There is no Ä in font nullfont!
Missing character: There is no Ç in font nullfont!
Missing character: There is no Â in font nullfont!
Missing character: There is no ¶ in font nullfont!
Missing character: There is no Ç in font nullfont!
Missing character: There is no Ê in font nullfont!
Missing character: There is no û in font nullfont!
Missing character: There is no ú in font nullfont!
Missing character: There is no ‰ in font nullfont!
Missing character: There is no ∏ in font nullfont!
Missing character: There is no ∫ in font nullfont!
Missing character: There is no Á in font nullfont!
Missing character: There is no ≠ in font nullfont!
Missing character: There is no â in font nullfont!
Missing character: There is no ‰ in font nullfont!
Missing character: There is no ª in font nullfont!
Missing character: There is no ∑ in font nullfont!
Missing character: There is no Â in font nullfont!
Missing character: There is no Ö in font nullfont!
Missing character: There is no ≥ in font nullfont!
Missing character: There is no Á in font nullfont!
Missing character: There is no ≥ in font nullfont!
Missing character: There is no ª in font nullfont!
Missing character: There is no Ô in font nullfont!
Missing character: There is no º in font nullfont!
Missing character: There is no å in font nullfont!
Missing character: There is no Â in font nullfont!
Missing character: There is no à in font nullfont!
Missing character: There is no ô in font nullfont!
Missing character: There is no „ in font nullfont!
Missing character: There is no Ä in font nullfont!
Missing character: There is no Ç in font nullfont!

./p113-theorem3-6-6.tex:3: LaTeX Error: \begin{document} ended by \end{Exercise
}.

See the LaTeX manual or LaTeX Companion for explanation.
Type  H <return>  for immediate help.
 ...                                              
                                                  
l.3   \end{Exercise}
                    
Your command was ignored.
Type  I <command> <return>  to replace it with another command,
or  <return>  to continue without it.

)

./p113-theorem3-6-6-Ans.tex:2: LaTeX Error: Environment proof undefined.

See the LaTeX manual or LaTeX Companion for explanation.
Type  H <return>  for immediate help.
 ...                                              
                                                  
l.2 \begin{proof}
                 
Your command was ignored.
Type  I <command> <return>  to replace it with another command,
or  <return>  to continue without it.

Missing character: There is no Â in font nullfont!
Missing character: There is no Ö in font nullfont!
Missing character: There is no à in font nullfont!
Missing character: There is no Ë in font nullfont!
Missing character: There is no Ø in font nullfont!
Missing character: There is no Å in font nullfont!
Missing character: There is no „ in font nullfont!
Missing character: There is no Ä in font nullfont!
Missing character: There is no Ç in font nullfont!

Overfull \hbox (56.11806pt too wide) in paragraph at lines 2--4
[]$\OML/cmm/m/it/10 R$$S$$X$$R \OMS/cmsy/m/n/10 ^^N
 []


Overfull \hbox (19.37848pt too wide) in paragraph at lines 2--4
\OML/cmm/m/it/10 S$$R \OMS/cmsy/m/n/10 ^^N
 []


Overfull \hbox (17.26382pt too wide) in paragraph at lines 2--4
\OML/cmm/m/it/10 S \OT1/cmr/m/n/10 =
 []


Overfull \hbox (18.22574pt too wide) in paragraph at lines 2--4
\OT1/cmr/m/n/10 (\OML/cmm/m/it/10 R \OMS/cmsy/m/n/10 [
 []


Overfull \hbox (17.23613pt too wide) in paragraph at lines 2--4
\OML/cmm/m/it/10 S\OT1/cmr/m/n/10 )[]$
 []


Overfull \hbox (12.67017pt too wide) in paragraph at lines 2--4
\OML/cmm/m/it/10 R \OMS/cmsy/m/n/10 ^^N
 []


Overfull \hbox (17.26382pt too wide) in paragraph at lines 2--4
\OML/cmm/m/it/10 S \OMS/cmsy/m/n/10 ^^R
 []


Overfull \hbox (18.22574pt too wide) in paragraph at lines 2--4
\OT1/cmr/m/n/10 (\OML/cmm/m/it/10 R \OMS/cmsy/m/n/10 [
 []


Overfull \hbox (17.23613pt too wide) in paragraph at lines 2--4
\OML/cmm/m/it/10 S\OT1/cmr/m/n/10 )[]$ 
 []


./p113-theorem3-6-6-Ans.tex:5: LaTeX Error: \begin{document} ended by \end{proo
f}.

See the LaTeX manual or LaTeX Companion for explanation.
Type  H <return>  for immediate help.
 ...                                              
                                                  
l.5 \end{proof}
               
Your command was ignored.
Type  I <command> <return>  to replace it with another command,
or  <return>  to continue without it.

)
! Emergency stop.
<*> p113-theorem3-6-6-Ans.tex
                             
*** (job aborted, no legal \end found)

 
Here is how much of TeX's memory you used:
 14 strings out of 494406
 311 string characters out of 6169674
 48069 words of memory out of 5000000
 3578 multiletter control sequences out of 15000+600000
 3640 words of font info for 14 fonts, out of 8000000 for 9000
 264 hyphenation exceptions out of 8191
 20i,1n,12p,178b,58s stack positions out of 5000i,500n,10000p,200000b,80000s
!  ==> Fatal error occurred, no output PDF file produced!
