This is pdfTeX, Version 3.14159265-2.6-1.40.17 (TeX Live 2016/W32TeX) (preloaded format=pdflatex 2017.2.15)  9 MAY 2017 11:12
entering extended mode
 restricted \write18 enabled.
 file:line:error style messages enabled.
 %&-line parsing enabled.
**\input ./main.tex
(./main.tex (c:/texlive/2016/texmf-dist/tex/latex/beamer/beamer.cls
Document Class: beamer 2017/01/23 v3.41 A class for typesetting presentations
(c:/texlive/2016/texmf-dist/tex/latex/etoolbox/etoolbox.sty
Package: etoolbox 2017/01/02 v2.4 e-TeX tools for LaTeX (JAW)
\etb@tempcnta=\count79
)
(c:/texlive/2016/texmf-dist/tex/latex/beamer/beamerbasemodes.sty
\beamer@tempbox=\box26
\beamer@tempcount=\count80
\c@beamerpauses=\count81

(c:/texlive/2016/texmf-dist/tex/latex/beamer/beamerbasedecode.sty
\beamer@slideinframe=\count82
\beamer@minimum=\count83
)
\beamer@commentbox=\box27
\beamer@modecount=\count84
)
(c:/texlive/2016/texmf-dist/tex/generic/oberdiek/ifpdf.sty
Package: ifpdf 2016/05/14 v3.1 Provides the ifpdf switch
)
\headheight=\dimen102
\headdp=\dimen103
\footheight=\dimen104
\sidebarheight=\dimen105
\beamer@tempdim=\dimen106
\beamer@finalheight=\dimen107
\beamer@animht=\dimen108
\beamer@animdp=\dimen109
\beamer@animwd=\dimen110
\beamer@leftmargin=\dimen111
\beamer@rightmargin=\dimen112
\beamer@leftsidebar=\dimen113
\beamer@rightsidebar=\dimen114
\beamer@boxsize=\dimen115
\beamer@vboxoffset=\dimen116
\beamer@descdefault=\dimen117
\beamer@descriptionwidth=\dimen118
\beamer@lastskip=\skip41
\beamer@areabox=\box28
\beamer@animcurrent=\box29
\beamer@animshowbox=\box30
\beamer@sectionbox=\box31
\beamer@logobox=\box32
\beamer@linebox=\box33
\beamer@sectioncount=\count85
\beamer@subsubsectionmax=\count86
\beamer@subsectionmax=\count87
\beamer@sectionmax=\count88
\beamer@totalheads=\count89
\beamer@headcounter=\count90
\beamer@partstartpage=\count91
\beamer@sectionstartpage=\count92
\beamer@subsectionstartpage=\count93
\beamer@animationtempa=\count94
\beamer@animationtempb=\count95
\beamer@xpos=\count96
\beamer@ypos=\count97
\beamer@showpartnumber=\count98
\beamer@currentsubsection=\count99
\beamer@coveringdepth=\count100
\beamer@sectionadjust=\count101
\beamer@tocsectionnumber=\count102

(c:/texlive/2016/texmf-dist/tex/latex/beamer/beamerbaseoptions.sty
(c:/texlive/2016/texmf-dist/tex/latex/graphics/keyval.sty
Package: keyval 2014/10/28 v1.15 key=value parser (DPC)
\KV@toks@=\toks14
))
\beamer@paperwidth=\skip42
\beamer@paperheight=\skip43

(c:/texlive/2016/texmf-dist/tex/latex/geometry/geometry.sty
Package: geometry 2010/09/12 v5.6 Page Geometry

(c:/texlive/2016/texmf-dist/tex/generic/oberdiek/ifvtex.sty
Package: ifvtex 2016/05/16 v1.6 Detect VTeX and its facilities (HO)
Package ifvtex Info: VTeX not detected.
)
(c:/texlive/2016/texmf-dist/tex/generic/ifxetex/ifxetex.sty
Package: ifxetex 2010/09/12 v0.6 Provides ifxetex conditional
)
\Gm@cnth=\count103
\Gm@cntv=\count104
\c@Gm@tempcnt=\count105
\Gm@bindingoffset=\dimen119
\Gm@wd@mp=\dimen120
\Gm@odd@mp=\dimen121
\Gm@even@mp=\dimen122
\Gm@layoutwidth=\dimen123
\Gm@layoutheight=\dimen124
\Gm@layouthoffset=\dimen125
\Gm@layoutvoffset=\dimen126
\Gm@dimlist=\toks15
)
(c:/texlive/2016/texmf-dist/tex/latex/base/size11.clo
File: size11.clo 2014/09/29 v1.4h Standard LaTeX file (size option)
)
(c:/texlive/2016/texmf-dist/tex/latex/pgf/basiclayer/pgfcore.sty
(c:/texlive/2016/texmf-dist/tex/latex/graphics/graphicx.sty
Package: graphicx 2014/10/28 v1.0g Enhanced LaTeX Graphics (DPC,SPQR)

(c:/texlive/2016/texmf-dist/tex/latex/graphics/graphics.sty
Package: graphics 2016/10/09 v1.0u Standard LaTeX Graphics (DPC,SPQR)

(c:/texlive/2016/texmf-dist/tex/latex/graphics/trig.sty
Package: trig 2016/01/03 v1.10 sin cos tan (DPC)
)
(c:/texlive/2016/texmf-dist/tex/latex/graphics-cfg/graphics.cfg
File: graphics.cfg 2016/06/04 v1.11 sample graphics configuration
)
Package graphics Info: Driver file: pdftex.def on input line 99.

(c:/texlive/2016/texmf-dist/tex/latex/graphics-def/pdftex.def
File: pdftex.def 2017/01/12 v0.06k Graphics/color for pdfTeX

(c:/texlive/2016/texmf-dist/tex/generic/oberdiek/infwarerr.sty
Package: infwarerr 2016/05/16 v1.4 Providing info/warning/error messages (HO)
)
(c:/texlive/2016/texmf-dist/tex/generic/oberdiek/ltxcmds.sty
Package: ltxcmds 2016/05/16 v1.23 LaTeX kernel commands for general use (HO)
)
\Gread@gobject=\count106
))
\Gin@req@height=\dimen127
\Gin@req@width=\dimen128
)
(c:/texlive/2016/texmf-dist/tex/latex/pgf/systemlayer/pgfsys.sty
(c:/texlive/2016/texmf-dist/tex/latex/pgf/utilities/pgfrcs.sty
(c:/texlive/2016/texmf-dist/tex/generic/pgf/utilities/pgfutil-common.tex
\pgfutil@everybye=\toks16
\pgfutil@tempdima=\dimen129
\pgfutil@tempdimb=\dimen130

(c:/texlive/2016/texmf-dist/tex/generic/pgf/utilities/pgfutil-common-lists.tex)
) (c:/texlive/2016/texmf-dist/tex/generic/pgf/utilities/pgfutil-latex.def
\pgfutil@abb=\box34

(c:/texlive/2016/texmf-dist/tex/latex/ms/everyshi.sty
Package: everyshi 2001/05/15 v3.00 EveryShipout Package (MS)
))
(c:/texlive/2016/texmf-dist/tex/generic/pgf/utilities/pgfrcs.code.tex
Package: pgfrcs 2015/08/07 v3.0.1a (rcs-revision 1.31)
))
(c:/texlive/2016/texmf-dist/tex/generic/pgf/systemlayer/pgfsys.code.tex
Package: pgfsys 2014/07/09 v3.0.1a (rcs-revision 1.48)

(c:/texlive/2016/texmf-dist/tex/generic/pgf/utilities/pgfkeys.code.tex
\pgfkeys@pathtoks=\toks17
\pgfkeys@temptoks=\toks18

(c:/texlive/2016/texmf-dist/tex/generic/pgf/utilities/pgfkeysfiltered.code.tex
\pgfkeys@tmptoks=\toks19
))
\pgf@x=\dimen131
\pgf@y=\dimen132
\pgf@xa=\dimen133
\pgf@ya=\dimen134
\pgf@xb=\dimen135
\pgf@yb=\dimen136
\pgf@xc=\dimen137
\pgf@yc=\dimen138
\w@pgf@writea=\write3
\r@pgf@reada=\read1
\c@pgf@counta=\count107
\c@pgf@countb=\count108
\c@pgf@countc=\count109
\c@pgf@countd=\count110
\t@pgf@toka=\toks20
\t@pgf@tokb=\toks21
\t@pgf@tokc=\toks22
 (c:/texlive/2016/texmf-dist/tex/generic/pgf/systemlayer/pgf.cfg
File: pgf.cfg 2008/05/14  (rcs-revision 1.7)
)
Driver file for pgf: pgfsys-pdftex.def

(c:/texlive/2016/texmf-dist/tex/generic/pgf/systemlayer/pgfsys-pdftex.def
File: pgfsys-pdftex.def 2014/10/11  (rcs-revision 1.35)

(c:/texlive/2016/texmf-dist/tex/generic/pgf/systemlayer/pgfsys-common-pdf.def
File: pgfsys-common-pdf.def 2013/10/10  (rcs-revision 1.13)
)))
(c:/texlive/2016/texmf-dist/tex/generic/pgf/systemlayer/pgfsyssoftpath.code.tex
File: pgfsyssoftpath.code.tex 2013/09/09  (rcs-revision 1.9)
\pgfsyssoftpath@smallbuffer@items=\count111
\pgfsyssoftpath@bigbuffer@items=\count112
)
(c:/texlive/2016/texmf-dist/tex/generic/pgf/systemlayer/pgfsysprotocol.code.tex
File: pgfsysprotocol.code.tex 2006/10/16  (rcs-revision 1.4)
)) (c:/texlive/2016/texmf-dist/tex/latex/xcolor/xcolor.sty
Package: xcolor 2016/05/11 v2.12 LaTeX color extensions (UK)

(c:/texlive/2016/texmf-dist/tex/latex/graphics-cfg/color.cfg
File: color.cfg 2016/01/02 v1.6 sample color configuration
)
Package xcolor Info: Driver file: pdftex.def on input line 225.
Package xcolor Info: Model `cmy' substituted by `cmy0' on input line 1348.
Package xcolor Info: Model `hsb' substituted by `rgb' on input line 1352.
Package xcolor Info: Model `RGB' extended on input line 1364.
Package xcolor Info: Model `HTML' substituted by `rgb' on input line 1366.
Package xcolor Info: Model `Hsb' substituted by `hsb' on input line 1367.
Package xcolor Info: Model `tHsb' substituted by `hsb' on input line 1368.
Package xcolor Info: Model `HSB' substituted by `hsb' on input line 1369.
Package xcolor Info: Model `Gray' substituted by `gray' on input line 1370.
Package xcolor Info: Model `wave' substituted by `hsb' on input line 1371.
)
(c:/texlive/2016/texmf-dist/tex/generic/pgf/basiclayer/pgfcore.code.tex
Package: pgfcore 2010/04/11 v3.0.1a (rcs-revision 1.7)

(c:/texlive/2016/texmf-dist/tex/generic/pgf/math/pgfmath.code.tex
(c:/texlive/2016/texmf-dist/tex/generic/pgf/math/pgfmathcalc.code.tex
(c:/texlive/2016/texmf-dist/tex/generic/pgf/math/pgfmathutil.code.tex)
(c:/texlive/2016/texmf-dist/tex/generic/pgf/math/pgfmathparser.code.tex
\pgfmath@dimen=\dimen139
\pgfmath@count=\count113
\pgfmath@box=\box35
\pgfmath@toks=\toks23
\pgfmath@stack@operand=\toks24
\pgfmath@stack@operation=\toks25
)
(c:/texlive/2016/texmf-dist/tex/generic/pgf/math/pgfmathfunctions.code.tex
(c:/texlive/2016/texmf-dist/tex/generic/pgf/math/pgfmathfunctions.basic.code.te
x)
(c:/texlive/2016/texmf-dist/tex/generic/pgf/math/pgfmathfunctions.trigonometric
.code.tex)
(c:/texlive/2016/texmf-dist/tex/generic/pgf/math/pgfmathfunctions.random.code.t
ex)
(c:/texlive/2016/texmf-dist/tex/generic/pgf/math/pgfmathfunctions.comparison.co
de.tex)
(c:/texlive/2016/texmf-dist/tex/generic/pgf/math/pgfmathfunctions.base.code.tex
)
(c:/texlive/2016/texmf-dist/tex/generic/pgf/math/pgfmathfunctions.round.code.te
x)
(c:/texlive/2016/texmf-dist/tex/generic/pgf/math/pgfmathfunctions.misc.code.tex
)
(c:/texlive/2016/texmf-dist/tex/generic/pgf/math/pgfmathfunctions.integerarithm
etics.code.tex)))
(c:/texlive/2016/texmf-dist/tex/generic/pgf/math/pgfmathfloat.code.tex
\c@pgfmathroundto@lastzeros=\count114
))
(c:/texlive/2016/texmf-dist/tex/generic/pgf/basiclayer/pgfcorepoints.code.tex
File: pgfcorepoints.code.tex 2013/10/07  (rcs-revision 1.27)
\pgf@picminx=\dimen140
\pgf@picmaxx=\dimen141
\pgf@picminy=\dimen142
\pgf@picmaxy=\dimen143
\pgf@pathminx=\dimen144
\pgf@pathmaxx=\dimen145
\pgf@pathminy=\dimen146
\pgf@pathmaxy=\dimen147
\pgf@xx=\dimen148
\pgf@xy=\dimen149
\pgf@yx=\dimen150
\pgf@yy=\dimen151
\pgf@zx=\dimen152
\pgf@zy=\dimen153
)
(c:/texlive/2016/texmf-dist/tex/generic/pgf/basiclayer/pgfcorepathconstruct.cod
e.tex
File: pgfcorepathconstruct.code.tex 2013/10/07  (rcs-revision 1.29)
\pgf@path@lastx=\dimen154
\pgf@path@lasty=\dimen155
)
(c:/texlive/2016/texmf-dist/tex/generic/pgf/basiclayer/pgfcorepathusage.code.te
x
File: pgfcorepathusage.code.tex 2014/11/02  (rcs-revision 1.24)
\pgf@shorten@end@additional=\dimen156
\pgf@shorten@start@additional=\dimen157
)
(c:/texlive/2016/texmf-dist/tex/generic/pgf/basiclayer/pgfcorescopes.code.tex
File: pgfcorescopes.code.tex 2015/05/08  (rcs-revision 1.46)
\pgfpic=\box36
\pgf@hbox=\box37
\pgf@layerbox@main=\box38
\pgf@picture@serial@count=\count115
)
(c:/texlive/2016/texmf-dist/tex/generic/pgf/basiclayer/pgfcoregraphicstate.code
.tex
File: pgfcoregraphicstate.code.tex 2014/11/02  (rcs-revision 1.12)
\pgflinewidth=\dimen158
)
(c:/texlive/2016/texmf-dist/tex/generic/pgf/basiclayer/pgfcoretransformations.c
ode.tex
File: pgfcoretransformations.code.tex 2015/08/07  (rcs-revision 1.20)
\pgf@pt@x=\dimen159
\pgf@pt@y=\dimen160
\pgf@pt@temp=\dimen161
)
(c:/texlive/2016/texmf-dist/tex/generic/pgf/basiclayer/pgfcorequick.code.tex
File: pgfcorequick.code.tex 2008/10/09  (rcs-revision 1.3)
)
(c:/texlive/2016/texmf-dist/tex/generic/pgf/basiclayer/pgfcoreobjects.code.tex
File: pgfcoreobjects.code.tex 2006/10/11  (rcs-revision 1.2)
)
(c:/texlive/2016/texmf-dist/tex/generic/pgf/basiclayer/pgfcorepathprocessing.co
de.tex
File: pgfcorepathprocessing.code.tex 2013/09/09  (rcs-revision 1.9)
)
(c:/texlive/2016/texmf-dist/tex/generic/pgf/basiclayer/pgfcorearrows.code.tex
File: pgfcorearrows.code.tex 2015/05/14  (rcs-revision 1.43)
\pgfarrowsep=\dimen162
)
(c:/texlive/2016/texmf-dist/tex/generic/pgf/basiclayer/pgfcoreshade.code.tex
File: pgfcoreshade.code.tex 2013/07/15  (rcs-revision 1.15)
\pgf@max=\dimen163
\pgf@sys@shading@range@num=\count116
)
(c:/texlive/2016/texmf-dist/tex/generic/pgf/basiclayer/pgfcoreimage.code.tex
File: pgfcoreimage.code.tex 2013/07/15  (rcs-revision 1.18)

(c:/texlive/2016/texmf-dist/tex/generic/pgf/basiclayer/pgfcoreexternal.code.tex
File: pgfcoreexternal.code.tex 2014/07/09  (rcs-revision 1.21)
\pgfexternal@startupbox=\box39
))
(c:/texlive/2016/texmf-dist/tex/generic/pgf/basiclayer/pgfcorelayers.code.tex
File: pgfcorelayers.code.tex 2013/07/18  (rcs-revision 1.7)
)
(c:/texlive/2016/texmf-dist/tex/generic/pgf/basiclayer/pgfcoretransparency.code
.tex
File: pgfcoretransparency.code.tex 2013/09/30  (rcs-revision 1.5)
)
(c:/texlive/2016/texmf-dist/tex/generic/pgf/basiclayer/pgfcorepatterns.code.tex
File: pgfcorepatterns.code.tex 2013/11/07  (rcs-revision 1.5)
))) (c:/texlive/2016/texmf-dist/tex/latex/pgf/utilities/xxcolor.sty
Package: xxcolor 2003/10/24 ver 0.1
\XC@nummixins=\count117
\XC@countmixins=\count118
)
(c:/texlive/2016/texmf-dist/tex/generic/oberdiek/atbegshi.sty
Package: atbegshi 2016/06/09 v1.18 At begin shipout hook (HO)
)
(c:/texlive/2016/texmf-dist/tex/latex/hyperref/hyperref.sty
Package: hyperref 2016/06/24 v6.83q Hypertext links for LaTeX

(c:/texlive/2016/texmf-dist/tex/generic/oberdiek/hobsub-hyperref.sty
Package: hobsub-hyperref 2016/05/16 v1.14 Bundle oberdiek, subset hyperref (HO)


(c:/texlive/2016/texmf-dist/tex/generic/oberdiek/hobsub-generic.sty
Package: hobsub-generic 2016/05/16 v1.14 Bundle oberdiek, subset generic (HO)
Package: hobsub 2016/05/16 v1.14 Construct package bundles (HO)
Package hobsub Info: Skipping package `infwarerr' (already loaded).
Package hobsub Info: Skipping package `ltxcmds' (already loaded).
Package: ifluatex 2016/05/16 v1.4 Provides the ifluatex switch (HO)
Package ifluatex Info: LuaTeX not detected.
Package hobsub Info: Skipping package `ifvtex' (already loaded).
Package: intcalc 2016/05/16 v1.2 Expandable calculations with integers (HO)
Package hobsub Info: Skipping package `ifpdf' (already loaded).
Package: etexcmds 2016/05/16 v1.6 Avoid name clashes with e-TeX commands (HO)
Package etexcmds Info: Could not find \expanded.
(etexcmds)             That can mean that you are not using pdfTeX 1.50 or
(etexcmds)             that some package has redefined \expanded.
(etexcmds)             In the latter case, load this package earlier.
Package: kvsetkeys 2016/05/16 v1.17 Key value parser (HO)
Package: kvdefinekeys 2016/05/16 v1.4 Define keys (HO)
Package: pdftexcmds 2016/05/21 v0.22 Utility functions of pdfTeX for LuaTeX (HO
)
Package pdftexcmds Info: LuaTeX not detected.
Package pdftexcmds Info: \pdf@primitive is available.
Package pdftexcmds Info: \pdf@ifprimitive is available.
Package pdftexcmds Info: \pdfdraftmode found.
Package: pdfescape 2016/05/16 v1.14 Implements pdfTeX's escape features (HO)
Package: bigintcalc 2016/05/16 v1.4 Expandable calculations on big integers (HO
)
Package: bitset 2016/05/16 v1.2 Handle bit-vector datatype (HO)
Package: uniquecounter 2016/05/16 v1.3 Provide unlimited unique counter (HO)
)
Package hobsub Info: Skipping package `hobsub' (already loaded).
Package: letltxmacro 2016/05/16 v1.5 Let assignment for LaTeX macros (HO)
Package: hopatch 2016/05/16 v1.3 Wrapper for package hooks (HO)
Package: xcolor-patch 2016/05/16 xcolor patch
Package: atveryend 2016/05/16 v1.9 Hooks at the very end of document (HO)
Package hobsub Info: Skipping package `atbegshi' (already loaded).
Package: refcount 2016/05/16 v3.5 Data extraction from label references (HO)
Package: hycolor 2016/05/16 v1.8 Color options for hyperref/bookmark (HO)
)
(c:/texlive/2016/texmf-dist/tex/latex/oberdiek/auxhook.sty
Package: auxhook 2016/05/16 v1.4 Hooks for auxiliary files (HO)
)
(c:/texlive/2016/texmf-dist/tex/latex/oberdiek/kvoptions.sty
Package: kvoptions 2016/05/16 v3.12 Key value format for package options (HO)
)
\@linkdim=\dimen164
\Hy@linkcounter=\count119
\Hy@pagecounter=\count120

(c:/texlive/2016/texmf-dist/tex/latex/hyperref/pd1enc.def
File: pd1enc.def 2016/06/24 v6.83q Hyperref: PDFDocEncoding definition (HO)
)
\Hy@SavedSpaceFactor=\count121

(c:/texlive/2016/texmf-dist/tex/latex/latexconfig/hyperref.cfg
File: hyperref.cfg 2002/06/06 v1.2 hyperref configuration of TeXLive
)
Package hyperref Info: Option `bookmarks' set `true' on input line 4362.
Package hyperref Info: Option `bookmarksopen' set `true' on input line 4362.
Package hyperref Info: Option `implicit' set `false' on input line 4362.
Package hyperref Info: Hyper figures OFF on input line 4486.
Package hyperref Info: Link nesting OFF on input line 4491.
Package hyperref Info: Hyper index ON on input line 4494.
Package hyperref Info: Plain pages OFF on input line 4501.
Package hyperref Info: Backreferencing OFF on input line 4506.
Package hyperref Info: Implicit mode OFF; no redefinition of LaTeX internals.
Package hyperref Info: Bookmarks ON on input line 4735.
\c@Hy@tempcnt=\count122

(c:/texlive/2016/texmf-dist/tex/latex/url/url.sty
\Urlmuskip=\muskip10
Package: url 2013/09/16  ver 3.4  Verb mode for urls, etc.
)
LaTeX Info: Redefining \url on input line 5088.
\XeTeXLinkMargin=\dimen165
\Fld@menulength=\count123
\Field@Width=\dimen166
\Fld@charsize=\dimen167
Package hyperref Info: Hyper figures OFF on input line 6342.
Package hyperref Info: Link nesting OFF on input line 6347.
Package hyperref Info: Hyper index ON on input line 6350.
Package hyperref Info: backreferencing OFF on input line 6357.
Package hyperref Info: Link coloring OFF on input line 6362.
Package hyperref Info: Link coloring with OCG OFF on input line 6367.
Package hyperref Info: PDF/A mode OFF on input line 6372.
LaTeX Info: Redefining \ref on input line 6412.
LaTeX Info: Redefining \pageref on input line 6416.
\Hy@abspage=\count124


Package hyperref Message: Stopped early.

)

Package hyperref Message: Driver (autodetected): hpdftex.

(c:/texlive/2016/texmf-dist/tex/latex/hyperref/hpdftex.def
File: hpdftex.def 2016/06/24 v6.83q Hyperref driver for pdfTeX
\Fld@listcount=\count125
\c@bookmark@seq@number=\count126

(c:/texlive/2016/texmf-dist/tex/latex/oberdiek/rerunfilecheck.sty
Package: rerunfilecheck 2016/05/16 v1.8 Rerun checks for auxiliary files (HO)
Package uniquecounter Info: New unique counter `rerunfilecheck' on input line 2
82.
))
(c:/texlive/2016/texmf-dist/tex/latex/beamer/beamerbaserequires.sty
(c:/texlive/2016/texmf-dist/tex/latex/beamer/beamerbasecompatibility.sty)
(c:/texlive/2016/texmf-dist/tex/latex/beamer/beamerbasefont.sty
(c:/texlive/2016/texmf-dist/tex/latex/amsfonts/amssymb.sty
Package: amssymb 2013/01/14 v3.01 AMS font symbols

(c:/texlive/2016/texmf-dist/tex/latex/amsfonts/amsfonts.sty
Package: amsfonts 2013/01/14 v3.01 Basic AMSFonts support
\@emptytoks=\toks26
\symAMSa=\mathgroup4
\symAMSb=\mathgroup5
LaTeX Font Info:    Overwriting math alphabet `\mathfrak' in version `bold'
(Font)                  U/euf/m/n --> U/euf/b/n on input line 106.
))
(c:/texlive/2016/texmf-dist/tex/latex/sansmathaccent/sansmathaccent.sty
Package: sansmathaccent 2013/03/28

(c:/texlive/2016/texmf-dist/tex/latex/filehook/filehook.sty
Package: filehook 2011/10/12 v0.5d Hooks for input files
)))
(c:/texlive/2016/texmf-dist/tex/latex/beamer/beamerbasetranslator.sty
(c:/texlive/2016/texmf-dist/tex/latex/beamer/translator/translator.sty
Package: translator 2010/06/12 ver 1.10

(c:/texlive/2016/texmf-dist/tex/latex/beamer/translator/translator-language-map
pings.tex))) (c:/texlive/2016/texmf-dist/tex/latex/beamer/beamerbasemisc.sty)
(c:/texlive/2016/texmf-dist/tex/latex/beamer/beamerbasetwoscreens.sty)
(c:/texlive/2016/texmf-dist/tex/latex/beamer/beamerbaseoverlay.sty
\beamer@argscount=\count127
\beamer@lastskipcover=\skip44
\beamer@trivlistdepth=\count128
)
(c:/texlive/2016/texmf-dist/tex/latex/beamer/beamerbasetitle.sty)
(c:/texlive/2016/texmf-dist/tex/latex/beamer/beamerbasesection.sty
\c@lecture=\count129
\c@part=\count130
\c@section=\count131
\c@subsection=\count132
\c@subsubsection=\count133
)
(c:/texlive/2016/texmf-dist/tex/latex/beamer/beamerbaseframe.sty
\beamer@framebox=\box40
\beamer@frametitlebox=\box41
\beamer@zoombox=\box42
\beamer@zoomcount=\count134
\beamer@zoomframecount=\count135
\beamer@frametextheight=\dimen168
\c@subsectionslide=\count136
\beamer@frametopskip=\skip45
\beamer@framebottomskip=\skip46
\beamer@frametopskipautobreak=\skip47
\beamer@framebottomskipautobreak=\skip48
\beamer@envbody=\toks27
\framewidth=\dimen169
\c@framenumber=\count137
)
(c:/texlive/2016/texmf-dist/tex/latex/beamer/beamerbaseverbatim.sty
\beamer@verbatimfileout=\write4
)
(c:/texlive/2016/texmf-dist/tex/latex/beamer/beamerbaseframesize.sty
\beamer@splitbox=\box43
\beamer@autobreakcount=\count138
\beamer@autobreaklastheight=\dimen170
\beamer@frametitletoks=\toks28
\beamer@framesubtitletoks=\toks29
)
(c:/texlive/2016/texmf-dist/tex/latex/beamer/beamerbaseframecomponents.sty
\beamer@footins=\box44
)
(c:/texlive/2016/texmf-dist/tex/latex/beamer/beamerbasecolor.sty)
(c:/texlive/2016/texmf-dist/tex/latex/beamer/beamerbasenotes.sty
\beamer@frameboxcopy=\box45
)
(c:/texlive/2016/texmf-dist/tex/latex/beamer/beamerbasetoc.sty)
(c:/texlive/2016/texmf-dist/tex/latex/beamer/beamerbasetemplates.sty
\beamer@sbttoks=\toks30

(c:/texlive/2016/texmf-dist/tex/latex/beamer/beamerbaseauxtemplates.sty
(c:/texlive/2016/texmf-dist/tex/latex/beamer/beamerbaseboxes.sty
\bmb@box=\box46
\bmb@colorbox=\box47
\bmb@boxshadow=\box48
\bmb@boxshadowball=\box49
\bmb@boxshadowballlarge=\box50
\bmb@temp=\dimen171
\bmb@dima=\dimen172
\bmb@dimb=\dimen173
\bmb@prevheight=\dimen174
)
\beamer@blockheadheight=\dimen175
))
(c:/texlive/2016/texmf-dist/tex/latex/beamer/beamerbaselocalstructure.sty
(c:/texlive/2016/texmf-dist/tex/latex/tools/enumerate.sty
Package: enumerate 2015/07/23 v3.00 enumerate extensions (DPC)
\@enLab=\toks31
)
\c@figure=\count139
\c@table=\count140
\abovecaptionskip=\skip49
\belowcaptionskip=\skip50
)
(c:/texlive/2016/texmf-dist/tex/latex/beamer/beamerbasenavigation.sty
\beamer@section@min@dim=\dimen176
)
(c:/texlive/2016/texmf-dist/tex/latex/beamer/beamerbasetheorems.sty
(c:/texlive/2016/texmf-dist/tex/latex/amsmath/amsmath.sty
Package: amsmath 2016/11/05 v2.16a AMS math features
\@mathmargin=\skip51

For additional information on amsmath, use the `?' option.
(c:/texlive/2016/texmf-dist/tex/latex/amsmath/amstext.sty
Package: amstext 2000/06/29 v2.01 AMS text

(c:/texlive/2016/texmf-dist/tex/latex/amsmath/amsgen.sty
File: amsgen.sty 1999/11/30 v2.0 generic functions
\@emptytoks=\toks32
\ex@=\dimen177
))
(c:/texlive/2016/texmf-dist/tex/latex/amsmath/amsbsy.sty
Package: amsbsy 1999/11/29 v1.2d Bold Symbols
\pmbraise@=\dimen178
)
(c:/texlive/2016/texmf-dist/tex/latex/amsmath/amsopn.sty
Package: amsopn 2016/03/08 v2.02 operator names
)
\inf@bad=\count141
LaTeX Info: Redefining \frac on input line 213.
\uproot@=\count142
\leftroot@=\count143
LaTeX Info: Redefining \overline on input line 375.
\classnum@=\count144
\DOTSCASE@=\count145
LaTeX Info: Redefining \ldots on input line 472.
LaTeX Info: Redefining \dots on input line 475.
LaTeX Info: Redefining \cdots on input line 596.
\Mathstrutbox@=\box51
\strutbox@=\box52
\big@size=\dimen179
LaTeX Font Info:    Redeclaring font encoding OML on input line 712.
LaTeX Font Info:    Redeclaring font encoding OMS on input line 713.
\macc@depth=\count146
\c@MaxMatrixCols=\count147
\dotsspace@=\muskip11
\c@parentequation=\count148
\dspbrk@lvl=\count149
\tag@help=\toks33
\row@=\count150
\column@=\count151
\maxfields@=\count152
\andhelp@=\toks34
\eqnshift@=\dimen180
\alignsep@=\dimen181
\tagshift@=\dimen182
\tagwidth@=\dimen183
\totwidth@=\dimen184
\lineht@=\dimen185
\@envbody=\toks35
\multlinegap=\skip52
\multlinetaggap=\skip53
\mathdisplay@stack=\toks36
LaTeX Info: Redefining \[ on input line 2817.
LaTeX Info: Redefining \] on input line 2818.
)
(c:/texlive/2016/texmf-dist/tex/latex/amscls/amsthm.sty
Package: amsthm 2015/03/04 v2.20.2
\thm@style=\toks37
\thm@bodyfont=\toks38
\thm@headfont=\toks39
\thm@notefont=\toks40
\thm@headpunct=\toks41
\thm@preskip=\skip54
\thm@postskip=\skip55
\thm@headsep=\skip56
\dth@everypar=\toks42
)
\c@theorem=\count153
)
(c:/texlive/2016/texmf-dist/tex/latex/beamer/beamerbasethemes.sty))
(c:/texlive/2016/texmf-dist/tex/latex/beamer/themes/theme/beamerthemedefault.st
y
(c:/texlive/2016/texmf-dist/tex/latex/beamer/themes/font/beamerfontthemedefault
.sty)
(c:/texlive/2016/texmf-dist/tex/latex/beamer/themes/color/beamercolorthemedefau
lt.sty)
(c:/texlive/2016/texmf-dist/tex/latex/beamer/themes/inner/beamerinnerthemedefau
lt.sty
\beamer@dima=\dimen186
\beamer@dimb=\dimen187
)
(c:/texlive/2016/texmf-dist/tex/latex/beamer/themes/outer/beamerouterthemedefau
lt.sty))) (c:/texlive/2016/texmf-dist/tex/latex/cjk/texinput/CJKutf8.sty
Package: CJKutf8 2015/04/18 4.8.4

(c:/texlive/2016/texmf-dist/tex/latex/base/inputenc.sty
Package: inputenc 2015/03/17 v1.2c Input encoding file
\inpenc@prehook=\toks43
\inpenc@posthook=\toks44

(c:/texlive/2016/texmf-dist/tex/latex/base/utf8.def
File: utf8.def 2016/02/28 v1.1s UTF-8 support for inputenc
Now handling font encoding OML ...
... no UTF-8 mapping file for font encoding OML
Now handling font encoding T1 ...
... processing UTF-8 mapping file for font encoding T1

(c:/texlive/2016/texmf-dist/tex/latex/base/t1enc.dfu
File: t1enc.dfu 2016/02/28 v1.1s UTF-8 support for inputenc
   defining Unicode char U+00A0 (decimal 160)
   defining Unicode char U+00A1 (decimal 161)
   defining Unicode char U+00A3 (decimal 163)
   defining Unicode char U+00AB (decimal 171)
   defining Unicode char U+00AD (decimal 173)
   defining Unicode char U+00BB (decimal 187)
   defining Unicode char U+00BF (decimal 191)
   defining Unicode char U+00C0 (decimal 192)
   defining Unicode char U+00C1 (decimal 193)
   defining Unicode char U+00C2 (decimal 194)
   defining Unicode char U+00C3 (decimal 195)
   defining Unicode char U+00C4 (decimal 196)
   defining Unicode char U+00C5 (decimal 197)
   defining Unicode char U+00C6 (decimal 198)
   defining Unicode char U+00C7 (decimal 199)
   defining Unicode char U+00C8 (decimal 200)
   defining Unicode char U+00C9 (decimal 201)
   defining Unicode char U+00CA (decimal 202)
   defining Unicode char U+00CB (decimal 203)
   defining Unicode char U+00CC (decimal 204)
   defining Unicode char U+00CD (decimal 205)
   defining Unicode char U+00CE (decimal 206)
   defining Unicode char U+00CF (decimal 207)
   defining Unicode char U+00D0 (decimal 208)
   defining Unicode char U+00D1 (decimal 209)
   defining Unicode char U+00D2 (decimal 210)
   defining Unicode char U+00D3 (decimal 211)
   defining Unicode char U+00D4 (decimal 212)
   defining Unicode char U+00D5 (decimal 213)
   defining Unicode char U+00D6 (decimal 214)
   defining Unicode char U+00D8 (decimal 216)
   defining Unicode char U+00D9 (decimal 217)
   defining Unicode char U+00DA (decimal 218)
   defining Unicode char U+00DB (decimal 219)
   defining Unicode char U+00DC (decimal 220)
   defining Unicode char U+00DD (decimal 221)
   defining Unicode char U+00DE (decimal 222)
   defining Unicode char U+00DF (decimal 223)
   defining Unicode char U+00E0 (decimal 224)
   defining Unicode char U+00E1 (decimal 225)
   defining Unicode char U+00E2 (decimal 226)
   defining Unicode char U+00E3 (decimal 227)
   defining Unicode char U+00E4 (decimal 228)
   defining Unicode char U+00E5 (decimal 229)
   defining Unicode char U+00E6 (decimal 230)
   defining Unicode char U+00E7 (decimal 231)
   defining Unicode char U+00E8 (decimal 232)
   defining Unicode char U+00E9 (decimal 233)
   defining Unicode char U+00EA (decimal 234)
   defining Unicode char U+00EB (decimal 235)
   defining Unicode char U+00EC (decimal 236)
   defining Unicode char U+00ED (decimal 237)
   defining Unicode char U+00EE (decimal 238)
   defining Unicode char U+00EF (decimal 239)
   defining Unicode char U+00F0 (decimal 240)
   defining Unicode char U+00F1 (decimal 241)
   defining Unicode char U+00F2 (decimal 242)
   defining Unicode char U+00F3 (decimal 243)
   defining Unicode char U+00F4 (decimal 244)
   defining Unicode char U+00F5 (decimal 245)
   defining Unicode char U+00F6 (decimal 246)
   defining Unicode char U+00F8 (decimal 248)
   defining Unicode char U+00F9 (decimal 249)
   defining Unicode char U+00FA (decimal 250)
   defining Unicode char U+00FB (decimal 251)
   defining Unicode char U+00FC (decimal 252)
   defining Unicode char U+00FD (decimal 253)
   defining Unicode char U+00FE (decimal 254)
   defining Unicode char U+00FF (decimal 255)
   defining Unicode char U+0100 (decimal 256)
   defining Unicode char U+0101 (decimal 257)
   defining Unicode char U+0102 (decimal 258)
   defining Unicode char U+0103 (decimal 259)
   defining Unicode char U+0104 (decimal 260)
   defining Unicode char U+0105 (decimal 261)
   defining Unicode char U+0106 (decimal 262)
   defining Unicode char U+0107 (decimal 263)
   defining Unicode char U+0108 (decimal 264)
   defining Unicode char U+0109 (decimal 265)
   defining Unicode char U+010A (decimal 266)
   defining Unicode char U+010B (decimal 267)
   defining Unicode char U+010C (decimal 268)
   defining Unicode char U+010D (decimal 269)
   defining Unicode char U+010E (decimal 270)
   defining Unicode char U+010F (decimal 271)
   defining Unicode char U+0110 (decimal 272)
   defining Unicode char U+0111 (decimal 273)
   defining Unicode char U+0112 (decimal 274)
   defining Unicode char U+0113 (decimal 275)
   defining Unicode char U+0114 (decimal 276)
   defining Unicode char U+0115 (decimal 277)
   defining Unicode char U+0116 (decimal 278)
   defining Unicode char U+0117 (decimal 279)
   defining Unicode char U+0118 (decimal 280)
   defining Unicode char U+0119 (decimal 281)
   defining Unicode char U+011A (decimal 282)
   defining Unicode char U+011B (decimal 283)
   defining Unicode char U+011C (decimal 284)
   defining Unicode char U+011D (decimal 285)
   defining Unicode char U+011E (decimal 286)
   defining Unicode char U+011F (decimal 287)
   defining Unicode char U+0120 (decimal 288)
   defining Unicode char U+0121 (decimal 289)
   defining Unicode char U+0122 (decimal 290)
   defining Unicode char U+0123 (decimal 291)
   defining Unicode char U+0124 (decimal 292)
   defining Unicode char U+0125 (decimal 293)
   defining Unicode char U+0128 (decimal 296)
   defining Unicode char U+0129 (decimal 297)
   defining Unicode char U+012A (decimal 298)
   defining Unicode char U+012B (decimal 299)
   defining Unicode char U+012C (decimal 300)
   defining Unicode char U+012D (decimal 301)
   defining Unicode char U+012E (decimal 302)
   defining Unicode char U+012F (decimal 303)
   defining Unicode char U+0130 (decimal 304)
   defining Unicode char U+0131 (decimal 305)
   defining Unicode char U+0132 (decimal 306)
   defining Unicode char U+0133 (decimal 307)
   defining Unicode char U+0134 (decimal 308)
   defining Unicode char U+0135 (decimal 309)
   defining Unicode char U+0136 (decimal 310)
   defining Unicode char U+0137 (decimal 311)
   defining Unicode char U+0139 (decimal 313)
   defining Unicode char U+013A (decimal 314)
   defining Unicode char U+013B (decimal 315)
   defining Unicode char U+013C (decimal 316)
   defining Unicode char U+013D (decimal 317)
   defining Unicode char U+013E (decimal 318)
   defining Unicode char U+0141 (decimal 321)
   defining Unicode char U+0142 (decimal 322)
   defining Unicode char U+0143 (decimal 323)
   defining Unicode char U+0144 (decimal 324)
   defining Unicode char U+0145 (decimal 325)
   defining Unicode char U+0146 (decimal 326)
   defining Unicode char U+0147 (decimal 327)
   defining Unicode char U+0148 (decimal 328)
   defining Unicode char U+014A (decimal 330)
   defining Unicode char U+014B (decimal 331)
   defining Unicode char U+014C (decimal 332)
   defining Unicode char U+014D (decimal 333)
   defining Unicode char U+014E (decimal 334)
   defining Unicode char U+014F (decimal 335)
   defining Unicode char U+0150 (decimal 336)
   defining Unicode char U+0151 (decimal 337)
   defining Unicode char U+0152 (decimal 338)
   defining Unicode char U+0153 (decimal 339)
   defining Unicode char U+0154 (decimal 340)
   defining Unicode char U+0155 (decimal 341)
   defining Unicode char U+0156 (decimal 342)
   defining Unicode char U+0157 (decimal 343)
   defining Unicode char U+0158 (decimal 344)
   defining Unicode char U+0159 (decimal 345)
   defining Unicode char U+015A (decimal 346)
   defining Unicode char U+015B (decimal 347)
   defining Unicode char U+015C (decimal 348)
   defining Unicode char U+015D (decimal 349)
   defining Unicode char U+015E (decimal 350)
   defining Unicode char U+015F (decimal 351)
   defining Unicode char U+0160 (decimal 352)
   defining Unicode char U+0161 (decimal 353)
   defining Unicode char U+0162 (decimal 354)
   defining Unicode char U+0163 (decimal 355)
   defining Unicode char U+0164 (decimal 356)
   defining Unicode char U+0165 (decimal 357)
   defining Unicode char U+0168 (decimal 360)
   defining Unicode char U+0169 (decimal 361)
   defining Unicode char U+016A (decimal 362)
   defining Unicode char U+016B (decimal 363)
   defining Unicode char U+016C (decimal 364)
   defining Unicode char U+016D (decimal 365)
   defining Unicode char U+016E (decimal 366)
   defining Unicode char U+016F (decimal 367)
   defining Unicode char U+0170 (decimal 368)
   defining Unicode char U+0171 (decimal 369)
   defining Unicode char U+0172 (decimal 370)
   defining Unicode char U+0173 (decimal 371)
   defining Unicode char U+0174 (decimal 372)
   defining Unicode char U+0175 (decimal 373)
   defining Unicode char U+0176 (decimal 374)
   defining Unicode char U+0177 (decimal 375)
   defining Unicode char U+0178 (decimal 376)
   defining Unicode char U+0179 (decimal 377)
   defining Unicode char U+017A (decimal 378)
   defining Unicode char U+017B (decimal 379)
   defining Unicode char U+017C (decimal 380)
   defining Unicode char U+017D (decimal 381)
   defining Unicode char U+017E (decimal 382)
   defining Unicode char U+01CD (decimal 461)
   defining Unicode char U+01CE (decimal 462)
   defining Unicode char U+01CF (decimal 463)
   defining Unicode char U+01D0 (decimal 464)
   defining Unicode char U+01D1 (decimal 465)
   defining Unicode char U+01D2 (decimal 466)
   defining Unicode char U+01D3 (decimal 467)
   defining Unicode char U+01D4 (decimal 468)
   defining Unicode char U+01E2 (decimal 482)
   defining Unicode char U+01E3 (decimal 483)
   defining Unicode char U+01E6 (decimal 486)
   defining Unicode char U+01E7 (decimal 487)
   defining Unicode char U+01E8 (decimal 488)
   defining Unicode char U+01E9 (decimal 489)
   defining Unicode char U+01EA (decimal 490)
   defining Unicode char U+01EB (decimal 491)
   defining Unicode char U+01F0 (decimal 496)
   defining Unicode char U+01F4 (decimal 500)
   defining Unicode char U+01F5 (decimal 501)
   defining Unicode char U+0218 (decimal 536)
   defining Unicode char U+0219 (decimal 537)
   defining Unicode char U+021A (decimal 538)
   defining Unicode char U+021B (decimal 539)
   defining Unicode char U+1E02 (decimal 7682)
   defining Unicode char U+1E03 (decimal 7683)
   defining Unicode char U+200C (decimal 8204)
   defining Unicode char U+2010 (decimal 8208)
   defining Unicode char U+2011 (decimal 8209)
   defining Unicode char U+2012 (decimal 8210)
   defining Unicode char U+2013 (decimal 8211)
   defining Unicode char U+2014 (decimal 8212)
   defining Unicode char U+2015 (decimal 8213)
   defining Unicode char U+2018 (decimal 8216)
   defining Unicode char U+2019 (decimal 8217)
   defining Unicode char U+201A (decimal 8218)
   defining Unicode char U+201C (decimal 8220)
   defining Unicode char U+201D (decimal 8221)
   defining Unicode char U+201E (decimal 8222)
   defining Unicode char U+2030 (decimal 8240)
   defining Unicode char U+2031 (decimal 8241)
   defining Unicode char U+2039 (decimal 8249)
   defining Unicode char U+203A (decimal 8250)
   defining Unicode char U+2423 (decimal 9251)
)
Now handling font encoding OT1 ...
... processing UTF-8 mapping file for font encoding OT1

(c:/texlive/2016/texmf-dist/tex/latex/base/ot1enc.dfu
File: ot1enc.dfu 2016/02/28 v1.1s UTF-8 support for inputenc
   defining Unicode char U+00A0 (decimal 160)
   defining Unicode char U+00A1 (decimal 161)
   defining Unicode char U+00A3 (decimal 163)
   defining Unicode char U+00AD (decimal 173)
   defining Unicode char U+00B8 (decimal 184)
   defining Unicode char U+00BF (decimal 191)
   defining Unicode char U+00C5 (decimal 197)
   defining Unicode char U+00C6 (decimal 198)
   defining Unicode char U+00D8 (decimal 216)
   defining Unicode char U+00DF (decimal 223)
   defining Unicode char U+00E6 (decimal 230)
   defining Unicode char U+00EC (decimal 236)
   defining Unicode char U+00ED (decimal 237)
   defining Unicode char U+00EE (decimal 238)
   defining Unicode char U+00EF (decimal 239)
   defining Unicode char U+00F8 (decimal 248)
   defining Unicode char U+0131 (decimal 305)
   defining Unicode char U+0141 (decimal 321)
   defining Unicode char U+0142 (decimal 322)
   defining Unicode char U+0152 (decimal 338)
   defining Unicode char U+0153 (decimal 339)
   defining Unicode char U+0174 (decimal 372)
   defining Unicode char U+0175 (decimal 373)
   defining Unicode char U+0176 (decimal 374)
   defining Unicode char U+0177 (decimal 375)
   defining Unicode char U+0218 (decimal 536)
   defining Unicode char U+0219 (decimal 537)
   defining Unicode char U+021A (decimal 538)
   defining Unicode char U+021B (decimal 539)
   defining Unicode char U+2013 (decimal 8211)
   defining Unicode char U+2014 (decimal 8212)
   defining Unicode char U+2018 (decimal 8216)
   defining Unicode char U+2019 (decimal 8217)
   defining Unicode char U+201C (decimal 8220)
   defining Unicode char U+201D (decimal 8221)
)
Now handling font encoding OMS ...
... processing UTF-8 mapping file for font encoding OMS

(c:/texlive/2016/texmf-dist/tex/latex/base/omsenc.dfu
File: omsenc.dfu 2016/02/28 v1.1s UTF-8 support for inputenc
   defining Unicode char U+00A7 (decimal 167)
   defining Unicode char U+00B6 (decimal 182)
   defining Unicode char U+00B7 (decimal 183)
   defining Unicode char U+2020 (decimal 8224)
   defining Unicode char U+2021 (decimal 8225)
   defining Unicode char U+2022 (decimal 8226)
)
Now handling font encoding OMX ...
... no UTF-8 mapping file for font encoding OMX
Now handling font encoding U ...
... no UTF-8 mapping file for font encoding U
Now handling font encoding PD1 ...
... no UTF-8 mapping file for font encoding PD1
   defining Unicode char U+00A9 (decimal 169)
   defining Unicode char U+00AA (decimal 170)
   defining Unicode char U+00AE (decimal 174)
   defining Unicode char U+00BA (decimal 186)
   defining Unicode char U+02C6 (decimal 710)
   defining Unicode char U+02DC (decimal 732)
   defining Unicode char U+200C (decimal 8204)
   defining Unicode char U+2026 (decimal 8230)
   defining Unicode char U+2122 (decimal 8482)
   defining Unicode char U+2423 (decimal 9251)
))
(c:/texlive/2016/texmf-dist/tex/latex/cjk/texinput/CJK.sty
Package: CJK 2015/04/18 4.8.4

(c:/texlive/2016/texmf-dist/tex/latex/cjk/texinput/mule/MULEenc.sty
Package: MULEenc 2015/04/18 4.8.4
)
(c:/texlive/2016/texmf-dist/tex/latex/cjk/texinput/CJK.enc
File: CJK.enc 2015/04/18 4.8.4
Now handling font encoding C00 ...
... no UTF-8 mapping file for font encoding C00
Now handling font encoding C05 ...
... no UTF-8 mapping file for font encoding C05
Now handling font encoding C09 ...
... no UTF-8 mapping file for font encoding C09
Now handling font encoding C10 ...
... no UTF-8 mapping file for font encoding C10
Now handling font encoding C20 ...
... no UTF-8 mapping file for font encoding C20
Now handling font encoding C19 ...
... no UTF-8 mapping file for font encoding C19
Now handling font encoding C40 ...
... no UTF-8 mapping file for font encoding C40
Now handling font encoding C42 ...
... no UTF-8 mapping file for font encoding C42
Now handling font encoding C43 ...
... no UTF-8 mapping file for font encoding C43
Now handling font encoding C50 ...
... no UTF-8 mapping file for font encoding C50
Now handling font encoding C52 ...
... no UTF-8 mapping file for font encoding C52
Now handling font encoding C49 ...
... no UTF-8 mapping file for font encoding C49
Now handling font encoding C60 ...
... no UTF-8 mapping file for font encoding C60
Now handling font encoding C61 ...
... no UTF-8 mapping file for font encoding C61
Now handling font encoding C63 ...
... no UTF-8 mapping file for font encoding C63
Now handling font encoding C64 ...
... no UTF-8 mapping file for font encoding C64
Now handling font encoding C65 ...
... no UTF-8 mapping file for font encoding C65
Now handling font encoding C70 ...
... no UTF-8 mapping file for font encoding C70
Now handling font encoding C31 ...
... no UTF-8 mapping file for font encoding C31
Now handling font encoding C32 ...
... no UTF-8 mapping file for font encoding C32
Now handling font encoding C33 ...
... no UTF-8 mapping file for font encoding C33
Now handling font encoding C34 ...
... no UTF-8 mapping file for font encoding C34
Now handling font encoding C35 ...
... no UTF-8 mapping file for font encoding C35
Now handling font encoding C36 ...
... no UTF-8 mapping file for font encoding C36
Now handling font encoding C37 ...
... no UTF-8 mapping file for font encoding C37
Now handling font encoding C80 ...
... no UTF-8 mapping file for font encoding C80
Now handling font encoding C81 ...
... no UTF-8 mapping file for font encoding C81
Now handling font encoding C01 ...
... no UTF-8 mapping file for font encoding C01
Now handling font encoding C11 ...
... no UTF-8 mapping file for font encoding C11
Now handling font encoding C21 ...
... no UTF-8 mapping file for font encoding C21
Now handling font encoding C41 ...
... no UTF-8 mapping file for font encoding C41
Now handling font encoding C62 ...
... no UTF-8 mapping file for font encoding C62
)
LaTeX Info: Redefining \selectfont on input line 755.
\CJK@indent=\box53
)
(c:/texlive/2016/texmf-dist/tex/latex/base/fontenc.sty
Package: fontenc 2017/01/24 v2.0c Standard LaTeX package
)) (./main.aux)
\openout1 = `main.aux'.

LaTeX Font Info:    Checking defaults for OML/cmm/m/it on input line 4.
LaTeX Font Info:    ... okay on input line 4.
LaTeX Font Info:    Checking defaults for T1/cmr/m/n on input line 4.
LaTeX Font Info:    ... okay on input line 4.
LaTeX Font Info:    Checking defaults for OT1/cmr/m/n on input line 4.
LaTeX Font Info:    ... okay on input line 4.
LaTeX Font Info:    Checking defaults for OMS/cmsy/m/n on input line 4.
LaTeX Font Info:    ... okay on input line 4.
LaTeX Font Info:    Checking defaults for OMX/cmex/m/n on input line 4.
LaTeX Font Info:    ... okay on input line 4.
LaTeX Font Info:    Checking defaults for U/cmr/m/n on input line 4.
LaTeX Font Info:    ... okay on input line 4.
LaTeX Font Info:    Checking defaults for PD1/pdf/m/n on input line 4.
LaTeX Font Info:    ... okay on input line 4.
LaTeX Font Info:    Checking defaults for C00/song/m/n on input line 4.
LaTeX Font Info:    ... okay on input line 4.
LaTeX Font Info:    Checking defaults for C05/song/m/n on input line 4.
LaTeX Font Info:    ... okay on input line 4.
LaTeX Font Info:    Checking defaults for C09/song/m/n on input line 4.
LaTeX Font Info:    ... okay on input line 4.
LaTeX Font Info:    Checking defaults for C10/song/m/n on input line 4.
LaTeX Font Info:    ... okay on input line 4.
LaTeX Font Info:    Checking defaults for C20/song/m/n on input line 4.
LaTeX Font Info:    ... okay on input line 4.
LaTeX Font Info:    Checking defaults for C19/song/m/n on input line 4.
LaTeX Font Info:    ... okay on input line 4.
LaTeX Font Info:    Checking defaults for C40/song/m/n on input line 4.
LaTeX Font Info:    ... okay on input line 4.
LaTeX Font Info:    Checking defaults for C42/song/m/n on input line 4.
LaTeX Font Info:    ... okay on input line 4.
LaTeX Font Info:    Checking defaults for C43/song/m/n on input line 4.
LaTeX Font Info:    ... okay on input line 4.
LaTeX Font Info:    Checking defaults for C50/song/m/n on input line 4.
LaTeX Font Info:    ... okay on input line 4.
LaTeX Font Info:    Checking defaults for C52/song/m/n on input line 4.
LaTeX Font Info:    ... okay on input line 4.
LaTeX Font Info:    Checking defaults for C49/song/m/n on input line 4.
LaTeX Font Info:    ... okay on input line 4.
LaTeX Font Info:    Checking defaults for C60/mj/m/n on input line 4.
LaTeX Font Info:    ... okay on input line 4.
LaTeX Font Info:    Checking defaults for C61/mj/m/n on input line 4.
LaTeX Font Info:    ... okay on input line 4.
LaTeX Font Info:    Checking defaults for C63/mj/m/n on input line 4.
LaTeX Font Info:    ... okay on input line 4.
LaTeX Font Info:    Checking defaults for C64/mj/m/n on input line 4.
LaTeX Font Info:    ... okay on input line 4.
LaTeX Font Info:    Checking defaults for C65/mj/m/n on input line 4.
LaTeX Font Info:    ... okay on input line 4.
LaTeX Font Info:    Checking defaults for C70/song/m/n on input line 4.
LaTeX Font Info:    ... okay on input line 4.
LaTeX Font Info:    Checking defaults for C31/song/m/n on input line 4.
LaTeX Font Info:    ... okay on input line 4.
LaTeX Font Info:    Checking defaults for C32/song/m/n on input line 4.
LaTeX Font Info:    ... okay on input line 4.
LaTeX Font Info:    Checking defaults for C33/song/m/n on input line 4.
LaTeX Font Info:    ... okay on input line 4.
LaTeX Font Info:    Checking defaults for C34/song/m/n on input line 4.
LaTeX Font Info:    ... okay on input line 4.
LaTeX Font Info:    Checking defaults for C35/song/m/n on input line 4.
LaTeX Font Info:    ... okay on input line 4.
LaTeX Font Info:    Checking defaults for C36/song/m/n on input line 4.
LaTeX Font Info:    ... okay on input line 4.
LaTeX Font Info:    Checking defaults for C37/song/m/n on input line 4.
LaTeX Font Info:    ... okay on input line 4.
LaTeX Font Info:    Checking defaults for C80/song/m/n on input line 4.
LaTeX Font Info:    ... okay on input line 4.
LaTeX Font Info:    Checking defaults for C81/song/m/n on input line 4.
LaTeX Font Info:    ... okay on input line 4.
LaTeX Font Info:    Checking defaults for C01/song/m/n on input line 4.
LaTeX Font Info:    ... okay on input line 4.
LaTeX Font Info:    Checking defaults for C11/song/m/n on input line 4.
LaTeX Font Info:    ... okay on input line 4.
LaTeX Font Info:    Checking defaults for C21/song/m/n on input line 4.
LaTeX Font Info:    ... okay on input line 4.
LaTeX Font Info:    Checking defaults for C41/song/m/n on input line 4.
LaTeX Font Info:    ... okay on input line 4.
LaTeX Font Info:    Checking defaults for C62/song/m/n on input line 4.
LaTeX Font Info:    ... okay on input line 4.

*geometry* driver: auto-detecting
*geometry* detected driver: pdftex
*geometry* verbose mode - [ preamble ] result:
* driver: pdftex
* paper: custom
* layout: <same size as paper>
* layoutoffset:(h,v)=(0.0pt,0.0pt)
* modes: includehead includefoot 
* h-part:(L,W,R)=(28.45274pt, 307.28987pt, 28.45274pt)
* v-part:(T,H,B)=(0.0pt, 273.14662pt, 0.0pt)
* \paperwidth=364.19536pt
* \paperheight=273.14662pt
* \textwidth=307.28987pt
* \textheight=244.6939pt
* \oddsidemargin=-43.81725pt
* \evensidemargin=-43.81725pt
* \topmargin=-72.26999pt
* \headheight=14.22636pt
* \headsep=0.0pt
* \topskip=11.0pt
* \footskip=14.22636pt
* \marginparwidth=4.0pt
* \marginparsep=10.0pt
* \columnsep=10.0pt
* \skip\footins=10.0pt plus 4.0pt minus 2.0pt
* \hoffset=0.0pt
* \voffset=0.0pt
* \mag=1000
* \@twocolumnfalse
* \@twosidefalse
* \@mparswitchfalse
* \@reversemarginfalse
* (1in=72.27pt=25.4mm, 1cm=28.453pt)

(c:/texlive/2016/texmf-dist/tex/context/base/mkii/supp-pdf.mkii
[Loading MPS to PDF converter (version 2006.09.02).]
\scratchcounter=\count154
\scratchdimen=\dimen188
\scratchbox=\box54
\nofMPsegments=\count155
\nofMParguments=\count156
\everyMPshowfont=\toks45
\MPscratchCnt=\count157
\MPscratchDim=\dimen189
\MPnumerator=\count158
\makeMPintoPDFobject=\count159
\everyMPtoPDFconversion=\toks46
) (c:/texlive/2016/texmf-dist/tex/latex/oberdiek/epstopdf-base.sty
Package: epstopdf-base 2016/05/15 v2.6 Base part for package epstopdf

(c:/texlive/2016/texmf-dist/tex/latex/oberdiek/grfext.sty
Package: grfext 2016/05/16 v1.2 Manage graphics extensions (HO)
)
Package epstopdf-base Info: Redefining graphics rule for `.eps' on input line 4
38.
Package grfext Info: Graphics extension search list:
(grfext)             [.png,.pdf,.jpg,.mps,.jpeg,.jbig2,.jb2,.PNG,.PDF,.JPG,.JPE
G,.JBIG2,.JB2,.eps]
(grfext)             \AppendGraphicsExtensions on input line 456.

(c:/texlive/2016/texmf-dist/tex/latex/latexconfig/epstopdf-sys.cfg
File: epstopdf-sys.cfg 2010/07/13 v1.3 Configuration of (r)epstopdf for TeX Liv
e
))
ABD: EveryShipout initializing macros
\AtBeginShipoutBox=\box55
Package hyperref Info: Link coloring OFF on input line 4.

(c:/texlive/2016/texmf-dist/tex/latex/hyperref/nameref.sty
Package: nameref 2016/05/21 v2.44 Cross-referencing by name of section

(c:/texlive/2016/texmf-dist/tex/generic/oberdiek/gettitlestring.sty
Package: gettitlestring 2016/05/16 v1.5 Cleanup title references (HO)
)
\c@section@level=\count160
)
LaTeX Info: Redefining \ref on input line 4.
LaTeX Info: Redefining \pageref on input line 4.
LaTeX Info: Redefining \nameref on input line 4.

(./main.out) (./main.out)
\@outlinefile=\write5
\openout5 = `main.out'.

LaTeX Font Info:    Overwriting symbol font `operators' in version `normal'
(Font)                  OT1/cmr/m/n --> OT1/cmss/m/n on input line 4.
LaTeX Font Info:    Overwriting symbol font `operators' in version `bold'
(Font)                  OT1/cmr/bx/n --> OT1/cmss/bx/n on input line 4.
\symnumbers=\mathgroup6
\sympureletters=\mathgroup7
LaTeX Font Info:    Overwriting math alphabet `\mathrm' in version `normal'
(Font)                  OT1/cmss/m/n --> OT1/cmr/m/n on input line 4.
LaTeX Font Info:    Redeclaring math alphabet \mathbf on input line 4.
LaTeX Font Info:    Overwriting math alphabet `\mathbf' in version `normal'
(Font)                  OT1/cmr/bx/n --> OT1/cmss/bx/n on input line 4.
LaTeX Font Info:    Overwriting math alphabet `\mathbf' in version `bold'
(Font)                  OT1/cmr/bx/n --> OT1/cmss/bx/n on input line 4.
LaTeX Font Info:    Redeclaring math alphabet \mathsf on input line 4.
LaTeX Font Info:    Overwriting math alphabet `\mathsf' in version `normal'
(Font)                  OT1/cmss/m/n --> OT1/cmss/m/n on input line 4.
LaTeX Font Info:    Overwriting math alphabet `\mathsf' in version `bold'
(Font)                  OT1/cmss/bx/n --> OT1/cmss/m/n on input line 4.
LaTeX Font Info:    Redeclaring math alphabet \mathit on input line 4.
LaTeX Font Info:    Overwriting math alphabet `\mathit' in version `normal'
(Font)                  OT1/cmr/m/it --> OT1/cmss/m/it on input line 4.
LaTeX Font Info:    Overwriting math alphabet `\mathit' in version `bold'
(Font)                  OT1/cmr/bx/it --> OT1/cmss/m/it on input line 4.
LaTeX Font Info:    Redeclaring math alphabet \mathtt on input line 4.
LaTeX Font Info:    Overwriting math alphabet `\mathtt' in version `normal'
(Font)                  OT1/cmtt/m/n --> OT1/cmtt/m/n on input line 4.
LaTeX Font Info:    Overwriting math alphabet `\mathtt' in version `bold'
(Font)                  OT1/cmtt/m/n --> OT1/cmtt/m/n on input line 4.
LaTeX Font Info:    Overwriting symbol font `numbers' in version `bold'
(Font)                  OT1/cmss/m/n --> OT1/cmss/bx/n on input line 4.
LaTeX Font Info:    Overwriting symbol font `pureletters' in version `bold'
(Font)                  OT1/cmss/m/it --> OT1/cmss/bx/it on input line 4.
LaTeX Font Info:    Overwriting math alphabet `\mathrm' in version `bold'
(Font)                  OT1/cmss/bx/n --> OT1/cmr/bx/n on input line 4.
LaTeX Font Info:    Overwriting math alphabet `\mathbf' in version `bold'
(Font)                  OT1/cmss/bx/n --> OT1/cmss/bx/n on input line 4.
LaTeX Font Info:    Overwriting math alphabet `\mathsf' in version `bold'
(Font)                  OT1/cmss/m/n --> OT1/cmss/bx/n on input line 4.
LaTeX Font Info:    Overwriting math alphabet `\mathit' in version `bold'
(Font)                  OT1/cmss/m/it --> OT1/cmss/bx/it on input line 4.
LaTeX Font Info:    Overwriting math alphabet `\mathtt' in version `bold'
(Font)                  OT1/cmtt/m/n --> OT1/cmtt/bx/n on input line 4.
LaTeX Font Info:    Redeclaring symbol font `pureletters' on input line 4.
LaTeX Font Info:    Overwriting symbol font `pureletters' in version `normal'
(Font)                  OT1/cmss/m/it --> OT1/mathkerncmss/m/sl on input line 4
.
LaTeX Font Info:    Overwriting symbol font `pureletters' in version `bold'
(Font)                  OT1/cmss/bx/it --> OT1/mathkerncmss/m/sl on input line 
4.
LaTeX Font Info:    Overwriting symbol font `pureletters' in version `bold'
(Font)                  OT1/mathkerncmss/m/sl --> OT1/mathkerncmss/bx/sl on inp
ut line 4.

(c:/texlive/2016/texmf-dist/tex/latex/beamer/translator/dicts/translator-basic-
dictionary/translator-basic-dictionary-English.dict
Dictionary: translator-basic-dictionary, Language: English 
)
(c:/texlive/2016/texmf-dist/tex/latex/beamer/translator/dicts/translator-biblio
graphy-dictionary/translator-bibliography-dictionary-English.dict
Dictionary: translator-bibliography-dictionary, Language: English 
)
(c:/texlive/2016/texmf-dist/tex/latex/beamer/translator/dicts/translator-enviro
nment-dictionary/translator-environment-dictionary-English.dict
Dictionary: translator-environment-dictionary, Language: English 
)
(c:/texlive/2016/texmf-dist/tex/latex/beamer/translator/dicts/translator-months
-dictionary/translator-months-dictionary-English.dict
Dictionary: translator-months-dictionary, Language: English 
)
(c:/texlive/2016/texmf-dist/tex/latex/beamer/translator/dicts/translator-number
s-dictionary/translator-numbers-dictionary-English.dict
Dictionary: translator-numbers-dictionary, Language: English 
)
(c:/texlive/2016/texmf-dist/tex/latex/beamer/translator/dicts/translator-theore
m-dictionary/translator-theorem-dictionary-English.dict
Dictionary: translator-theorem-dictionary, Language: English 
)
LaTeX Info: Redefining \includegraphics on input line 4.
 (./main.nav)
(c:/texlive/2016/texmf-dist/tex/latex/cjk/texinput/utf8/UTF8.bdg
File: UTF8.bdg 2015/04/18 4.8.4
)
(c:/texlive/2016/texmf-dist/tex/latex/cjk/texinput/utf8/UTF8.enc
File: UTF8.enc 2015/04/18 4.8.4
)
(c:/texlive/2016/texmf-dist/tex/latex/cjk/texinput/utf8/UTF8.chr
File: UTF8.chr 2015/04/18 4.8.4
)
\c@definition9.1.1=\count161
\c@definition9.1.2=\count162
\c@theorem9.1.1=\count163
\c@corollary9.1.1=\count164
\c@corollary9.1.2=\count165
\c@corollary9.1.3=\count166
\c@corollary9.1.4=\count167
\c@corollary9.1.5=\count168
\c@corollary9.1.6=\count169
\c@theorem9.2.1=\count170
\c@definition9.3.1=\count171
\c@definition9.3.2=\count172
\c@definition9.3.3=\count173
\c@definition9.3.4=\count174
\c@theorem9.3.1=\count175
\c@theorem9.3.2=\count176
\c@definition9.4.1=\count177
\c@definition9.4.2=\count178
\c@theorem9.4.1=\count179
\c@theorem9.4.2=\count180
\c@theorem9.4.3=\count181
\c@theorem9.4.4=\count182
\c@theorem9.4.5=\count183
\c@theorem9.4.6=\count184
\c@exercise1=\count185
\c@exercise2=\count186
\c@exercise3=\count187
\c@exercise4=\count188


Package hyperref Warning: Option `pdfauthor' has already been used,
(hyperref)                setting the option has no effect on input line 35.

LaTeX Font Info:    Try loading font information for C70+gbsn on input line 41.

(c:/texlive/2016/texmf-dist/tex/latex/cjk/texinput/utf8/c70gbsn.fd
File: c70gbsn.fd 2015/04/18 4.8.4
)
(c:/texlive/2016/texmf-dist/tex/latex/cjk/texinput/utf8/c70gbsn.fdx
File: c70gbsn.fdx 2015/04/18 4.8.4
)

LaTeX Font Warning: Font shape `OT1/cmss/m/n' in size <4> not available
(Font)              size <5> substituted on input line 41.

[1

{c:/texlive/2016/texmf-var/fonts/map/pdftex/updmap/pdftex.map}] [2

]
<Worldmap.png, id=103, 943.525pt x 416.55624pt>
File: Worldmap.png Graphic file (type png)
 <use Worldmap.png>
Package pdftex.def Info: Worldmap.png used on input line 57.
(pdftex.def)             Requested size: 142.25688pt x 85.35645pt.
 [3

 <./Worldmap.png>]
File: Worldmap.png Graphic file (type png)
 <use Worldmap.png>
Package pdftex.def Info: Worldmap.png used on input line 57.
(pdftex.def)             Requested size: 142.25688pt x 85.35645pt.
 [4

]
File: Worldmap.png Graphic file (type png)
 <use Worldmap.png>
Package pdftex.def Info: Worldmap.png used on input line 57.
(pdftex.def)             Requested size: 142.25688pt x 85.35645pt.
 [5

]
File: Worldmap.png Graphic file (type png)
 <use Worldmap.png>
Package pdftex.def Info: Worldmap.png used on input line 57.
(pdftex.def)             Requested size: 142.25688pt x 85.35645pt.

[6

]

LaTeX Font Warning: Font shape `C70/gbsn/m/it' undefined
(Font)              using `C70/gbsn/m/n' instead on input line 81.

LaTeX Font Info:    Try loading font information for U+msa on input line 81.
(c:/texlive/2016/texmf-dist/tex/latex/amsfonts/umsa.fd
File: umsa.fd 2013/01/14 v3.01 AMS symbols A
)
LaTeX Font Info:    Try loading font information for U+msb on input line 81.

(c:/texlive/2016/texmf-dist/tex/latex/amsfonts/umsb.fd
File: umsb.fd 2013/01/14 v3.01 AMS symbols B
)
LaTeX Font Info:    Try loading font information for OT1+mathkerncmss on input 
line 81.

(c:/texlive/2016/texmf-dist/tex/latex/sansmathaccent/ot1mathkerncmss.fd
File: ot1mathkerncmss.fd 2013/03/27 Fontinst v1.933 font definitions for OT1/ma
thkerncmss.
)
[7

] [8

]
Package epstopdf Info: Source file: <k5.eps>
(epstopdf)                    date: 2016-10-23 09:53:18
(epstopdf)                    size: 5303 bytes
(epstopdf)             Output file: <k5-eps-converted-to.pdf>
(epstopdf)                    date: 2016-10-23 09:53:56
(epstopdf)                    size: 3060 bytes
(epstopdf)             Command: <repstopdf --outfile=k5-eps-converted-to.pdf k5
.eps>
(epstopdf)             \includegraphics on input line 108.
Package epstopdf Info: Output file is already uptodate.
 <k5-eps-converted-to.pdf, id=302, 298.11375pt x 289.08pt>
File: k5-eps-converted-to.pdf Graphic file (type pdf)

<use k5-eps-converted-to.pdf>
Package pdftex.def Info: k5-eps-converted-to.pdf used on input line 108.
(pdftex.def)             Requested size: 113.81206pt x 85.35725pt.
Package epstopdf Info: Source file: <k33.eps>
(epstopdf)                    date: 2016-10-23 09:46:08
(epstopdf)                    size: 5904 bytes
(epstopdf)             Output file: <k33-eps-converted-to.pdf>
(epstopdf)                    date: 2016-10-23 09:53:56
(epstopdf)                    size: 3109 bytes
(epstopdf)             Command: <repstopdf --outfile=k33-eps-converted-to.pdf k
33.eps>
(epstopdf)             \includegraphics on input line 108.
Package epstopdf Info: Output file is already uptodate.

<k33-eps-converted-to.pdf, id=303, 296.10625pt x 170.6375pt>
File: k33-eps-converted-to.pdf Graphic file (type pdf)

<use k33-eps-converted-to.pdf>
Package pdftex.def Info: k33-eps-converted-to.pdf used on input line 108.
(pdftex.def)             Requested size: 113.80922pt x 85.36018pt.
 [9

 <./k5-eps-converted-to.pdf> <./k33-eps-converted-to.pdf> <c:/texlive/2016/texm
f-dist/tex/latex/beamer/art/beamericonarticle.pdf>]
Package epstopdf Info: Source file: <k5.eps>
(epstopdf)                    date: 2016-10-23 09:53:18
(epstopdf)                    size: 5303 bytes
(epstopdf)             Output file: <k5-eps-converted-to.pdf>
(epstopdf)                    date: 2016-10-23 09:53:56
(epstopdf)                    size: 3060 bytes
(epstopdf)             Command: <repstopdf --outfile=k5-eps-converted-to.pdf k5
.eps>
(epstopdf)             \includegraphics on input line 108.
Package epstopdf Info: Output file is already uptodate.
File: k5-eps-converted-to.pdf Graphic file (type pdf)
 <use k5-eps-converted-to.pdf>
Package pdftex.def Info: k5-eps-converted-to.pdf used on input line 108.
(pdftex.def)             Requested size: 113.81206pt x 85.35725pt.
Package epstopdf Info: Source file: <k33.eps>
(epstopdf)                    date: 2016-10-23 09:46:08
(epstopdf)                    size: 5904 bytes
(epstopdf)             Output file: <k33-eps-converted-to.pdf>
(epstopdf)                    date: 2016-10-23 09:53:56
(epstopdf)                    size: 3109 bytes
(epstopdf)             Command: <repstopdf --outfile=k33-eps-converted-to.pdf k
33.eps>
(epstopdf)             \includegraphics on input line 108.
Package epstopdf Info: Output file is already uptodate.
File: k33-eps-converted-to.pdf Graphic file (type pdf)
 <use k33-eps-converted-to.pdf>
Package pdftex.def Info: k33-eps-converted-to.pdf used on input line 108.
(pdftex.def)             Requested size: 113.80922pt x 85.36018pt.
 [10

]
Package epstopdf Info: Source file: <k5.eps>
(epstopdf)                    date: 2016-10-23 09:53:18
(epstopdf)                    size: 5303 bytes
(epstopdf)             Output file: <k5-eps-converted-to.pdf>
(epstopdf)                    date: 2016-10-23 09:53:56
(epstopdf)                    size: 3060 bytes
(epstopdf)             Command: <repstopdf --outfile=k5-eps-converted-to.pdf k5
.eps>
(epstopdf)             \includegraphics on input line 108.
Package epstopdf Info: Output file is already uptodate.
File: k5-eps-converted-to.pdf Graphic file (type pdf)

<use k5-eps-converted-to.pdf>
Package pdftex.def Info: k5-eps-converted-to.pdf used on input line 108.
(pdftex.def)             Requested size: 113.81206pt x 85.35725pt.
Package epstopdf Info: Source file: <k33.eps>
(epstopdf)                    date: 2016-10-23 09:46:08
(epstopdf)                    size: 5904 bytes
(epstopdf)             Output file: <k33-eps-converted-to.pdf>
(epstopdf)                    date: 2016-10-23 09:53:56
(epstopdf)                    size: 3109 bytes
(epstopdf)             Command: <repstopdf --outfile=k33-eps-converted-to.pdf k
33.eps>
(epstopdf)             \includegraphics on input line 108.
Package epstopdf Info: Output file is already uptodate.
File: k33-eps-converted-to.pdf Graphic file (type pdf)
 <use k33-eps-converted-to.pdf>
Package pdftex.def Info: k33-eps-converted-to.pdf used on input line 108.
(pdftex.def)             Requested size: 113.80922pt x 85.36018pt.
 [11

]
Package epstopdf Info: Source file: <k5.eps>
(epstopdf)                    date: 2016-10-23 09:53:18
(epstopdf)                    size: 5303 bytes
(epstopdf)             Output file: <k5-eps-converted-to.pdf>
(epstopdf)                    date: 2016-10-23 09:53:56
(epstopdf)                    size: 3060 bytes
(epstopdf)             Command: <repstopdf --outfile=k5-eps-converted-to.pdf k5
.eps>
(epstopdf)             \includegraphics on input line 108.
Package epstopdf Info: Output file is already uptodate.
File: k5-eps-converted-to.pdf Graphic file (type pdf)

<use k5-eps-converted-to.pdf>
Package pdftex.def Info: k5-eps-converted-to.pdf used on input line 108.
(pdftex.def)             Requested size: 113.81206pt x 85.35725pt.
Package epstopdf Info: Source file: <k33.eps>
(epstopdf)                    date: 2016-10-23 09:46:08
(epstopdf)                    size: 5904 bytes
(epstopdf)             Output file: <k33-eps-converted-to.pdf>
(epstopdf)                    date: 2016-10-23 09:53:56
(epstopdf)                    size: 3109 bytes
(epstopdf)             Command: <repstopdf --outfile=k33-eps-converted-to.pdf k
33.eps>
(epstopdf)             \includegraphics on input line 108.
Package epstopdf Info: Output file is already uptodate.
File: k33-eps-converted-to.pdf Graphic file (type pdf)
 <use k33-eps-converted-to.pdf>
Package pdftex.def Info: k33-eps-converted-to.pdf used on input line 108.
(pdftex.def)             Requested size: 113.80922pt x 85.36018pt.
 [12

]
Package epstopdf Info: Source file: <face.eps>
(epstopdf)                    date: 2016-10-23 09:41:56
(epstopdf)                    size: 8281 bytes
(epstopdf)             Output file: <face-eps-converted-to.pdf>
(epstopdf)                    date: 2016-10-23 09:53:56
(epstopdf)                    size: 4349 bytes
(epstopdf)             Command: <repstopdf --outfile=face-eps-converted-to.pdf 
face.eps>
(epstopdf)             \includegraphics on input line 116.
Package epstopdf Info: Output file is already uptodate.

<face-eps-converted-to.pdf, id=420, 359.3425pt x 323.2075pt>
File: face-eps-converted-to.pdf Graphic file (type pdf)

<use face-eps-converted-to.pdf>
Package pdftex.def Info: face-eps-converted-to.pdf used on input line 116.
(pdftex.def)             Requested size: 113.80759pt x 85.3586pt.
 [13

 <./face-eps-converted-to.pdf>]
Package epstopdf Info: Source file: <euler.eps>
(epstopdf)                    date: 2016-10-23 10:42:32
(epstopdf)                    size: 10422 bytes
(epstopdf)             Output file: <euler-eps-converted-to.pdf>
(epstopdf)                    date: 2016-10-23 10:47:32
(epstopdf)                    size: 4186 bytes
(epstopdf)             Command: <repstopdf --outfile=euler-eps-converted-to.pdf
 euler.eps>
(epstopdf)             \includegraphics on input line 126.
Package epstopdf Info: Output file is already uptodate.

<euler-eps-converted-to.pdf, id=456, 292.09125pt x 233.87375pt>
File: euler-eps-converted-to.pdf Graphic file (type pdf)

<use euler-eps-converted-to.pdf>
Package pdftex.def Info: euler-eps-converted-to.pdf used on input line 126.
(pdftex.def)             Requested size: 113.8126pt x 85.35783pt.
 [14

 <./euler-eps-converted-to.pdf>]
Package epstopdf Info: Source file: <euler1.eps>
(epstopdf)                    date: 2016-10-23 10:35:18
(epstopdf)                    size: 10350 bytes
(epstopdf)             Output file: <euler1-eps-converted-to.pdf>
(epstopdf)                    date: 2016-10-23 10:39:00
(epstopdf)                    size: 4170 bytes
(epstopdf)             Command: <repstopdf --outfile=euler1-eps-converted-to.pd
f euler1.eps>
(epstopdf)             \includegraphics on input line 137.
Package epstopdf Info: Output file is already uptodate.

<euler1-eps-converted-to.pdf, id=487, 292.09125pt x 233.87375pt>
File: euler1-eps-converted-to.pdf Graphic file (type pdf)

<use euler1-eps-converted-to.pdf>
Package pdftex.def Info: euler1-eps-converted-to.pdf used on input line 137.
(pdftex.def)             Requested size: 113.8126pt x 85.35783pt.
 [15

 <./euler1-eps-converted-to.pdf>]
Package epstopdf Info: Source file: <euler2.eps>
(epstopdf)                    date: 2016-10-23 10:18:56
(epstopdf)                    size: 10284 bytes
(epstopdf)             Output file: <euler2-eps-converted-to.pdf>
(epstopdf)                    date: 2016-10-23 10:39:00
(epstopdf)                    size: 4154 bytes
(epstopdf)             Command: <repstopdf --outfile=euler2-eps-converted-to.pd
f euler2.eps>
(epstopdf)             \includegraphics on input line 147.
Package epstopdf Info: Output file is already uptodate.

<euler2-eps-converted-to.pdf, id=515, 292.09125pt x 233.87375pt>
File: euler2-eps-converted-to.pdf Graphic file (type pdf)

<use euler2-eps-converted-to.pdf>
Package pdftex.def Info: euler2-eps-converted-to.pdf used on input line 147.
(pdftex.def)             Requested size: 113.8126pt x 85.35783pt.
 [16

 <./euler2-eps-converted-to.pdf>]
Package epstopdf Info: Source file: <euler3.eps>
(epstopdf)                    date: 2016-10-23 10:36:24
(epstopdf)                    size: 10186 bytes
(epstopdf)             Output file: <euler3-eps-converted-to.pdf>
(epstopdf)                    date: 2016-10-23 10:39:00
(epstopdf)                    size: 4132 bytes
(epstopdf)             Command: <repstopdf --outfile=euler3-eps-converted-to.pd
f euler3.eps>
(epstopdf)             \includegraphics on input line 157.
Package epstopdf Info: Output file is already uptodate.

<euler3-eps-converted-to.pdf, id=544, 292.09125pt x 233.87375pt>
File: euler3-eps-converted-to.pdf Graphic file (type pdf)

<use euler3-eps-converted-to.pdf>
Package pdftex.def Info: euler3-eps-converted-to.pdf used on input line 157.
(pdftex.def)             Requested size: 113.8126pt x 85.35783pt.
 [17

 <./euler3-eps-converted-to.pdf>]
Package epstopdf Info: Source file: <euler4.eps>
(epstopdf)                    date: 2016-10-23 10:52:46
(epstopdf)                    size: 10217 bytes
(epstopdf)             Output file: <euler4-eps-converted-to.pdf>
(epstopdf)                    date: 2016-10-23 10:52:54
(epstopdf)                    size: 4153 bytes
(epstopdf)             Command: <repstopdf --outfile=euler4-eps-converted-to.pd
f euler4.eps>
(epstopdf)             \includegraphics on input line 167.
Package epstopdf Info: Output file is already uptodate.

<euler4-eps-converted-to.pdf, id=572, 292.09125pt x 233.87375pt>
File: euler4-eps-converted-to.pdf Graphic file (type pdf)

<use euler4-eps-converted-to.pdf>
Package pdftex.def Info: euler4-eps-converted-to.pdf used on input line 167.
(pdftex.def)             Requested size: 113.8126pt x 85.35783pt.
 [18

 <./euler4-eps-converted-to.pdf>]
Package epstopdf Info: Source file: <euler5.eps>
(epstopdf)                    date: 2016-10-23 10:54:14
(epstopdf)                    size: 10152 bytes
(epstopdf)             Output file: <euler5-eps-converted-to.pdf>
(epstopdf)                    date: 2016-10-23 10:54:30
(epstopdf)                    size: 4134 bytes
(epstopdf)             Command: <repstopdf --outfile=euler5-eps-converted-to.pd
f euler5.eps>
(epstopdf)             \includegraphics on input line 177.
Package epstopdf Info: Output file is already uptodate.

<euler5-eps-converted-to.pdf, id=600, 292.09125pt x 233.87375pt>
File: euler5-eps-converted-to.pdf Graphic file (type pdf)

<use euler5-eps-converted-to.pdf>
Package pdftex.def Info: euler5-eps-converted-to.pdf used on input line 177.
(pdftex.def)             Requested size: 113.8126pt x 85.35783pt.
 [19

 <./euler5-eps-converted-to.pdf>]
Package epstopdf Info: Source file: <euler6.eps>
(epstopdf)                    date: 2016-10-23 10:56:50
(epstopdf)                    size: 10086 bytes
(epstopdf)             Output file: <euler6-eps-converted-to.pdf>
(epstopdf)                    date: 2016-10-23 10:57:20
(epstopdf)                    size: 4128 bytes
(epstopdf)             Command: <repstopdf --outfile=euler6-eps-converted-to.pd
f euler6.eps>
(epstopdf)             \includegraphics on input line 188.
Package epstopdf Info: Output file is already uptodate.

<euler6-eps-converted-to.pdf, id=629, 292.09125pt x 233.87375pt>
File: euler6-eps-converted-to.pdf Graphic file (type pdf)

<use euler6-eps-converted-to.pdf>
Package pdftex.def Info: euler6-eps-converted-to.pdf used on input line 188.
(pdftex.def)             Requested size: 113.8126pt x 85.35783pt.
 [20

 <./euler6-eps-converted-to.pdf>] [21

]
[22

] [23

] [24

]
Package epstopdf Info: Source file: <k5.eps>
(epstopdf)                    date: 2016-10-23 09:53:18
(epstopdf)                    size: 5303 bytes
(epstopdf)             Output file: <k5-eps-converted-to.pdf>
(epstopdf)                    date: 2016-10-23 09:53:56
(epstopdf)                    size: 3060 bytes
(epstopdf)             Command: <repstopdf --outfile=k5-eps-converted-to.pdf k5
.eps>
(epstopdf)             \includegraphics on input line 230.
Package epstopdf Info: Output file is already uptodate.
File: k5-eps-converted-to.pdf Graphic file (type pdf)
 <use k5-eps-converted-to.pdf>
Package pdftex.def Info: k5-eps-converted-to.pdf used on input line 230.
(pdftex.def)             Requested size: 113.81206pt x 85.35725pt.
Package epstopdf Info: Source file: <k33.eps>
(epstopdf)                    date: 2016-10-23 09:46:08
(epstopdf)                    size: 5904 bytes
(epstopdf)             Output file: <k33-eps-converted-to.pdf>
(epstopdf)                    date: 2016-10-23 09:53:56
(epstopdf)                    size: 3109 bytes
(epstopdf)             Command: <repstopdf --outfile=k33-eps-converted-to.pdf k
33.eps>
(epstopdf)             \includegraphics on input line 230.
Package epstopdf Info: Output file is already uptodate.
File: k33-eps-converted-to.pdf Graphic file (type pdf)
 <use k33-eps-converted-to.pdf>
Package pdftex.def Info: k33-eps-converted-to.pdf used on input line 230.
(pdftex.def)             Requested size: 113.80922pt x 85.36018pt.

[25

] [26

] [27

] [28

] [29

] [30

]
Overfull \hbox (25.35085pt too wide) in paragraph at lines 277--277
[]  
 []

[31

] [32

] [33

] [34

] [35

]
Package epstopdf Info: Source file: <pentagon.eps>
(epstopdf)                    date: 2016-09-15 17:47:52
(epstopdf)                    size: 5029 bytes
(epstopdf)             Output file: <pentagon-eps-converted-to.pdf>
(epstopdf)                    date: 2016-09-15 17:48:36
(epstopdf)                    size: 2993 bytes
(epstopdf)             Command: <repstopdf --outfile=pentagon-eps-converted-to.
pdf pentagon.eps>
(epstopdf)             \includegraphics on input line 329.
Package epstopdf Info: Output file is already uptodate.

<pentagon-eps-converted-to.pdf, id=1069, 298.11375pt x 289.08pt>
File: pentagon-eps-converted-to.pdf Graphic file (type pdf)

<use pentagon-eps-converted-to.pdf>
Package pdftex.def Info: pentagon-eps-converted-to.pdf used on input line 329.
(pdftex.def)             Requested size: 113.81206pt x 85.35725pt.
 [36

 <./pentagon-eps-converted-to.pdf>]
Package epstopdf Info: Source file: <pentagon1.eps>
(epstopdf)                    date: 2016-09-15 17:50:32
(epstopdf)                    size: 5034 bytes
(epstopdf)             Output file: <pentagon1-eps-converted-to.pdf>
(epstopdf)                    date: 2016-09-15 17:57:18
(epstopdf)                    size: 2999 bytes
(epstopdf)             Command: <repstopdf --outfile=pentagon1-eps-converted-to
.pdf pentagon1.eps>
(epstopdf)             \includegraphics on input line 343.
Package epstopdf Info: Output file is already uptodate.

<pentagon1-eps-converted-to.pdf, id=1097, 298.11375pt x 289.08pt>
File: pentagon1-eps-converted-to.pdf Graphic file (type pdf)

<use pentagon1-eps-converted-to.pdf>
Package pdftex.def Info: pentagon1-eps-converted-to.pdf used on input line 343.

(pdftex.def)             Requested size: 113.81206pt x 85.35725pt.
 [37

 <./pentagon1-eps-converted-to.pdf>]
Package epstopdf Info: Source file: <pentagon2.eps>
(epstopdf)                    date: 2016-09-15 17:52:42
(epstopdf)                    size: 5039 bytes
(epstopdf)             Output file: <pentagon2-eps-converted-to.pdf>
(epstopdf)                    date: 2016-09-15 17:57:18
(epstopdf)                    size: 3004 bytes
(epstopdf)             Command: <repstopdf --outfile=pentagon2-eps-converted-to
.pdf pentagon2.eps>
(epstopdf)             \includegraphics on input line 356.
Package epstopdf Info: Output file is already uptodate.

<pentagon2-eps-converted-to.pdf, id=1127, 298.11375pt x 289.08pt>
File: pentagon2-eps-converted-to.pdf Graphic file (type pdf)

<use pentagon2-eps-converted-to.pdf>
Package pdftex.def Info: pentagon2-eps-converted-to.pdf used on input line 356.

(pdftex.def)             Requested size: 113.81206pt x 85.35725pt.
 [38

 <./pentagon2-eps-converted-to.pdf>]
Package epstopdf Info: Source file: <pentagon3.eps>
(epstopdf)                    date: 2016-09-15 17:53:44
(epstopdf)                    size: 5044 bytes
(epstopdf)             Output file: <pentagon3-eps-converted-to.pdf>
(epstopdf)                    date: 2016-09-15 17:57:20
(epstopdf)                    size: 3005 bytes
(epstopdf)             Command: <repstopdf --outfile=pentagon3-eps-converted-to
.pdf pentagon3.eps>
(epstopdf)             \includegraphics on input line 370.
Package epstopdf Info: Output file is already uptodate.

<pentagon3-eps-converted-to.pdf, id=1155, 298.11375pt x 289.08pt>
File: pentagon3-eps-converted-to.pdf Graphic file (type pdf)

<use pentagon3-eps-converted-to.pdf>
Package pdftex.def Info: pentagon3-eps-converted-to.pdf used on input line 370.

(pdftex.def)             Requested size: 113.81206pt x 85.35725pt.
 [39

 <./pentagon3-eps-converted-to.pdf>]
Package epstopdf Info: Source file: <pentagon4.eps>
(epstopdf)                    date: 2016-09-15 17:54:40
(epstopdf)                    size: 5049 bytes
(epstopdf)             Output file: <pentagon4-eps-converted-to.pdf>
(epstopdf)                    date: 2016-09-15 17:57:20
(epstopdf)                    size: 3007 bytes
(epstopdf)             Command: <repstopdf --outfile=pentagon4-eps-converted-to
.pdf pentagon4.eps>
(epstopdf)             \includegraphics on input line 383.
Package epstopdf Info: Output file is already uptodate.

<pentagon4-eps-converted-to.pdf, id=1183, 298.11375pt x 289.08pt>
File: pentagon4-eps-converted-to.pdf Graphic file (type pdf)

<use pentagon4-eps-converted-to.pdf>
Package pdftex.def Info: pentagon4-eps-converted-to.pdf used on input line 383.

(pdftex.def)             Requested size: 113.81206pt x 85.35725pt.
 [40

 <./pentagon4-eps-converted-to.pdf>]
Package epstopdf Info: Source file: <pentagon5.eps>
(epstopdf)                    date: 2016-09-15 17:55:20
(epstopdf)                    size: 5054 bytes
(epstopdf)             Output file: <pentagon5-eps-converted-to.pdf>
(epstopdf)                    date: 2016-09-15 17:57:20
(epstopdf)                    size: 3005 bytes
(epstopdf)             Command: <repstopdf --outfile=pentagon5-eps-converted-to
.pdf pentagon5.eps>
(epstopdf)             \includegraphics on input line 396.
Package epstopdf Info: Output file is already uptodate.

<pentagon5-eps-converted-to.pdf, id=1212, 298.11375pt x 289.08pt>
File: pentagon5-eps-converted-to.pdf Graphic file (type pdf)

<use pentagon5-eps-converted-to.pdf>
Package pdftex.def Info: pentagon5-eps-converted-to.pdf used on input line 396.

(pdftex.def)             Requested size: 113.81206pt x 85.35725pt.
 [41

 <./pentagon5-eps-converted-to.pdf>]
Package epstopdf Info: Source file: <pentagon5.eps>
(epstopdf)                    date: 2016-09-15 17:55:20
(epstopdf)                    size: 5054 bytes
(epstopdf)             Output file: <pentagon5-eps-converted-to.pdf>
(epstopdf)                    date: 2016-09-15 17:57:20
(epstopdf)                    size: 3005 bytes
(epstopdf)             Command: <repstopdf --outfile=pentagon5-eps-converted-to
.pdf pentagon5.eps>
(epstopdf)             \includegraphics on input line 410.
Package epstopdf Info: Output file is already uptodate.
File: pentagon5-eps-converted-to.pdf Graphic file (type pdf)

<use pentagon5-eps-converted-to.pdf>
Package pdftex.def Info: pentagon5-eps-converted-to.pdf used on input line 410.

(pdftex.def)             Requested size: 113.81206pt x 85.35725pt.
Package epstopdf Info: Source file: <color2.eps>
(epstopdf)                    date: 2016-09-15 17:27:18
(epstopdf)                    size: 12756 bytes
(epstopdf)             Output file: <color2-eps-converted-to.pdf>
(epstopdf)                    date: 2016-09-15 17:28:48
(epstopdf)                    size: 4356 bytes
(epstopdf)             Command: <repstopdf --outfile=color2-eps-converted-to.pd
f color2.eps>
(epstopdf)             \includegraphics on input line 410.
Package epstopdf Info: Output file is already uptodate.

<color2-eps-converted-to.pdf, id=1240, 449.68pt x 271.0125pt>
File: color2-eps-converted-to.pdf Graphic file (type pdf)

<use color2-eps-converted-to.pdf>
Package pdftex.def Info: color2-eps-converted-to.pdf used on input line 410.
(pdftex.def)             Requested size: 113.8126pt x 85.35698pt.
 [42

 <./color2-eps-converted-to.pdf>]
Package epstopdf Info: Source file: <pentagon5.eps>
(epstopdf)                    date: 2016-09-15 17:55:20
(epstopdf)                    size: 5054 bytes
(epstopdf)             Output file: <pentagon5-eps-converted-to.pdf>
(epstopdf)                    date: 2016-09-15 17:57:20
(epstopdf)                    size: 3005 bytes
(epstopdf)             Command: <repstopdf --outfile=pentagon5-eps-converted-to
.pdf pentagon5.eps>
(epstopdf)             \includegraphics on input line 423.
Package epstopdf Info: Output file is already uptodate.
File: pentagon5-eps-converted-to.pdf Graphic file (type pdf)

<use pentagon5-eps-converted-to.pdf>
Package pdftex.def Info: pentagon5-eps-converted-to.pdf used on input line 423.

(pdftex.def)             Requested size: 113.81206pt x 85.35725pt.
Package epstopdf Info: Source file: <color21.eps>
(epstopdf)                    date: 2016-09-15 17:30:46
(epstopdf)                    size: 12761 bytes
(epstopdf)             Output file: <color21-eps-converted-to.pdf>
(epstopdf)                    date: 2016-09-15 17:31:22
(epstopdf)                    size: 4360 bytes
(epstopdf)             Command: <repstopdf --outfile=color21-eps-converted-to.p
df color21.eps>
(epstopdf)             \includegraphics on input line 423.
Package epstopdf Info: Output file is already uptodate.

<color21-eps-converted-to.pdf, id=1268, 449.68pt x 271.0125pt>
File: color21-eps-converted-to.pdf Graphic file (type pdf)

<use color21-eps-converted-to.pdf>
Package pdftex.def Info: color21-eps-converted-to.pdf used on input line 423.
(pdftex.def)             Requested size: 113.8126pt x 85.35698pt.
 [43

 <./color21-eps-converted-to.pdf>]
Package epstopdf Info: Source file: <pentagon5.eps>
(epstopdf)                    date: 2016-09-15 17:55:20
(epstopdf)                    size: 5054 bytes
(epstopdf)             Output file: <pentagon5-eps-converted-to.pdf>
(epstopdf)                    date: 2016-09-15 17:57:20
(epstopdf)                    size: 3005 bytes
(epstopdf)             Command: <repstopdf --outfile=pentagon5-eps-converted-to
.pdf pentagon5.eps>
(epstopdf)             \includegraphics on input line 437.
Package epstopdf Info: Output file is already uptodate.
File: pentagon5-eps-converted-to.pdf Graphic file (type pdf)

<use pentagon5-eps-converted-to.pdf>
Package pdftex.def Info: pentagon5-eps-converted-to.pdf used on input line 437.

(pdftex.def)             Requested size: 113.81206pt x 85.35725pt.
Package epstopdf Info: Source file: <color22.eps>
(epstopdf)                    date: 2016-09-15 17:37:54
(epstopdf)                    size: 12776 bytes
(epstopdf)             Output file: <color22-eps-converted-to.pdf>
(epstopdf)                    date: 2016-09-15 18:00:56
(epstopdf)                    size: 4369 bytes
(epstopdf)             Command: <repstopdf --outfile=color22-eps-converted-to.p
df color22.eps>
(epstopdf)             \includegraphics on input line 437.
Package epstopdf Info: Output file is already uptodate.

<color22-eps-converted-to.pdf, id=1297, 449.68pt x 271.0125pt>
File: color22-eps-converted-to.pdf Graphic file (type pdf)

<use color22-eps-converted-to.pdf>
Package pdftex.def Info: color22-eps-converted-to.pdf used on input line 437.
(pdftex.def)             Requested size: 113.8126pt x 85.35698pt.
 [44

 <./color22-eps-converted-to.pdf>]
Package epstopdf Info: Source file: <pentagon5.eps>
(epstopdf)                    date: 2016-09-15 17:55:20
(epstopdf)                    size: 5054 bytes
(epstopdf)             Output file: <pentagon5-eps-converted-to.pdf>
(epstopdf)                    date: 2016-09-15 17:57:20
(epstopdf)                    size: 3005 bytes
(epstopdf)             Command: <repstopdf --outfile=pentagon5-eps-converted-to
.pdf pentagon5.eps>
(epstopdf)             \includegraphics on input line 450.
Package epstopdf Info: Output file is already uptodate.
File: pentagon5-eps-converted-to.pdf Graphic file (type pdf)

<use pentagon5-eps-converted-to.pdf>
Package pdftex.def Info: pentagon5-eps-converted-to.pdf used on input line 450.

(pdftex.def)             Requested size: 113.81206pt x 85.35725pt.
Package epstopdf Info: Source file: <color23.eps>
(epstopdf)                    date: 2016-09-15 17:38:50
(epstopdf)                    size: 12811 bytes
(epstopdf)             Output file: <color23-eps-converted-to.pdf>
(epstopdf)                    date: 2016-09-15 18:00:56
(epstopdf)                    size: 4373 bytes
(epstopdf)             Command: <repstopdf --outfile=color23-eps-converted-to.p
df color23.eps>
(epstopdf)             \includegraphics on input line 450.
Package epstopdf Info: Output file is already uptodate.

<color23-eps-converted-to.pdf, id=1326, 449.68pt x 271.0125pt>
File: color23-eps-converted-to.pdf Graphic file (type pdf)

<use color23-eps-converted-to.pdf>
Package pdftex.def Info: color23-eps-converted-to.pdf used on input line 450.
(pdftex.def)             Requested size: 113.8126pt x 85.35698pt.
 [45

 <./color23-eps-converted-to.pdf>]
Package epstopdf Info: Source file: <pentagon5.eps>
(epstopdf)                    date: 2016-09-15 17:55:20
(epstopdf)                    size: 5054 bytes
(epstopdf)             Output file: <pentagon5-eps-converted-to.pdf>
(epstopdf)                    date: 2016-09-15 17:57:20
(epstopdf)                    size: 3005 bytes
(epstopdf)             Command: <repstopdf --outfile=pentagon5-eps-converted-to
.pdf pentagon5.eps>
(epstopdf)             \includegraphics on input line 463.
Package epstopdf Info: Output file is already uptodate.
File: pentagon5-eps-converted-to.pdf Graphic file (type pdf)

<use pentagon5-eps-converted-to.pdf>
Package pdftex.def Info: pentagon5-eps-converted-to.pdf used on input line 463.

(pdftex.def)             Requested size: 113.81206pt x 85.35725pt.
Package epstopdf Info: Source file: <color24.eps>
(epstopdf)                    date: 2016-09-15 17:41:42
(epstopdf)                    size: 12841 bytes
(epstopdf)             Output file: <color24-eps-converted-to.pdf>
(epstopdf)                    date: 2016-09-15 18:00:56
(epstopdf)                    size: 4375 bytes
(epstopdf)             Command: <repstopdf --outfile=color24-eps-converted-to.p
df color24.eps>
(epstopdf)             \includegraphics on input line 463.
Package epstopdf Info: Output file is already uptodate.

<color24-eps-converted-to.pdf, id=1354, 449.68pt x 271.0125pt>
File: color24-eps-converted-to.pdf Graphic file (type pdf)

<use color24-eps-converted-to.pdf>
Package pdftex.def Info: color24-eps-converted-to.pdf used on input line 463.
(pdftex.def)             Requested size: 113.8126pt x 85.35698pt.
 [46

 <./color24-eps-converted-to.pdf>]
Package epstopdf Info: Source file: <pentagon5.eps>
(epstopdf)                    date: 2016-09-15 17:55:20
(epstopdf)                    size: 5054 bytes
(epstopdf)             Output file: <pentagon5-eps-converted-to.pdf>
(epstopdf)                    date: 2016-09-15 17:57:20
(epstopdf)                    size: 3005 bytes
(epstopdf)             Command: <repstopdf --outfile=pentagon5-eps-converted-to
.pdf pentagon5.eps>
(epstopdf)             \includegraphics on input line 476.
Package epstopdf Info: Output file is already uptodate.
File: pentagon5-eps-converted-to.pdf Graphic file (type pdf)

<use pentagon5-eps-converted-to.pdf>
Package pdftex.def Info: pentagon5-eps-converted-to.pdf used on input line 476.

(pdftex.def)             Requested size: 113.81206pt x 85.35725pt.
Package epstopdf Info: Source file: <color25.eps>
(epstopdf)                    date: 2016-09-15 17:42:44
(epstopdf)                    size: 12851 bytes
(epstopdf)             Output file: <color25-eps-converted-to.pdf>
(epstopdf)                    date: 2016-09-15 18:00:58
(epstopdf)                    size: 4373 bytes
(epstopdf)             Command: <repstopdf --outfile=color25-eps-converted-to.p
df color25.eps>
(epstopdf)             \includegraphics on input line 476.
Package epstopdf Info: Output file is already uptodate.

<color25-eps-converted-to.pdf, id=1382, 449.68pt x 271.0125pt>
File: color25-eps-converted-to.pdf Graphic file (type pdf)

<use color25-eps-converted-to.pdf>
Package pdftex.def Info: color25-eps-converted-to.pdf used on input line 476.
(pdftex.def)             Requested size: 113.8126pt x 85.35698pt.
 [47

 <./color25-eps-converted-to.pdf>]
Package epstopdf Info: Source file: <pentagon5.eps>
(epstopdf)                    date: 2016-09-15 17:55:20
(epstopdf)                    size: 5054 bytes
(epstopdf)             Output file: <pentagon5-eps-converted-to.pdf>
(epstopdf)                    date: 2016-09-15 17:57:20
(epstopdf)                    size: 3005 bytes
(epstopdf)             Command: <repstopdf --outfile=pentagon5-eps-converted-to
.pdf pentagon5.eps>
(epstopdf)             \includegraphics on input line 490.
Package epstopdf Info: Output file is already uptodate.
File: pentagon5-eps-converted-to.pdf Graphic file (type pdf)

<use pentagon5-eps-converted-to.pdf>
Package pdftex.def Info: pentagon5-eps-converted-to.pdf used on input line 490.

(pdftex.def)             Requested size: 113.81206pt x 85.35725pt.
Package epstopdf Info: Source file: <color26.eps>
(epstopdf)                    date: 2016-09-15 18:10:46
(epstopdf)                    size: 15882 bytes
(epstopdf)             Output file: <color26-eps-converted-to.pdf>
(epstopdf)                    date: 2016-09-15 18:11:30
(epstopdf)                    size: 5662 bytes
(epstopdf)             Command: <repstopdf --outfile=color26-eps-converted-to.p
df color26.eps>
(epstopdf)             \includegraphics on input line 490.
Package epstopdf Info: Output file is already uptodate.

<color26-eps-converted-to.pdf, id=1410, 449.68pt x 277.035pt>
File: color26-eps-converted-to.pdf Graphic file (type pdf)

<use color26-eps-converted-to.pdf>
Package pdftex.def Info: color26-eps-converted-to.pdf used on input line 490.
(pdftex.def)             Requested size: 113.8126pt x 85.35577pt.
 [48

 <./color26-eps-converted-to.pdf>]
[49

] [50

] [51

]
Package epstopdf Info: Source file: <color52.eps>
(epstopdf)                    date: 2016-09-16 20:32:58
(epstopdf)                    size: 5178 bytes
(epstopdf)             Output file: <color52-eps-converted-to.pdf>
(epstopdf)                    date: 2016-09-16 20:36:58
(epstopdf)                    size: 3021 bytes
(epstopdf)             Command: <repstopdf --outfile=color52-eps-converted-to.p
df color52.eps>
(epstopdf)             \includegraphics on input line 517.
Package epstopdf Info: Output file is already uptodate.

<color52-eps-converted-to.pdf, id=1519, 304.13625pt x 190.7125pt>
File: color52-eps-converted-to.pdf Graphic file (type pdf)

<use color52-eps-converted-to.pdf>
Package pdftex.def Info: color52-eps-converted-to.pdf used on input line 517.
(pdftex.def)             Requested size: 113.80948pt x 85.35712pt.
 [52

 <./color52-eps-converted-to.pdf>]
Package epstopdf Info: Source file: <color53.eps>
(epstopdf)                    date: 2016-09-16 20:33:44
(epstopdf)                    size: 5183 bytes
(epstopdf)             Output file: <color53-eps-converted-to.pdf>
(epstopdf)                    date: 2016-09-16 20:38:02
(epstopdf)                    size: 3021 bytes
(epstopdf)             Command: <repstopdf --outfile=color53-eps-converted-to.p
df color53.eps>
(epstopdf)             \includegraphics on input line 525.
Package epstopdf Info: Output file is already uptodate.

<color53-eps-converted-to.pdf, id=1548, 304.13625pt x 190.7125pt>
File: color53-eps-converted-to.pdf Graphic file (type pdf)

<use color53-eps-converted-to.pdf>
Package pdftex.def Info: color53-eps-converted-to.pdf used on input line 525.
(pdftex.def)             Requested size: 113.80948pt x 85.35712pt.
 [53

 <./color53-eps-converted-to.pdf>]
Package epstopdf Info: Source file: <color51.eps>
(epstopdf)                    date: 2016-09-16 20:31:36
(epstopdf)                    size: 5669 bytes
(epstopdf)             Output file: <color51-eps-converted-to.pdf>
(epstopdf)                    date: 2016-09-16 20:38:02
(epstopdf)                    size: 3099 bytes
(epstopdf)             Command: <repstopdf --outfile=color51-eps-converted-to.p
df color51.eps>
(epstopdf)             \includegraphics on input line 534.
Package epstopdf Info: Output file is already uptodate.

<color51-eps-converted-to.pdf, id=1576, 304.13625pt x 278.03876pt>
File: color51-eps-converted-to.pdf Graphic file (type pdf)

<use color51-eps-converted-to.pdf>
Package pdftex.def Info: color51-eps-converted-to.pdf used on input line 534.
(pdftex.def)             Requested size: 113.80948pt x 85.35957pt.
 [54

 <./color51-eps-converted-to.pdf>]
[55

]
\tf@nav=\write6
\openout6 = `main.nav'.

\tf@toc=\write7
\openout7 = `main.toc'.

\tf@snm=\write8
\openout8 = `main.snm'.

Package atveryend Info: Empty hook `BeforeClearDocument' on input line 544.
Package atveryend Info: Empty hook `AfterLastShipout' on input line 544.
 (./main.aux)
Package atveryend Info: Executing hook `AtVeryEndDocument' on input line 544.
Package atveryend Info: Executing hook `AtEndAfterFileList' on input line 544.
Package rerunfilecheck Info: File `main.out' has not changed.
(rerunfilecheck)             Checksum: D41D8CD98F00B204E9800998ECF8427E;0.


LaTeX Font Warning: Size substitutions with differences
(Font)              up to 1.0pt have occurred.


LaTeX Font Warning: Some font shapes were not available, defaults substituted.

 ) 
Here is how much of TeX's memory you used:
 19776 strings out of 493013
 356982 string characters out of 6136993
 424402 words of memory out of 5000000
 22534 multiletter control sequences out of 15000+600000
 35843 words of font info for 127 fonts, out of 8000000 for 9000
 1141 hyphenation exceptions out of 8191
 56i,14n,55p,799b,1783s stack positions out of 5000i,500n,10000p,200000b,80000s
<c:/texlive/2016/texmf-dist/fonts/type1/public/amsfonts/cm/cmex10.pfb><c:/tex
live/2016/texmf-dist/fonts/type1/public/amsfonts/cm/cmmi10.pfb><c:/texlive/2016
/texmf-dist/fonts/type1/public/amsfonts/cm/cmmi8.pfb><c:/texlive/2016/texmf-dis
t/fonts/type1/public/amsfonts/cm/cmss10.pfb><c:/texlive/2016/texmf-dist/fonts/t
ype1/public/amsfonts/cm/cmss12.pfb><c:/texlive/2016/texmf-dist/fonts/type1/publ
ic/amsfonts/cm/cmss8.pfb><c:/texlive/2016/texmf-dist/fonts/type1/public/amsfont
s/cm/cmssi10.pfb><c:/texlive/2016/texmf-dist/fonts/type1/public/amsfonts/cm/cms
si8.pfb><c:/texlive/2016/texmf-dist/fonts/type1/public/amsfonts/cm/cmsy10.pfb><
c:/texlive/2016/texmf-dist/fonts/type1/public/amsfonts/cm/cmsy8.pfb><c:/texlive
/2016/texmf-dist/fonts/type1/arphic/gbsnu/gbsnu30.pfb><c:/texlive/2016/texmf-di
st/fonts/type1/arphic/gbsnu/gbsnu4e.pfb><c:/texlive/2016/texmf-dist/fonts/type1
/arphic/gbsnu/gbsnu4f.pfb><c:/texlive/2016/texmf-dist/fonts/type1/arphic/gbsnu/
gbsnu50.pfb><c:/texlive/2016/texmf-dist/fonts/type1/arphic/gbsnu/gbsnu51.pfb><c
:/texlive/2016/texmf-dist/fonts/type1/arphic/gbsnu/gbsnu52.pfb><c:/texlive/2016
/texmf-dist/fonts/type1/arphic/gbsnu/gbsnu53.pfb><c:/texlive/2016/texmf-dist/fo
nts/type1/arphic/gbsnu/gbsnu54.pfb><c:/texlive/2016/texmf-dist/fonts/type1/arph
ic/gbsnu/gbsnu56.pfb><c:/texlive/2016/texmf-dist/fonts/type1/arphic/gbsnu/gbsnu
57.pfb><c:/texlive/2016/texmf-dist/fonts/type1/arphic/gbsnu/gbsnu59.pfb><c:/tex
live/2016/texmf-dist/fonts/type1/arphic/gbsnu/gbsnu5b.pfb><c:/texlive/2016/texm
f-dist/fonts/type1/arphic/gbsnu/gbsnu5c.pfb><c:/texlive/2016/texmf-dist/fonts/t
ype1/arphic/gbsnu/gbsnu5d.pfb><c:/texlive/2016/texmf-dist/fonts/type1/arphic/gb
snu/gbsnu5e.pfb><c:/texlive/2016/texmf-dist/fonts/type1/arphic/gbsnu/gbsnu5f.pf
b><c:/texlive/2016/texmf-dist/fonts/type1/arphic/gbsnu/gbsnu60.pfb><c:/texlive/
2016/texmf-dist/fonts/type1/arphic/gbsnu/gbsnu61.pfb><c:/texlive/2016/texmf-dis
t/fonts/type1/arphic/gbsnu/gbsnu62.pfb><c:/texlive/2016/texmf-dist/fonts/type1/
arphic/gbsnu/gbsnu63.pfb><c:/texlive/2016/texmf-dist/fonts/type1/arphic/gbsnu/g
bsnu65.pfb><c:/texlive/2016/texmf-dist/fonts/type1/arphic/gbsnu/gbsnu66.pfb><c:
/texlive/2016/texmf-dist/fonts/type1/arphic/gbsnu/gbsnu67.pfb><c:/texlive/2016/
texmf-dist/fonts/type1/arphic/gbsnu/gbsnu6b.pfb><c:/texlive/2016/texmf-dist/fon
ts/type1/arphic/gbsnu/gbsnu6c.pfb><c:/texlive/2016/texmf-dist/fonts/type1/arphi
c/gbsnu/gbsnu70.pfb><c:/texlive/2016/texmf-dist/fonts/type1/arphic/gbsnu/gbsnu7
1.pfb><c:/texlive/2016/texmf-dist/fonts/type1/arphic/gbsnu/gbsnu72.pfb><c:/texl
ive/2016/texmf-dist/fonts/type1/arphic/gbsnu/gbsnu73.pfb><c:/texlive/2016/texmf
-dist/fonts/type1/arphic/gbsnu/gbsnu74.pfb><c:/texlive/2016/texmf-dist/fonts/ty
pe1/arphic/gbsnu/gbsnu75.pfb><c:/texlive/2016/texmf-dist/fonts/type1/arphic/gbs
nu/gbsnu76.pfb><c:/texlive/2016/texmf-dist/fonts/type1/arphic/gbsnu/gbsnu77.pfb
><c:/texlive/2016/texmf-dist/fonts/type1/arphic/gbsnu/gbsnu78.pfb><c:/texlive/2
016/texmf-dist/fonts/type1/arphic/gbsnu/gbsnu79.pfb><c:/texlive/2016/texmf-dist
/fonts/type1/arphic/gbsnu/gbsnu7a.pfb><c:/texlive/2016/texmf-dist/fonts/type1/a
rphic/gbsnu/gbsnu7b.pfb><c:/texlive/2016/texmf-dist/fonts/type1/arphic/gbsnu/gb
snu7c.pfb><c:/texlive/2016/texmf-dist/fonts/type1/arphic/gbsnu/gbsnu7e.pfb><c:/
texlive/2016/texmf-dist/fonts/type1/arphic/gbsnu/gbsnu7f.pfb><c:/texlive/2016/t
exmf-dist/fonts/type1/arphic/gbsnu/gbsnu80.pfb><c:/texlive/2016/texmf-dist/font
s/type1/arphic/gbsnu/gbsnu81.pfb><c:/texlive/2016/texmf-dist/fonts/type1/arphic
/gbsnu/gbsnu82.pfb><c:/texlive/2016/texmf-dist/fonts/type1/arphic/gbsnu/gbsnu88
.pfb><c:/texlive/2016/texmf-dist/fonts/type1/arphic/gbsnu/gbsnu89.pfb><c:/texli
ve/2016/texmf-dist/fonts/type1/arphic/gbsnu/gbsnu8b.pfb><c:/texlive/2016/texmf-
dist/fonts/type1/arphic/gbsnu/gbsnu8d.pfb><c:/texlive/2016/texmf-dist/fonts/typ
e1/arphic/gbsnu/gbsnu8f.pfb><c:/texlive/2016/texmf-dist/fonts/type1/arphic/gbsn
u/gbsnu90.pfb><c:/texlive/2016/texmf-dist/fonts/type1/arphic/gbsnu/gbsnu95.pfb>
<c:/texlive/2016/texmf-dist/fonts/type1/arphic/gbsnu/gbsnu96.pfb><c:/texlive/20
16/texmf-dist/fonts/type1/arphic/gbsnu/gbsnu97.pfb><c:/texlive/2016/texmf-dist/
fonts/type1/arphic/gbsnu/gbsnu98.pfb><c:/texlive/2016/texmf-dist/fonts/type1/ar
phic/gbsnu/gbsnuff.pfb>
Output written on main.pdf (55 pages, 537444 bytes).
PDF statistics:
 1854 PDF objects out of 2073 (max. 8388607)
 1623 compressed objects within 17 object streams
 113 named destinations out of 1000 (max. 500000)
 394 words of extra memory for PDF output out of 10000 (max. 10000000)

