This is pdfTeX, Version 3.14159265-2.6-1.40.18 (TeX Live 2017/Debian) (preloaded format=pdflatex 2018.12.23)  5 APR 2020 11:54
entering extended mode
 restricted \write18 enabled.
 file:line:error style messages enabled.
 %&-line parsing enabled.
**p136-3-Ans.tex
(./p136-3-Ans.tex
LaTeX2e <2017-04-15>
Babel <3.18> and hyphenation patterns for 26 language(s) loaded.
(./p136-3-Ex.tex

./p136-3-Ex.tex:1: LaTeX Error: Environment Exercise undefined.

See the LaTeX manual or LaTeX Companion for explanation.
Type  H <return>  for immediate help.
 ...                                              
                                                  
l.1 \begin{Exercise}
                    
Your command was ignored.
Type  I <command> <return>  to replace it with another command,
or  <return>  to continue without it.


./p136-3-Ex.tex:2: LaTeX Error: Missing \begin{document}.

See the LaTeX manual or LaTeX Companion for explanation.
Type  H <return>  for immediate help.
 ...                                              
                                                  
l.2   Ë
       ØÅÊòéÔºöÂçïË∞ÉÂáΩÊï∞ÁöÑ‰∏çËøûÁª≠ÁÇπÁöÑÈõÜÂêàËá≥Â§ö‰∏∫ÂèØÊï∞ÈõÜ„ÄÇ
You're in trouble here.  Try typing  <return>  to proceed.
If that doesn't work, type  X <return>  to quit.

Missing character: There is no Ë in font nullfont!
Missing character: There is no Ø in font nullfont!
Missing character: There is no Å in font nullfont!
Missing character: There is no Ê in font nullfont!
Missing character: There is no ò in font nullfont!
Missing character: There is no é in font nullfont!
Missing character: There is no Ô in font nullfont!
Missing character: There is no º in font nullfont!
Missing character: There is no ö in font nullfont!
Missing character: There is no Â in font nullfont!
Missing character: There is no ç in font nullfont!
Missing character: There is no ï in font nullfont!
Missing character: There is no Ë in font nullfont!
Missing character: There is no ∞ in font nullfont!
Missing character: There is no É in font nullfont!
Missing character: There is no Â in font nullfont!
Missing character: There is no á in font nullfont!
Missing character: There is no Ω in font nullfont!
Missing character: There is no Ê in font nullfont!
Missing character: There is no ï in font nullfont!
Missing character: There is no ∞ in font nullfont!
Missing character: There is no Á in font nullfont!
Missing character: There is no ö in font nullfont!
Missing character: There is no Ñ in font nullfont!
Missing character: There is no ‰ in font nullfont!
Missing character: There is no ∏ in font nullfont!
Missing character: There is no ç in font nullfont!
Missing character: There is no Ë in font nullfont!
Missing character: There is no ø in font nullfont!
Missing character: There is no û in font nullfont!
Missing character: There is no Á in font nullfont!
Missing character: There is no ª in font nullfont!
Missing character: There is no ≠ in font nullfont!
Missing character: There is no Á in font nullfont!
Missing character: There is no Ç in font nullfont!
Missing character: There is no π in font nullfont!
Missing character: There is no Á in font nullfont!
Missing character: There is no ö in font nullfont!
Missing character: There is no Ñ in font nullfont!
Missing character: There is no È in font nullfont!
Missing character: There is no õ in font nullfont!
Missing character: There is no Ü in font nullfont!
Missing character: There is no Â in font nullfont!
Missing character: There is no ê in font nullfont!
Missing character: There is no à in font nullfont!
Missing character: There is no Ë in font nullfont!
Missing character: There is no á in font nullfont!
Missing character: There is no ≥ in font nullfont!
Missing character: There is no Â in font nullfont!
Missing character: There is no § in font nullfont!
Missing character: There is no ö in font nullfont!
Missing character: There is no ‰ in font nullfont!
Missing character: There is no ∏ in font nullfont!
Missing character: There is no ∫ in font nullfont!
Missing character: There is no Â in font nullfont!
Missing character: There is no è in font nullfont!
Missing character: There is no Ø in font nullfont!
Missing character: There is no Ê in font nullfont!
Missing character: There is no ï in font nullfont!
Missing character: There is no ∞ in font nullfont!
Missing character: There is no È in font nullfont!
Missing character: There is no õ in font nullfont!
Missing character: There is no Ü in font nullfont!
Missing character: There is no „ in font nullfont!
Missing character: There is no Ä in font nullfont!
Missing character: There is no Ç in font nullfont!

./p136-3-Ex.tex:3: LaTeX Error: \begin{document} ended by \end{Exercise}.

See the LaTeX manual or LaTeX Companion for explanation.
Type  H <return>  for immediate help.
 ...                                              
                                                  
l.3 \end{Exercise}
                  
Your command was ignored.
Type  I <command> <return>  to replace it with another command,
or  <return>  to continue without it.

)
Overfull \hbox (20.0pt too wide) in paragraph at lines 2--2
[]
 []


./p136-3-Ans.tex:3: LaTeX Error: Missing \begin{document}.

See the LaTeX manual or LaTeX Companion for explanation.
Type  H <return>  for immediate help.
 ...                                              
                                                  
l.3 È
     ¶ñÂÖàÔºåËÆ©Êàë‰ª¨ÂõûÈ°æ‰∏Ä‰∏ãÂàªÁîªÂÆûÊï∞Á≥ªÁöÑÂÖ¨ÁêÜÁ≥ªÁªü„ÄÇ
You're in trouble here.  Try typing  <return>  to proceed.
If that doesn't work, type  X <return>  to quit.

Missing character: There is no È in font nullfont!
Missing character: There is no ¶ in font nullfont!
Missing character: There is no ñ in font nullfont!
Missing character: There is no Â in font nullfont!
Missing character: There is no Ö in font nullfont!
Missing character: There is no à in font nullfont!
Missing character: There is no Ô in font nullfont!
Missing character: There is no º in font nullfont!
Missing character: There is no å in font nullfont!
Missing character: There is no Ë in font nullfont!
Missing character: There is no Æ in font nullfont!
Missing character: There is no © in font nullfont!
Missing character: There is no Ê in font nullfont!
Missing character: There is no à in font nullfont!
Missing character: There is no ë in font nullfont!
Missing character: There is no ‰ in font nullfont!
Missing character: There is no ª in font nullfont!
Missing character: There is no ¨ in font nullfont!
Missing character: There is no Â in font nullfont!
Missing character: There is no õ in font nullfont!
Missing character: There is no û in font nullfont!
Missing character: There is no È in font nullfont!
Missing character: There is no ° in font nullfont!
Missing character: There is no æ in font nullfont!
Missing character: There is no ‰ in font nullfont!
Missing character: There is no ∏ in font nullfont!
Missing character: There is no Ä in font nullfont!
Missing character: There is no ‰ in font nullfont!
Missing character: There is no ∏ in font nullfont!
Missing character: There is no ã in font nullfont!
Missing character: There is no Â in font nullfont!
Missing character: There is no à in font nullfont!
Missing character: There is no ª in font nullfont!
Missing character: There is no Á in font nullfont!
Missing character: There is no î in font nullfont!
Missing character: There is no ª in font nullfont!
Missing character: There is no Â in font nullfont!
Missing character: There is no Æ in font nullfont!
Missing character: There is no û in font nullfont!
Missing character: There is no Ê in font nullfont!
Missing character: There is no ï in font nullfont!
Missing character: There is no ∞ in font nullfont!
Missing character: There is no Á in font nullfont!
Missing character: There is no ≥ in font nullfont!
Missing character: There is no ª in font nullfont!
Missing character: There is no Á in font nullfont!
Missing character: There is no ö in font nullfont!
Missing character: There is no Ñ in font nullfont!
Missing character: There is no Â in font nullfont!
Missing character: There is no Ö in font nullfont!
Missing character: There is no ¨ in font nullfont!
Missing character: There is no Á in font nullfont!
Missing character: There is no ê in font nullfont!
Missing character: There is no Ü in font nullfont!
Missing character: There is no Á in font nullfont!
Missing character: There is no ≥ in font nullfont!
Missing character: There is no ª in font nullfont!
Missing character: There is no Á in font nullfont!
Missing character: There is no ª in font nullfont!
Missing character: There is no ü in font nullfont!
Missing character: There is no „ in font nullfont!
Missing character: There is no Ä in font nullfont!
Missing character: There is no Ç in font nullfont!

Overfull \hbox (20.0pt too wide) in paragraph at lines 3--4
[] 
 []


./p136-3-Ans.tex:5: LaTeX Error: Missing \begin{document}.

See the LaTeX manual or LaTeX Companion for explanation.
Type  H <return>  for immediate help.
 ...                                              
                                                  
l.5      Ë
          Ææ$x, y, z \in \mathbb{R}$ÔºåÂàô
You're in trouble here.  Try typing  <return>  to proceed.
If that doesn't work, type  X <return>  to quit.

Missing character: There is no Ë in font nullfont!
Missing character: There is no Æ in font nullfont!
Missing character: There is no æ in font nullfont!
LaTeX Font Info:    External font `cmex10' loaded for size
(Font)              <7> on input line 5.
LaTeX Font Info:    External font `cmex10' loaded for size
(Font)              <5> on input line 5.
./p136-3-Ans.tex:5: Undefined control sequence.
l.5      ËÆæ$x, y, z \in \mathbb
                                {R}$ÔºåÂàô
The control sequence at the end of the top line
of your error message was never \def'ed. If you have
misspelled it (e.g., `\hobx'), type `I' and the correct
spelling (e.g., `I\hbox'). Otherwise just continue,
and I'll forget about whatever was undefined.

Missing character: There is no Ô in font nullfont!
Missing character: There is no º in font nullfont!
Missing character: There is no å in font nullfont!
Missing character: There is no Â in font nullfont!
Missing character: There is no à in font nullfont!
Missing character: There is no ô in font nullfont!

Overfull \hbox (54.40039pt too wide) in paragraph at lines 5--6
[]$\OML/cmm/m/it/10 x; y; z \OMS/cmsy/m/n/10 2
 []


Overfull \hbox (7.67015pt too wide) in paragraph at lines 5--6
\OML/cmm/m/it/10 R$ 
 []


Overfull \hbox (13.49307pt too wide) in paragraph at lines 7--8
\OML/cmm/m/it/10 x \OT1/cmr/m/n/10 +
 []


Overfull \hbox (15.81711pt too wide) in paragraph at lines 7--8
\OML/cmm/m/it/10 y \OT1/cmr/m/n/10 =
 []


Overfull \hbox (13.0394pt too wide) in paragraph at lines 7--8
\OML/cmm/m/it/10 y \OT1/cmr/m/n/10 +
 []


Overfull \hbox (5.71527pt too wide) in paragraph at lines 7--8
\OML/cmm/m/it/10 x$ 
 []


Overfull \hbox (17.38197pt too wide) in paragraph at lines 8--9
\OT1/cmr/m/n/10 (\OML/cmm/m/it/10 x \OT1/cmr/m/n/10 +
 []


Overfull \hbox (16.9283pt too wide) in paragraph at lines 8--9
\OML/cmm/m/it/10 y\OT1/cmr/m/n/10 ) +
 []


Overfull \hbox (15.64581pt too wide) in paragraph at lines 8--9
\OML/cmm/m/it/10 z \OT1/cmr/m/n/10 =
 []


Overfull \hbox (13.49307pt too wide) in paragraph at lines 8--9
\OML/cmm/m/it/10 x \OT1/cmr/m/n/10 +
 []


Overfull \hbox (16.9283pt too wide) in paragraph at lines 8--9
\OT1/cmr/m/n/10 (\OML/cmm/m/it/10 y \OT1/cmr/m/n/10 +
 []


Overfull \hbox (8.9792pt too wide) in paragraph at lines 8--9
\OML/cmm/m/it/10 z\OT1/cmr/m/n/10 )$ 
 []


Overfull \hbox (12.77782pt too wide) in paragraph at lines 9--10
\OT1/cmr/m/n/10 0 +
 []


Overfull \hbox (16.27078pt too wide) in paragraph at lines 9--10
\OML/cmm/m/it/10 x \OT1/cmr/m/n/10 =
 []


Overfull \hbox (13.49307pt too wide) in paragraph at lines 9--10
\OML/cmm/m/it/10 x \OT1/cmr/m/n/10 +
 []


Overfull \hbox (15.55553pt too wide) in paragraph at lines 9--10
\OT1/cmr/m/n/10 0 =
 []


Overfull \hbox (5.71527pt too wide) in paragraph at lines 9--10
\OML/cmm/m/it/10 x$ 
 []


Overfull \hbox (29.04868pt too wide) in paragraph at lines 10--11
\OT1/cmr/m/n/10 (\OMS/cmsy/m/n/10 ^^@\OML/cmm/m/it/10 x\OT1/cmr/m/n/10 ) +
 []


Overfull \hbox (16.27078pt too wide) in paragraph at lines 10--11
\OML/cmm/m/it/10 x \OT1/cmr/m/n/10 =
 []


Overfull \hbox (13.49307pt too wide) in paragraph at lines 10--11
\OML/cmm/m/it/10 x \OT1/cmr/m/n/10 +
 []


Overfull \hbox (31.82639pt too wide) in paragraph at lines 10--11
\OT1/cmr/m/n/10 (\OMS/cmsy/m/n/10 ^^@\OML/cmm/m/it/10 x\OT1/cmr/m/n/10 ) =
 []


Overfull \hbox (5.00002pt too wide) in paragraph at lines 10--11
\OT1/cmr/m/n/10 0$ 
 []


Overfull \hbox (10.71529pt too wide) in paragraph at lines 11--12
\OML/cmm/m/it/10 x \OMS/cmsy/m/n/10 ^^C
 []


Overfull \hbox (15.81711pt too wide) in paragraph at lines 11--12
\OML/cmm/m/it/10 y \OT1/cmr/m/n/10 =
 []


Overfull \hbox (10.26161pt too wide) in paragraph at lines 11--12
\OML/cmm/m/it/10 y \OMS/cmsy/m/n/10 ^^C
 []


Overfull \hbox (5.71527pt too wide) in paragraph at lines 11--12
\OML/cmm/m/it/10 x$ 
 []


Overfull \hbox (14.60419pt too wide) in paragraph at lines 12--13
\OT1/cmr/m/n/10 (\OML/cmm/m/it/10 x \OMS/cmsy/m/n/10 ^^C
 []


Overfull \hbox (14.15051pt too wide) in paragraph at lines 12--13
\OML/cmm/m/it/10 y\OT1/cmr/m/n/10 ) \OMS/cmsy/m/n/10 ^^C
 []


Overfull \hbox (15.64581pt too wide) in paragraph at lines 12--13
\OML/cmm/m/it/10 z \OT1/cmr/m/n/10 =
 []


Overfull \hbox (10.71529pt too wide) in paragraph at lines 12--13
\OML/cmm/m/it/10 x \OMS/cmsy/m/n/10 ^^C
 []


Overfull \hbox (14.15051pt too wide) in paragraph at lines 12--13
\OT1/cmr/m/n/10 (\OML/cmm/m/it/10 y \OMS/cmsy/m/n/10 ^^C
 []


Overfull \hbox (8.9792pt too wide) in paragraph at lines 12--13
\OML/cmm/m/it/10 z\OT1/cmr/m/n/10 )$ 
 []


Overfull \hbox (10.00003pt too wide) in paragraph at lines 13--14
\OT1/cmr/m/n/10 1 \OMS/cmsy/m/n/10 ^^C
 []


Overfull \hbox (16.27078pt too wide) in paragraph at lines 13--14
\OML/cmm/m/it/10 x \OT1/cmr/m/n/10 =
 []


Overfull \hbox (10.71529pt too wide) in paragraph at lines 13--14
\OML/cmm/m/it/10 x \OMS/cmsy/m/n/10 ^^C
 []


Overfull \hbox (15.55553pt too wide) in paragraph at lines 13--14
\OT1/cmr/m/n/10 1 =
 []


Overfull \hbox (5.71527pt too wide) in paragraph at lines 13--14
\OML/cmm/m/it/10 x$ 
 []

./p136-3-Ans.tex:14: Undefined control sequence.
l.14    \item   $\forall x \in \mathbb
                                      {R} x \neq 0 \to x^{-1} * x = x * x^{-...
The control sequence at the end of the top line
of your error message was never \def'ed. If you have
misspelled it (e.g., `\hobx'), type `I' and the correct
spelling (e.g., `I\hbox'). Otherwise just continue,
and I'll forget about whatever was undefined.


Overfull \hbox (20.71524pt too wide) in paragraph at lines 14--15
\OMS/cmsy/m/n/10 8\OML/cmm/m/it/10 x \OMS/cmsy/m/n/10 2
 []


Overfull \hbox (23.94093pt too wide) in paragraph at lines 14--15
\OML/cmm/m/it/10 Rx \OMS/cmsy/m/n/10 6\OT1/cmr/m/n/10 =
 []


Overfull \hbox (17.77774pt too wide) in paragraph at lines 14--15
\OT1/cmr/m/n/10 0 \OMS/cmsy/m/n/10 !
 []


Overfull \hbox (21.45143pt too wide) in paragraph at lines 14--15
\OML/cmm/m/it/10 x[] \OMS/cmsy/m/n/10 ^^C
 []


Overfull \hbox (16.27078pt too wide) in paragraph at lines 14--15
\OML/cmm/m/it/10 x \OT1/cmr/m/n/10 =
 []


Overfull \hbox (10.71529pt too wide) in paragraph at lines 14--15
\OML/cmm/m/it/10 x \OMS/cmsy/m/n/10 ^^C
 []


Overfull \hbox (27.00693pt too wide) in paragraph at lines 14--15
\OML/cmm/m/it/10 x[] \OT1/cmr/m/n/10 =
 []


Overfull \hbox (5.00002pt too wide) in paragraph at lines 14--15
\OT1/cmr/m/n/10 1$ 
 []


Overfull \hbox (10.71529pt too wide) in paragraph at lines 15--16
\OML/cmm/m/it/10 x \OMS/cmsy/m/n/10 ^^C
 []


Overfull \hbox (16.9283pt too wide) in paragraph at lines 15--16
\OT1/cmr/m/n/10 (\OML/cmm/m/it/10 y \OT1/cmr/m/n/10 +
 []


Overfull \hbox (19.53471pt too wide) in paragraph at lines 15--16
\OML/cmm/m/it/10 z\OT1/cmr/m/n/10 ) =
 []


Overfull \hbox (10.71529pt too wide) in paragraph at lines 15--16
\OML/cmm/m/it/10 x \OMS/cmsy/m/n/10 ^^C
 []


Overfull \hbox (13.0394pt too wide) in paragraph at lines 15--16
\OML/cmm/m/it/10 y \OT1/cmr/m/n/10 +
 []


Overfull \hbox (10.71529pt too wide) in paragraph at lines 15--16
\OML/cmm/m/it/10 x \OMS/cmsy/m/n/10 ^^C
 []


Overfull \hbox (5.0903pt too wide) in paragraph at lines 15--16
\OML/cmm/m/it/10 z$ 
 []


Overfull \hbox (16.9283pt too wide) in paragraph at lines 16--17
\OT1/cmr/m/n/10 (\OML/cmm/m/it/10 y \OT1/cmr/m/n/10 +
 []


Overfull \hbox (13.97922pt too wide) in paragraph at lines 16--17
\OML/cmm/m/it/10 z\OT1/cmr/m/n/10 ) \OMS/cmsy/m/n/10 ^^C
 []


Overfull \hbox (16.27078pt too wide) in paragraph at lines 16--17
\OML/cmm/m/it/10 x \OT1/cmr/m/n/10 =
 []


Overfull \hbox (10.26161pt too wide) in paragraph at lines 16--17
\OML/cmm/m/it/10 y \OMS/cmsy/m/n/10 ^^C
 []


Overfull \hbox (13.49307pt too wide) in paragraph at lines 16--17
\OML/cmm/m/it/10 x \OT1/cmr/m/n/10 +
 []


Overfull \hbox (10.09032pt too wide) in paragraph at lines 16--17
\OML/cmm/m/it/10 z \OMS/cmsy/m/n/10 ^^C
 []


Overfull \hbox (5.71527pt too wide) in paragraph at lines 16--17
\OML/cmm/m/it/10 x$ 
 []


Overfull \hbox (16.27078pt too wide) in paragraph at lines 17--18
\OML/cmm/m/it/10 x \OMS/cmsy/m/n/10 ^^T
 []


Overfull \hbox (5.71527pt too wide) in paragraph at lines 17--18
\OML/cmm/m/it/10 x$ 
 []


Overfull \hbox (16.27078pt too wide) in paragraph at lines 18--19
\OML/cmm/m/it/10 x \OMS/cmsy/m/n/10 ^^T
 []


Overfull \hbox (11.92828pt too wide) in paragraph at lines 18--19
\OML/cmm/m/it/10 y \OMS/cmsy/m/n/10 ^
 []


Overfull \hbox (15.81711pt too wide) in paragraph at lines 18--19
\OML/cmm/m/it/10 y \OMS/cmsy/m/n/10 ^^T
 []


Overfull \hbox (18.493pt too wide) in paragraph at lines 18--19
\OML/cmm/m/it/10 x \OMS/cmsy/m/n/10 !
 []


Overfull \hbox (16.27078pt too wide) in paragraph at lines 18--19
\OML/cmm/m/it/10 x \OT1/cmr/m/n/10 =
 []


Overfull \hbox (5.2616pt too wide) in paragraph at lines 18--19
\OML/cmm/m/it/10 y$ 
 []


Overfull \hbox (16.27078pt too wide) in paragraph at lines 19--20
\OML/cmm/m/it/10 x \OMS/cmsy/m/n/10 ^^T
 []


Overfull \hbox (11.92828pt too wide) in paragraph at lines 19--20
\OML/cmm/m/it/10 y \OMS/cmsy/m/n/10 ^
 []


Overfull \hbox (15.81711pt too wide) in paragraph at lines 19--20
\OML/cmm/m/it/10 y \OMS/cmsy/m/n/10 ^^T
 []


Overfull \hbox (17.86803pt too wide) in paragraph at lines 19--20
\OML/cmm/m/it/10 z \OMS/cmsy/m/n/10 !
 []


Overfull \hbox (16.27078pt too wide) in paragraph at lines 19--20
\OML/cmm/m/it/10 x \OMS/cmsy/m/n/10 ^^T
 []


Overfull \hbox (5.0903pt too wide) in paragraph at lines 19--20
\OML/cmm/m/it/10 z$ 
 []


Overfull \hbox (16.27078pt too wide) in paragraph at lines 20--21
\OML/cmm/m/it/10 x \OMS/cmsy/m/n/10 ^^T
 []


Overfull \hbox (11.92828pt too wide) in paragraph at lines 20--21
\OML/cmm/m/it/10 y \OMS/cmsy/m/n/10 _
 []


Overfull \hbox (15.81711pt too wide) in paragraph at lines 20--21
\OML/cmm/m/it/10 y \OMS/cmsy/m/n/10 ^^T
 []


Overfull \hbox (5.71527pt too wide) in paragraph at lines 20--21
\OML/cmm/m/it/10 x$ 
 []


Overfull \hbox (16.27078pt too wide) in paragraph at lines 21--22
\OML/cmm/m/it/10 x >
 []


Overfull \hbox (18.03932pt too wide) in paragraph at lines 21--22
\OML/cmm/m/it/10 y \OMS/cmsy/m/n/10 !
 []


Overfull \hbox (13.49307pt too wide) in paragraph at lines 21--22
\OML/cmm/m/it/10 x \OT1/cmr/m/n/10 +
 []


Overfull \hbox (15.64581pt too wide) in paragraph at lines 21--22
\OML/cmm/m/it/10 z >
 []


Overfull \hbox (13.0394pt too wide) in paragraph at lines 21--22
\OML/cmm/m/it/10 y \OT1/cmr/m/n/10 +
 []


Overfull \hbox (5.0903pt too wide) in paragraph at lines 21--22
\OML/cmm/m/it/10 z$ 
 []


Overfull \hbox (16.27078pt too wide) in paragraph at lines 22--23
\OML/cmm/m/it/10 x >
 []


Overfull \hbox (11.92828pt too wide) in paragraph at lines 22--23
\OML/cmm/m/it/10 y \OMS/cmsy/m/n/10 ^
 []


Overfull \hbox (15.64581pt too wide) in paragraph at lines 22--23
\OML/cmm/m/it/10 z >
 []


Overfull \hbox (17.77774pt too wide) in paragraph at lines 22--23
\OT1/cmr/m/n/10 0 \OMS/cmsy/m/n/10 !
 []


Overfull \hbox (10.71529pt too wide) in paragraph at lines 22--23
\OML/cmm/m/it/10 x \OMS/cmsy/m/n/10 ^^C
 []


Overfull \hbox (15.64581pt too wide) in paragraph at lines 22--23
\OML/cmm/m/it/10 z >
 []


Overfull \hbox (10.26161pt too wide) in paragraph at lines 22--23
\OML/cmm/m/it/10 y \OMS/cmsy/m/n/10 ^^C
 []


Overfull \hbox (5.0903pt too wide) in paragraph at lines 22--23
\OML/cmm/m/it/10 z$ 
 []

./p136-3-Ans.tex:23: Undefined control sequence.
l.23 \item   $\forall A \subseteq \mathbb
                                         {R} (A \neq \phi \land \exists x \i...
The control sequence at the end of the top line
of your error message was never \def'ed. If you have
misspelled it (e.g., `\hobx'), type `I' and the correct
spelling (e.g., `I\hbox'). Otherwise just continue,
and I'll forget about whatever was undefined.

./p136-3-Ans.tex:23: Undefined control sequence.
l.23 ...} (A \neq \phi \land \exists x \in \mathbb
                                                  {R} (\forall y \in A (y \l...
The control sequence at the end of the top line
of your error message was never \def'ed. If you have
misspelled it (e.g., `\hobx'), type `I' and the correct
spelling (e.g., `I\hbox'). Otherwise just continue,
and I'll forget about whatever was undefined.

./p136-3-Ans.tex:23: Undefined control sequence.
l.23 ... (y \leq z) )\land ( \forall x \in \mathbb
                                                  {R} (\forall y \in A (y \l...
The control sequence at the end of the top line
of your error message was never \def'ed. If you have
misspelled it (e.g., `\hobx'), type `I' and the correct
spelling (e.g., `I\hbox'). Otherwise just continue,
and I'll forget about whatever was undefined.


Overfull \hbox (23.6111pt too wide) in paragraph at lines 23--24
\OMS/cmsy/m/n/10 8\OML/cmm/m/it/10 A \OMS/cmsy/m/n/10 ^^R
 []


Overfull \hbox (29.61458pt too wide) in paragraph at lines 23--24
\OML/cmm/m/it/10 R\OT1/cmr/m/n/10 (\OML/cmm/m/it/10 A \OMS/cmsy/m/n/10 6\OT1/cm
r/m/n/10 =
 []


Overfull \hbox (12.62503pt too wide) in paragraph at lines 23--24
\OML/cmm/m/it/10 ^^^ \OMS/cmsy/m/n/10 ^
 []


Overfull \hbox (20.71524pt too wide) in paragraph at lines 23--24
\OMS/cmsy/m/n/10 9\OML/cmm/m/it/10 x \OMS/cmsy/m/n/10 2
 []


Overfull \hbox (31.82062pt too wide) in paragraph at lines 23--24
\OML/cmm/m/it/10 R\OT1/cmr/m/n/10 (\OMS/cmsy/m/n/10 8\OML/cmm/m/it/10 y \OMS/cm
sy/m/n/10 2
 []


Overfull \hbox (27.20602pt too wide) in paragraph at lines 23--24
\OML/cmm/m/it/10 A\OT1/cmr/m/n/10 (\OML/cmm/m/it/10 y \OMS/cmsy/m/n/10 ^^T
 []


Overfull \hbox (26.2708pt too wide) in paragraph at lines 23--24
\OML/cmm/m/it/10 x\OT1/cmr/m/n/10 )) \OMS/cmsy/m/n/10 !
 []


Overfull \hbox (20.09027pt too wide) in paragraph at lines 23--24
\OMS/cmsy/m/n/10 9\OML/cmm/m/it/10 z \OMS/cmsy/m/n/10 2
 []


Overfull \hbox (35.70952pt too wide) in paragraph at lines 23--24
\OML/cmm/m/it/10 R\OT1/cmr/m/n/10 ((\OMS/cmsy/m/n/10 8\OML/cmm/m/it/10 y \OMS/c
msy/m/n/10 2
 []


Overfull \hbox (27.20602pt too wide) in paragraph at lines 23--24
\OML/cmm/m/it/10 A\OT1/cmr/m/n/10 (\OML/cmm/m/it/10 y \OMS/cmsy/m/n/10 ^^T
 []


Overfull \hbox (19.53479pt too wide) in paragraph at lines 23--24
\OML/cmm/m/it/10 z\OT1/cmr/m/n/10 )) \OMS/cmsy/m/n/10 ^
 []


Overfull \hbox (24.60414pt too wide) in paragraph at lines 23--24
\OT1/cmr/m/n/10 (\OMS/cmsy/m/n/10 8\OML/cmm/m/it/10 x \OMS/cmsy/m/n/10 2
 []


Overfull \hbox (31.82062pt too wide) in paragraph at lines 23--24
\OML/cmm/m/it/10 R\OT1/cmr/m/n/10 (\OMS/cmsy/m/n/10 8\OML/cmm/m/it/10 y \OMS/cm
sy/m/n/10 2
 []


Overfull \hbox (27.20602pt too wide) in paragraph at lines 23--24
\OML/cmm/m/it/10 A\OT1/cmr/m/n/10 (\OML/cmm/m/it/10 y \OMS/cmsy/m/n/10 ^^T
 []


Overfull \hbox (22.3819pt too wide) in paragraph at lines 23--24
\OML/cmm/m/it/10 x\OT1/cmr/m/n/10 ) \OMS/cmsy/m/n/10 !
 []


Overfull \hbox (15.64581pt too wide) in paragraph at lines 23--24
\OML/cmm/m/it/10 z \OMS/cmsy/m/n/10 ^^T
 []


Overfull \hbox (21.27087pt too wide) in paragraph at lines 23--24
\OML/cmm/m/it/10 x\OT1/cmr/m/n/10 ))))$ 
 []

Missing character: There is no Â in font nullfont!
Missing character: There is no Ö in font nullfont!
Missing character: There is no ∂ in font nullfont!
Missing character: There is no ‰ in font nullfont!
Missing character: There is no ∏ in font nullfont!
Missing character: There is no ≠ in font nullfont!
Missing character: There is no Ê in font nullfont!
Missing character: There is no ú in font nullfont!
Missing character: There is no Ä in font nullfont!
Missing character: There is no Â in font nullfont!
Missing character: There is no ê in font nullfont!
Missing character: There is no é in font nullfont!
Missing character: There is no ‰ in font nullfont!
Missing character: There is no ∏ in font nullfont!
Missing character: There is no Ä in font nullfont!
Missing character: There is no Ê in font nullfont!
Missing character: There is no ù in font nullfont!
Missing character: There is no ° in font nullfont!
Missing character: There is no ‰ in font nullfont!
Missing character: There is no ∏ in font nullfont!
Missing character: There is no ∫ in font nullfont!
Missing character: There is no Ô in font nullfont!
Missing character: There is no º in font nullfont!
Missing character: There is no ö in font nullfont!

Overfull \hbox (20.0pt too wide) in paragraph at lines 26--27
[] 
 []

Missing character: There is no Ê in font nullfont!
Missing character: There is no é in font nullfont!
Missing character: There is no • in font nullfont!
Missing character: There is no ‰ in font nullfont!
Missing character: There is no ∏ in font nullfont!
Missing character: There is no ã in font nullfont!
Missing character: There is no Ê in font nullfont!
Missing character: There is no ù in font nullfont!
Missing character: There is no • in font nullfont!
Missing character: There is no Ô in font nullfont!
Missing character: There is no º in font nullfont!
Missing character: There is no å in font nullfont!
Missing character: There is no Ê in font nullfont!
Missing character: There is no à in font nullfont!
Missing character: There is no ë in font nullfont!
Missing character: There is no ‰ in font nullfont!
Missing character: There is no ª in font nullfont!
Missing character: There is no ¨ in font nullfont!
Missing character: There is no Ê in font nullfont!
Missing character: There is no ù in font nullfont!
Missing character: There is no • in font nullfont!
Missing character: There is no Á in font nullfont!
Missing character: There is no ú in font nullfont!
Missing character: There is no ã in font nullfont!
Missing character: There is no Á in font nullfont!
Missing character: There is no ª in font nullfont!
Missing character: There is no ì in font nullfont!
Missing character: There is no Ë in font nullfont!
Missing character: There is no Æ in font nullfont!
Missing character: There is no ∫ in font nullfont!
Missing character: There is no ‰ in font nullfont!
Missing character: There is no ∏ in font nullfont!
Missing character: There is no ≠ in font nullfont!
Missing character: There is no Ê in font nullfont!
Missing character: There is no ∂ in font nullfont!
Missing character: There is no â in font nullfont!
Missing character: There is no Â in font nullfont!
Missing character: There is no è in font nullfont!
Missing character: There is no ä in font nullfont!
Missing character: There is no Á in font nullfont!
Missing character: There is no ö in font nullfont!
Missing character: There is no Ñ in font nullfont!
Missing character: There is no ‰ in font nullfont!
Missing character: There is no ∏ in font nullfont!
Missing character: There is no Ä in font nullfont!
Missing character: There is no ‰ in font nullfont!
Missing character: There is no ∫ in font nullfont!
Missing character: There is no õ in font nullfont!
Missing character: There is no Â in font nullfont!
Missing character: There is no ü in font nullfont!
Missing character: There is no ∫ in font nullfont!
Missing character: There is no Ê in font nullfont!
Missing character: There is no ú in font nullfont!
Missing character: There is no ¨ in font nullfont!
Missing character: There is no Ê in font nullfont!
Missing character: There is no ¶ in font nullfont!
Missing character: There is no Ç in font nullfont!
Missing character: There is no Â in font nullfont!
Missing character: There is no ø in font nullfont!
Missing character: There is no µ in font nullfont!
Missing character: There is no „ in font nullfont!
Missing character: There is no Ä in font nullfont!
Missing character: There is no Ç in font nullfont!

Overfull \hbox (20.0pt too wide) in paragraph at lines 28--29
[] 
 []

Missing character: There is no Ë in font nullfont!
Missing character: There is no Æ in font nullfont!
Missing character: There is no æ in font nullfont!
Missing character: There is no ‰ in font nullfont!
Missing character: There is no ∏ in font nullfont!
Missing character: There is no ∫ in font nullfont!
Missing character: There is no Â in font nullfont!
Missing character: There is no Æ in font nullfont!
Missing character: There is no û in font nullfont!
Missing character: There is no Ê in font nullfont!
Missing character: There is no ï in font nullfont!
Missing character: There is no ∞ in font nullfont!
Missing character: There is no È in font nullfont!
Missing character: There is no õ in font nullfont!
Missing character: There is no Ü in font nullfont!
Missing character: There is no Á in font nullfont!
Missing character: There is no ö in font nullfont!
Missing character: There is no Ñ in font nullfont!
Missing character: There is no ‰ in font nullfont!
Missing character: There is no ∏ in font nullfont!
Missing character: There is no Ä in font nullfont!
Missing character: There is no ‰ in font nullfont!
Missing character: There is no ∏ in font nullfont!
Missing character: There is no ™ in font nullfont!
Missing character: There is no Â in font nullfont!
Missing character: There is no ≠ in font nullfont!
Missing character: There is no ê in font nullfont!
Missing character: There is no È in font nullfont!
Missing character: There is no õ in font nullfont!
Missing character: There is no Ü in font nullfont!
Missing character: There is no Ô in font nullfont!
Missing character: There is no º in font nullfont!
Missing character: There is no å in font nullfont!
Missing character: There is no ‰ in font nullfont!
Missing character: There is no ∏ in font nullfont!
Missing character: There is no ∫ in font nullfont!
Missing character: There is no ‰ in font nullfont!
Missing character: There is no ∏ in font nullfont!
Missing character: There is no Ä in font nullfont!
Missing character: There is no ‰ in font nullfont!
Missing character: There is no ∏ in font nullfont!
Missing character: There is no ™ in font nullfont!
Missing character: There is no Â in font nullfont!
Missing character: There is no á in font nullfont!
Missing character: There is no Ω in font nullfont!
Missing character: There is no Ê in font nullfont!
Missing character: There is no ï in font nullfont!
Missing character: There is no ∞ in font nullfont!
Missing character: There is no „ in font nullfont!
Missing character: There is no Ä in font nullfont!
Missing character: There is no Ç in font nullfont!
Missing character: There is no Â in font nullfont!
Missing character: There is no ¶ in font nullfont!
Missing character: There is no Ç in font nullfont!
Missing character: There is no Ê in font nullfont!
Missing character: There is no û in font nullfont!
Missing character: There is no ú in font nullfont!
Missing character: There is no Â in font nullfont!
Missing character: There is no Ø in font nullfont!
Missing character: There is no π in font nullfont!
Missing character: There is no ‰ in font nullfont!
Missing character: There is no ª in font nullfont!
Missing character: There is no ª in font nullfont!
Missing character: There is no Ê in font nullfont!
Missing character: There is no Ñ in font nullfont!
Missing character: There is no è in font nullfont!
Missing character: There is no Á in font nullfont!
Missing character: There is no ö in font nullfont!
Missing character: There is no Ñ in font nullfont!
Missing character: There is no Ô in font nullfont!
Missing character: There is no º in font nullfont!
Missing character: There is no å in font nullfont!
Missing character: There is no Ô in font nullfont!
Missing character: There is no º in font nullfont!
Missing character: There is no å in font nullfont!
Missing character: There is no Ô in font nullfont!
Missing character: There is no º in font nullfont!
Missing character: There is no å in font nullfont!
Missing character: There is no È in font nullfont!
Missing character: There is no Ç in font nullfont!
Missing character: There is no £ in font nullfont!
Missing character: There is no ‰ in font nullfont!
Missing character: There is no π in font nullfont!
Missing character: There is no à in font nullfont!
Missing character: There is no Ô in font nullfont!
Missing character: There is no º in font nullfont!
Missing character: There is no å in font nullfont!
Missing character: There is no Â in font nullfont!
Missing character: There is no à in font nullfont!
Missing character: There is no ô in font nullfont!
Missing character: There is no Á in font nullfont!
Missing character: There is no ß in font nullfont!
Missing character: There is no ∞ in font nullfont!
Missing character: There is no ‰ in font nullfont!
Missing character: There is no ∏ in font nullfont!
Missing character: There is no ∫ in font nullfont!
Missing character: There is no Â in font nullfont!
Missing character: There is no ç in font nullfont!
Missing character: There is no ï in font nullfont!
Missing character: There is no Ë in font nullfont!
Missing character: There is no ∞ in font nullfont!
Missing character: There is no É in font nullfont!
Missing character: There is no Â in font nullfont!
Missing character: There is no á in font nullfont!
Missing character: There is no Ω in font nullfont!
Missing character: There is no Ê in font nullfont!
Missing character: There is no ï in font nullfont!
Missing character: There is no ∞ in font nullfont!
Missing character: There is no „ in font nullfont!
Missing character: There is no Ä in font nullfont!
Missing character: There is no Ç in font nullfont!

Overfull \hbox (48.26733pt too wide) in paragraph at lines 30--31
[]$\OML/cmm/m/it/10 X$$R$$f \OT1/cmr/m/n/10 :
 []


Overfull \hbox (21.84715pt too wide) in paragraph at lines 30--31
\OML/cmm/m/it/10 X \OMS/cmsy/m/n/10 !
 []


Overfull \hbox (27.31595pt too wide) in paragraph at lines 30--31
\OML/cmm/m/it/10 R$$x[] \OMS/cmsy/m/n/10 2
 []


Overfull \hbox (27.31595pt too wide) in paragraph at lines 30--31
\OML/cmm/m/it/10 R$$x[] \OMS/cmsy/m/n/10 2
 []


Overfull \hbox (28.42706pt too wide) in paragraph at lines 30--31
\OML/cmm/m/it/10 R$$x[] <
 []


Overfull \hbox (44.70837pt too wide) in paragraph at lines 30--31
\OML/cmm/m/it/10 x[]$$f\OT1/cmr/m/n/10 (\OML/cmm/m/it/10 x[]\OT1/cmr/m/n/10 ) \
OMS/cmsy/m/n/10 ^^T
 []


Overfull \hbox (29.92372pt too wide) in paragraph at lines 30--31
\OML/cmm/m/it/10 f\OT1/cmr/m/n/10 (\OML/cmm/m/it/10 x[]\OT1/cmr/m/n/10 )$$\OML/
cmm/m/it/10 f$ 
 []


./p136-3-Ans.tex:34: LaTeX Error: Environment proof undefined.

See the LaTeX manual or LaTeX Companion for explanation.
Type  H <return>  for immediate help.
 ...                                              
                                                  
l.34 \begin{proof}
                  [ËØÅÊòé]
Your command was ignored.
Type  I <command> <return>  to replace it with another command,
or  <return>  to continue without it.

Missing character: There is no [ in font nullfont!
Missing character: There is no Ë in font nullfont!
Missing character: There is no Ø in font nullfont!
Missing character: There is no Å in font nullfont!
Missing character: There is no Ê in font nullfont!
Missing character: There is no ò in font nullfont!
Missing character: There is no é in font nullfont!
Missing character: There is no ] in font nullfont!

Overfull \hbox (20.0pt too wide) in paragraph at lines 34--35
[] 
 []


./p136-3-Ans.tex:36: LaTeX Error: \begin{document} ended by \end{proof}.

See the LaTeX manual or LaTeX Companion for explanation.
Type  H <return>  for immediate help.
 ...                                              
                                                  
l.36 \end{proof}
                
Your command was ignored.
Type  I <command> <return>  to replace it with another command,
or  <return>  to continue without it.

)
! Emergency stop.
<*> p136-3-Ans.tex
                  
*** (job aborted, no legal \end found)

 
Here is how much of TeX's memory you used:
 16 strings out of 494406
 259 string characters out of 6169674
 54069 words of memory out of 5000000
 3580 multiletter control sequences out of 15000+600000
 3640 words of font info for 14 fonts, out of 8000000 for 9000
 264 hyphenation exceptions out of 8191
 18i,2n,12p,283b,68s stack positions out of 5000i,500n,10000p,200000b,80000s
!  ==> Fatal error occurred, no output PDF file produced!
