This is pdfTeX, Version 3.14159265-2.6-1.40.18 (TeX Live 2017/Debian) (preloaded format=pdflatex 2018.12.23)  24 JUN 2020 11:53
entering extended mode
 restricted \write18 enabled.
 file:line:error style messages enabled.
 %&-line parsing enabled.
**p209-1-answer.tex
(./p209-1-answer.tex
LaTeX2e <2017-04-15>
Babel <3.18> and hyphenation patterns for 26 language(s) loaded.

./p209-1-answer.tex:1: LaTeX Error: Environment proof undefined.

See the LaTeX manual or LaTeX Companion for explanation.
Type  H <return>  for immediate help.
 ...                                              
                                                  
l.1 \begin{proof}
                 [Á≠î]
Your command was ignored.
Type  I <command> <return>  to replace it with another command,
or  <return>  to continue without it.


./p209-1-answer.tex:1: LaTeX Error: Missing \begin{document}.

See the LaTeX manual or LaTeX Companion for explanation.
Type  H <return>  for immediate help.
 ...                                              
                                                  
l.1 \begin{proof}[
                  Á≠î]
You're in trouble here.  Try typing  <return>  to proceed.
If that doesn't work, type  X <return>  to quit.

Missing character: There is no [ in font nullfont!
Missing character: There is no Á in font nullfont!
Missing character: There is no ≠ in font nullfont!
Missing character: There is no î in font nullfont!
Missing character: There is no ] in font nullfont!
Missing character: There is no Ë in font nullfont!
Missing character: There is no Æ in font nullfont!
Missing character: There is no æ in font nullfont!
LaTeX Font Info:    External font `cmex10' loaded for size
(Font)              <7> on input line 2.
LaTeX Font Info:    External font `cmex10' loaded for size
(Font)              <5> on input line 2.
Missing character: There is no ‰ in font nullfont!
Missing character: There is no ∏ in font nullfont!
Missing character: There is no é in font nullfont!
Missing character: There is no Ê in font nullfont!
Missing character: There is no ò in font nullfont!
Missing character: There is no Ø in font nullfont!
Missing character: There is no Â in font nullfont!
Missing character: There is no õ in font nullfont!
Missing character: There is no æ in font nullfont!
Missing character: There is no Á in font nullfont!
Missing character: There is no ö in font nullfont!
Missing character: There is no Ñ in font nullfont!
Missing character: There is no ‰ in font nullfont!
Missing character: There is no ∏ in font nullfont!
Missing character: There is no § in font nullfont!
Missing character: There is no ‰ in font nullfont!
Missing character: There is no ∏ in font nullfont!
Missing character: There is no ™ in font nullfont!
Missing character: There is no ‰ in font nullfont!
Missing character: There is no ∏ in font nullfont!
Missing character: There is no ç in font nullfont!
Missing character: There is no Â in font nullfont!
Missing character: There is no ê in font nullfont!
Missing character: There is no å in font nullfont!
Missing character: There is no È in font nullfont!
Missing character: There is no ° in font nullfont!
Missing character: There is no ∂ in font nullfont!
Missing character: There is no Á in font nullfont!
Missing character: There is no Ç in font nullfont!
Missing character: There is no π in font nullfont!
Missing character: There is no „ in font nullfont!
Missing character: There is no Ä in font nullfont!
Missing character: There is no Ç in font nullfont!
Missing character: There is no Â in font nullfont!
Missing character: There is no ¶ in font nullfont!
Missing character: There is no Ç in font nullfont!
Missing character: There is no Ê in font nullfont!
Missing character: There is no û in font nullfont!
Missing character: There is no ú in font nullfont!
Missing character: There is no ‰ in font nullfont!
Missing character: There is no ∏ in font nullfont!
Missing character: There is no é in font nullfont!
Missing character: There is no È in font nullfont!
Missing character: There is no ó in font nullfont!
Missing character: There is no ¥ in font nullfont!
Missing character: There is no Ê in font nullfont!
Missing character: There is no ú in font nullfont!
Missing character: There is no â in font nullfont!
Missing character: There is no ‰ in font nullfont!
Missing character: There is no ∏ in font nullfont!
Missing character: There is no § in font nullfont!
Missing character: There is no Ê in font nullfont!
Missing character: There is no ù in font nullfont!
Missing character: There is no ° in font nullfont!
Missing character: There is no ‰ in font nullfont!
Missing character: There is no ∏ in font nullfont!
Missing character: There is no ç in font nullfont!
Missing character: There is no Â in font nullfont!
Missing character: There is no ê in font nullfont!
Missing character: There is no å in font nullfont!
Missing character: There is no Á in font nullfont!
Missing character: There is no ö in font nullfont!
Missing character: There is no Ñ in font nullfont!
Missing character: There is no È in font nullfont!
Missing character: There is no Ä in font nullfont!
Missing character: There is no ö in font nullfont!
Missing character: There is no È in font nullfont!
Missing character: There is no Å in font nullfont!
Missing character: There is no ì in font nullfont!
Missing character: There is no Ô in font nullfont!
Missing character: There is no º in font nullfont!
Missing character: There is no å in font nullfont!
Missing character: There is no Â in font nullfont!
Missing character: There is no à in font nullfont!
Missing character: There is no ô in font nullfont!
Missing character: There is no ‰ in font nullfont!
Missing character: There is no ∏ in font nullfont!
Missing character: There is no ≠ in font nullfont!
Missing character: There is no ‰ in font nullfont!
Missing character: There is no ∏ in font nullfont!
Missing character: There is no ç in font nullfont!
Missing character: There is no ‰ in font nullfont!
Missing character: There is no ∏ in font nullfont!
Missing character: There is no Ä in font nullfont!
Missing character: There is no Â in font nullfont!
Missing character: There is no Æ in font nullfont!
Missing character: There is no ö in font nullfont!
Missing character: There is no Ê in font nullfont!
Missing character: There is no ú in font nullfont!
Missing character: There is no â in font nullfont!
Missing character: There is no Â in font nullfont!
Missing character: There is no ú in font nullfont!
Missing character: There is no à in font nullfont!
Missing character: There is no „ in font nullfont!
Missing character: There is no Ä in font nullfont!
Missing character: There is no Ç in font nullfont!
Missing character: There is no ‰ in font nullfont!
Missing character: There is no ∏ in font nullfont!
Missing character: There is no æ in font nullfont!
Missing character: There is no ‰ in font nullfont!
Missing character: There is no æ in font nullfont!
Missing character: There is no ã in font nullfont!
Missing character: There is no Â in font nullfont!
Missing character: There is no ¶ in font nullfont!
Missing character: There is no Ç in font nullfont!
Missing character: There is no ‰ in font nullfont!
Missing character: There is no ∏ in font nullfont!
Missing character: There is no ã in font nullfont!
Missing character: There is no Ô in font nullfont!
Missing character: There is no º in font nullfont!
Missing character: There is no ö in font nullfont!
Missing character: There is no Ë in font nullfont!
Missing character: There is no Ä in font nullfont!
Missing character: There is no É in font nullfont!
Missing character: There is no Ë in font nullfont!
Missing character: There is no ô in font nullfont!
Missing character: There is no ë in font nullfont!
Missing character: There is no Ô in font nullfont!
Missing character: There is no º in font nullfont!
Missing character: There is no å in font nullfont!
Missing character: There is no Â in font nullfont!
Missing character: There is no à in font nullfont!
Missing character: There is no ô in font nullfont!
Missing character: There is no Â in font nullfont!
Missing character: There is no í in font nullfont!
Missing character: There is no å in font nullfont!
Missing character: There is no ‰ in font nullfont!
Missing character: There is no ∏ in font nullfont!
Missing character: There is no ∫ in font nullfont!
Missing character: There is no ‰ in font nullfont!
Missing character: There is no ∏ in font nullfont!
Missing character: There is no é in font nullfont!
Missing character: There is no È in font nullfont!
Missing character: There is no ó in font nullfont!
Missing character: There is no ¥ in font nullfont!
Missing character: There is no ‰ in font nullfont!
Missing character: There is no ∏ in font nullfont!
Missing character: There is no § in font nullfont!
Missing character: There is no Ê in font nullfont!
Missing character: There is no ù in font nullfont!
Missing character: There is no ° in font nullfont!
Missing character: There is no ‰ in font nullfont!
Missing character: There is no ∏ in font nullfont!
Missing character: There is no ç in font nullfont!
Missing character: There is no Â in font nullfont!
Missing character: There is no ê in font nullfont!
Missing character: There is no å in font nullfont!
Missing character: There is no Á in font nullfont!
Missing character: There is no ö in font nullfont!
Missing character: There is no Ñ in font nullfont!
Missing character: There is no È in font nullfont!
Missing character: There is no Ä in font nullfont!
Missing character: There is no ö in font nullfont!
Missing character: There is no È in font nullfont!
Missing character: There is no Å in font nullfont!
Missing character: There is no ì in font nullfont!
Missing character: There is no Ô in font nullfont!
Missing character: There is no º in font nullfont!
Missing character: There is no å in font nullfont!
Missing character: There is no ‰ in font nullfont!
Missing character: There is no Ω in font nullfont!
Missing character: There is no Ü in font nullfont!
Missing character: There is no ‰ in font nullfont!
Missing character: There is no ∏ in font nullfont!
Missing character: There is no ≠ in font nullfont!
Missing character: There is no Ê in font nullfont!
Missing character: There is no ≤ in font nullfont!
Missing character: There is no ° in font nullfont!
Missing character: There is no Ê in font nullfont!
Missing character: There is no ú in font nullfont!
Missing character: There is no â in font nullfont!
Missing character: There is no Â in font nullfont!
Missing character: There is no ú in font nullfont!
Missing character: There is no à in font nullfont!
Missing character: There is no „ in font nullfont!
Missing character: There is no Ä in font nullfont!
Missing character: There is no Ç in font nullfont!

Overfull \hbox (20.0pt too wide) in paragraph at lines 1--3
[]
 []


Overfull \hbox (56.00415pt too wide) in paragraph at lines 1--3
\OML/cmm/m/it/10 u$$v$$G$$u$$v$$G$$G \OT1/cmr/m/n/10 =
 []


Overfull \hbox (118.44601pt too wide) in paragraph at lines 1--3
\OT1/cmr/m/n/10 (\OMS/cmsy/m/n/10 f\OML/cmm/m/it/10 u; v\OMS/cmsy/m/n/10 g\OML/
cmm/m/it/10 ; \OMS/cmsy/m/n/10 f\OT1/cmr/m/n/10 (\OML/cmm/m/it/10 u; v\OT1/cmr/
m/n/10 )\OMS/cmsy/m/n/10 g$$\OML/cmm/m/it/10 uv$$uvuv$$u$$v$$G$ 
 []


./p209-1-answer.tex:4: LaTeX Error: Missing \begin{document}.

See the LaTeX manual or LaTeX Companion for explanation.
Type  H <return>  for immediate help.
 ...                                              
                                                  
l.4   Â
       ¶ÇÊûú$u$‰∏é$v$Èó¥Êúâ‰∏§Êù°‰∏çÂêåÁöÑËøπÔºåÂàô$G$‰∏≠‰∏ÄÂÆöÊúâÂúà„ÄÇËØÅÊ...

You're in trouble here.  Try typing  <return>  to proceed.
If that doesn't work, type  X <return>  to quit.

Missing character: There is no Â in font nullfont!
Missing character: There is no ¶ in font nullfont!
Missing character: There is no Ç in font nullfont!
Missing character: There is no Ê in font nullfont!
Missing character: There is no û in font nullfont!
Missing character: There is no ú in font nullfont!
Missing character: There is no ‰ in font nullfont!
Missing character: There is no ∏ in font nullfont!
Missing character: There is no é in font nullfont!
Missing character: There is no È in font nullfont!
Missing character: There is no ó in font nullfont!
Missing character: There is no ¥ in font nullfont!
Missing character: There is no Ê in font nullfont!
Missing character: There is no ú in font nullfont!
Missing character: There is no â in font nullfont!
Missing character: There is no ‰ in font nullfont!
Missing character: There is no ∏ in font nullfont!
Missing character: There is no § in font nullfont!
Missing character: There is no Ê in font nullfont!
Missing character: There is no ù in font nullfont!
Missing character: There is no ° in font nullfont!
Missing character: There is no ‰ in font nullfont!
Missing character: There is no ∏ in font nullfont!
Missing character: There is no ç in font nullfont!
Missing character: There is no Â in font nullfont!
Missing character: There is no ê in font nullfont!
Missing character: There is no å in font nullfont!
Missing character: There is no Á in font nullfont!
Missing character: There is no ö in font nullfont!
Missing character: There is no Ñ in font nullfont!
Missing character: There is no Ë in font nullfont!
Missing character: There is no ø in font nullfont!
Missing character: There is no π in font nullfont!
Missing character: There is no Ô in font nullfont!
Missing character: There is no º in font nullfont!
Missing character: There is no å in font nullfont!
Missing character: There is no Â in font nullfont!
Missing character: There is no à in font nullfont!
Missing character: There is no ô in font nullfont!
Missing character: There is no ‰ in font nullfont!
Missing character: There is no ∏ in font nullfont!
Missing character: There is no ≠ in font nullfont!
Missing character: There is no ‰ in font nullfont!
Missing character: There is no ∏ in font nullfont!
Missing character: There is no Ä in font nullfont!
Missing character: There is no Â in font nullfont!
Missing character: There is no Æ in font nullfont!
Missing character: There is no ö in font nullfont!
Missing character: There is no Ê in font nullfont!
Missing character: There is no ú in font nullfont!
Missing character: There is no â in font nullfont!
Missing character: There is no Â in font nullfont!
Missing character: There is no ú in font nullfont!
Missing character: There is no à in font nullfont!
Missing character: There is no „ in font nullfont!
Missing character: There is no Ä in font nullfont!
Missing character: There is no Ç in font nullfont!
Missing character: There is no Ë in font nullfont!
Missing character: There is no Ø in font nullfont!
Missing character: There is no Å in font nullfont!
Missing character: There is no Ê in font nullfont!
Missing character: There is no ò in font nullfont!
Missing character: There is no é in font nullfont!
Missing character: There is no Â in font nullfont!
Missing character: There is no ¶ in font nullfont!
Missing character: There is no Ç in font nullfont!
Missing character: There is no ‰ in font nullfont!
Missing character: There is no ∏ in font nullfont!
Missing character: There is no ã in font nullfont!
Missing character: There is no Ô in font nullfont!
Missing character: There is no º in font nullfont!
Missing character: There is no ö in font nullfont!

Overfull \hbox (38.79308pt too wide) in paragraph at lines 4--5
[]$\OML/cmm/m/it/10 u$$v$$G$ 
 []


./p209-1-answer.tex:6: LaTeX Error: \begin{document} ended by \end{proof}.

See the LaTeX manual or LaTeX Companion for explanation.
Type  H <return>  for immediate help.
 ...                                              
                                                  
l.6 \end{proof}
               
Your command was ignored.
Type  I <command> <return>  to replace it with another command,
or  <return>  to continue without it.

)
! Emergency stop.
<*> p209-1-answer.tex
                     
*** (job aborted, no legal \end found)

 
Here is how much of TeX's memory you used:
 9 strings out of 494406
 199 string characters out of 6169674
 48069 words of memory out of 5000000
 3576 multiletter control sequences out of 15000+600000
 3640 words of font info for 14 fonts, out of 8000000 for 9000
 264 hyphenation exceptions out of 8191
 18i,1n,12p,277b,58s stack positions out of 5000i,500n,10000p,200000b,80000s
!  ==> Fatal error occurred, no output PDF file produced!
