This is pdfTeX, Version 3.14159265-2.6-1.40.18 (TeX Live 2017/Debian) (preloaded format=pdflatex 2018.12.23)  27 APR 2020 13:26
entering extended mode
 restricted \write18 enabled.
 file:line:error style messages enabled.
 %&-line parsing enabled.
**connectivity.tex
(./connectivity.tex
LaTeX2e <2017-04-15>
Babel <3.18> and hyphenation patterns for 26 language(s) loaded.
./connectivity.tex:1: Undefined control sequence.
l.1 \chapter
            {è¿é€šåº¦å’ŒåŒ¹é…}
The control sequence at the end of the top line
of your error message was never \def'ed. If you have
misspelled it (e.g., `\hobx'), type `I' and the correct
spelling (e.g., `I\hbox'). Otherwise just continue,
and I'll forget about whatever was undefined.


./connectivity.tex:1: LaTeX Error: Missing \begin{document}.

See the LaTeX manual or LaTeX Companion for explanation.
Type  H <return>  for immediate help.
 ...                                              
                                                  
l.1 \chapter{è
              ¿é€šåº¦å’ŒåŒ¹é…}
You're in trouble here.  Try typing  <return>  to proceed.
If that doesn't work, type  X <return>  to quit.

Missing character: There is no è in font nullfont!
Missing character: There is no ¿ in font nullfont!
Missing character: There is no  in font nullfont!
Missing character: There is no é in font nullfont!
Missing character: There is no € in font nullfont!
Missing character: There is no š in font nullfont!
Missing character: There is no å in font nullfont!
Missing character: There is no º in font nullfont!
Missing character: There is no ¦ in font nullfont!
Missing character: There is no å in font nullfont!
Missing character: There is no ’ in font nullfont!
Missing character: There is no Œ in font nullfont!
Missing character: There is no å in font nullfont!
Missing character: There is no Œ in font nullfont!
Missing character: There is no ¹ in font nullfont!
Missing character: There is no é in font nullfont!
Missing character: There is no … in font nullfont!
Missing character: There is no  in font nullfont!

Overfull \hbox (20.0pt too wide) in paragraph at lines 1--2
[] 
 []

./connectivity.tex:3: Undefined control sequence.
l.3 \chapter
            {}
The control sequence at the end of the top line
of your error message was never \def'ed. If you have
misspelled it (e.g., `\hobx'), type `I' and the correct
spelling (e.g., `I\hbox'). Otherwise just continue,
and I'll forget about whatever was undefined.

)
! Emergency stop.
<*> connectivity.tex
                    
*** (job aborted, no legal \end found)

 
Here is how much of TeX's memory you used:
 5 strings out of 494406
 154 string characters out of 6169674
 48069 words of memory out of 5000000
 3572 multiletter control sequences out of 15000+600000
 3640 words of font info for 14 fonts, out of 8000000 for 9000
 264 hyphenation exceptions out of 8191
 5i,0n,4p,50b,16s stack positions out of 5000i,500n,10000p,200000b,80000s
!  ==> Fatal error occurred, no output PDF file produced!
