This is pdfTeX, Version 3.14159265-2.6-1.40.19 (TeX Live 2018/W32TeX) (preloaded format=pdflatex 2018.12.24)  4 JAN 2019 10:53
entering extended mode
 restricted \write18 enabled.
 %&-line parsing enabled.
**\nonstopmode\input book.tex
(./book.tex (c:/texlive/2018/texmf-dist/tex/latex/base/book.cls
Document Class: book 2018/09/03 v1.4i Standard LaTeX document class
(c:/texlive/2018/texmf-dist/tex/latex/base/bk10.clo
File: bk10.clo 2018/09/03 v1.4i Standard LaTeX file (size option)
)
\c@part=\count80
\c@chapter=\count81
\c@section=\count82
\c@subsection=\count83
\c@subsubsection=\count84
\c@paragraph=\count85
\c@subparagraph=\count86
\c@figure=\count87
\c@table=\count88
\abovecaptionskip=\skip41
\belowcaptionskip=\skip42
\bibindent=\dimen102
)
(c:/texlive/2018/texmf-dist/tex/latex/cjk/texinput/CJKutf8.sty
Package: CJKutf8 2015/04/18 4.8.4

(c:/texlive/2018/texmf-dist/tex/generic/oberdiek/ifpdf.sty
Package: ifpdf 2018/09/07 v3.3 Provides the ifpdf switch
)
(c:/texlive/2018/texmf-dist/tex/latex/base/inputenc.sty
Package: inputenc 2018/08/11 v1.3c Input encoding file
\inpenc@prehook=\toks14
\inpenc@posthook=\toks15
)
(c:/texlive/2018/texmf-dist/tex/latex/cjk/texinput/CJK.sty
Package: CJK 2015/04/18 4.8.4

(c:/texlive/2018/texmf-dist/tex/latex/cjk/texinput/mule/MULEenc.sty
Package: MULEenc 2015/04/18 4.8.4
)
(c:/texlive/2018/texmf-dist/tex/latex/cjk/texinput/CJK.enc
File: CJK.enc 2015/04/18 4.8.4
Now handling font encoding C00 ...
... no UTF-8 mapping file for font encoding C00
Now handling font encoding C05 ...
... no UTF-8 mapping file for font encoding C05
Now handling font encoding C09 ...
... no UTF-8 mapping file for font encoding C09
Now handling font encoding C10 ...
... no UTF-8 mapping file for font encoding C10
Now handling font encoding C20 ...
... no UTF-8 mapping file for font encoding C20
Now handling font encoding C19 ...
... no UTF-8 mapping file for font encoding C19
Now handling font encoding C40 ...
... no UTF-8 mapping file for font encoding C40
Now handling font encoding C42 ...
... no UTF-8 mapping file for font encoding C42
Now handling font encoding C43 ...
... no UTF-8 mapping file for font encoding C43
Now handling font encoding C50 ...
... no UTF-8 mapping file for font encoding C50
Now handling font encoding C52 ...
... no UTF-8 mapping file for font encoding C52
Now handling font encoding C49 ...
... no UTF-8 mapping file for font encoding C49
Now handling font encoding C60 ...
... no UTF-8 mapping file for font encoding C60
Now handling font encoding C61 ...
... no UTF-8 mapping file for font encoding C61
Now handling font encoding C63 ...
... no UTF-8 mapping file for font encoding C63
Now handling font encoding C64 ...
... no UTF-8 mapping file for font encoding C64
Now handling font encoding C65 ...
... no UTF-8 mapping file for font encoding C65
Now handling font encoding C70 ...
... no UTF-8 mapping file for font encoding C70
Now handling font encoding C31 ...
... no UTF-8 mapping file for font encoding C31
Now handling font encoding C32 ...
... no UTF-8 mapping file for font encoding C32
Now handling font encoding C33 ...
... no UTF-8 mapping file for font encoding C33
Now handling font encoding C34 ...
... no UTF-8 mapping file for font encoding C34
Now handling font encoding C35 ...
... no UTF-8 mapping file for font encoding C35
Now handling font encoding C36 ...
... no UTF-8 mapping file for font encoding C36
Now handling font encoding C37 ...
... no UTF-8 mapping file for font encoding C37
Now handling font encoding C80 ...
... no UTF-8 mapping file for font encoding C80
Now handling font encoding C81 ...
... no UTF-8 mapping file for font encoding C81
Now handling font encoding C01 ...
... no UTF-8 mapping file for font encoding C01
Now handling font encoding C11 ...
... no UTF-8 mapping file for font encoding C11
Now handling font encoding C21 ...
... no UTF-8 mapping file for font encoding C21
Now handling font encoding C41 ...
... no UTF-8 mapping file for font encoding C41
Now handling font encoding C62 ...
... no UTF-8 mapping file for font encoding C62
)
LaTeX Info: Redefining \selectfont on input line 755.
\CJK@indent=\box27
)
(c:/texlive/2018/texmf-dist/tex/latex/base/fontenc.sty
Package: fontenc 2018/08/11 v2.0j Standard LaTeX package
))
(c:/texlive/2018/texmf-dist/tex/latex/amsmath/amsmath.sty
Package: amsmath 2018/12/01 v2.17b AMS math features
\@mathmargin=\skip43

For additional information on amsmath, use the `?' option.
(c:/texlive/2018/texmf-dist/tex/latex/amsmath/amstext.sty
Package: amstext 2000/06/29 v2.01 AMS text

(c:/texlive/2018/texmf-dist/tex/latex/amsmath/amsgen.sty
File: amsgen.sty 1999/11/30 v2.0 generic functions
\@emptytoks=\toks16
\ex@=\dimen103
))
(c:/texlive/2018/texmf-dist/tex/latex/amsmath/amsbsy.sty
Package: amsbsy 1999/11/29 v1.2d Bold Symbols
\pmbraise@=\dimen104
)
(c:/texlive/2018/texmf-dist/tex/latex/amsmath/amsopn.sty
Package: amsopn 2016/03/08 v2.02 operator names
)
\inf@bad=\count89
LaTeX Info: Redefining \frac on input line 223.
\uproot@=\count90
\leftroot@=\count91
LaTeX Info: Redefining \overline on input line 385.
\classnum@=\count92
\DOTSCASE@=\count93
LaTeX Info: Redefining \ldots on input line 482.
LaTeX Info: Redefining \dots on input line 485.
LaTeX Info: Redefining \cdots on input line 606.
\Mathstrutbox@=\box28
\strutbox@=\box29
\big@size=\dimen105
LaTeX Font Info:    Redeclaring font encoding OML on input line 729.
LaTeX Font Info:    Redeclaring font encoding OMS on input line 730.
\macc@depth=\count94
\c@MaxMatrixCols=\count95
\dotsspace@=\muskip10
\c@parentequation=\count96
\dspbrk@lvl=\count97
\tag@help=\toks17
\row@=\count98
\column@=\count99
\maxfields@=\count100
\andhelp@=\toks18
\eqnshift@=\dimen106
\alignsep@=\dimen107
\tagshift@=\dimen108
\tagwidth@=\dimen109
\totwidth@=\dimen110
\lineht@=\dimen111
\@envbody=\toks19
\multlinegap=\skip44
\multlinetaggap=\skip45
\mathdisplay@stack=\toks20
LaTeX Info: Redefining \[ on input line 2844.
LaTeX Info: Redefining \] on input line 2845.
)
(c:/texlive/2018/texmf-dist/tex/latex/amsfonts/amsfonts.sty
Package: amsfonts 2013/01/14 v3.01 Basic AMSFonts support
\symAMSa=\mathgroup4
\symAMSb=\mathgroup5
LaTeX Font Info:    Overwriting math alphabet `\mathfrak' in version `bold'
(Font)                  U/euf/m/n --> U/euf/b/n on input line 106.
)
(c:/texlive/2018/texmf-dist/tex/latex/amscls/amsthm.sty
Package: amsthm 2017/10/31 v2.20.4
\thm@style=\toks21
\thm@bodyfont=\toks22
\thm@headfont=\toks23
\thm@notefont=\toks24
\thm@headpunct=\toks25
\thm@preskip=\skip46
\thm@postskip=\skip47
\thm@headsep=\skip48
\dth@everypar=\toks26
) (./titlesec.sty
Package: titlesec 2016/03/21 v2.10.2 Sectioning titles
\ttl@box=\box30
\beforetitleunit=\skip49
\aftertitleunit=\skip50
\ttl@plus=\dimen112
\ttl@minus=\dimen113
\ttl@toksa=\toks27
\titlewidth=\dimen114
\titlewidthlast=\dimen115
\titlewidthfirst=\dimen116
)
(./titletoc.sty
Package: titletoc 2011/12/15 v1.6 TOC entries
\ttl@leftsep=\dimen117
) (./xCJKnumb.sty
Package: xCJKnumb 2006/10/17 4.7.0
\xCJK@q=\count101
\xCJK@r=\count102
)
(c:/texlive/2018/texmf-dist/tex/latex/pgf/frontendlayer/tikz.sty
(c:/texlive/2018/texmf-dist/tex/latex/pgf/basiclayer/pgf.sty
(c:/texlive/2018/texmf-dist/tex/latex/pgf/utilities/pgfrcs.sty
(c:/texlive/2018/texmf-dist/tex/generic/pgf/utilities/pgfutil-common.tex
\pgfutil@everybye=\toks28
\pgfutil@tempdima=\dimen118
\pgfutil@tempdimb=\dimen119

(c:/texlive/2018/texmf-dist/tex/generic/pgf/utilities/pgfutil-common-lists.tex)
) (c:/texlive/2018/texmf-dist/tex/generic/pgf/utilities/pgfutil-latex.def
\pgfutil@abb=\box31

(c:/texlive/2018/texmf-dist/tex/latex/ms/everyshi.sty
Package: everyshi 2001/05/15 v3.00 EveryShipout Package (MS)
))
(c:/texlive/2018/texmf-dist/tex/generic/pgf/utilities/pgfrcs.code.tex
Package: pgfrcs 2015/08/07 v3.0.1a (rcs-revision 1.31)
))
Package: pgf 2015/08/07 v3.0.1a (rcs-revision 1.15)

(c:/texlive/2018/texmf-dist/tex/latex/pgf/basiclayer/pgfcore.sty
(c:/texlive/2018/texmf-dist/tex/latex/graphics/graphicx.sty
Package: graphicx 2017/06/01 v1.1a Enhanced LaTeX Graphics (DPC,SPQR)

(c:/texlive/2018/texmf-dist/tex/latex/graphics/keyval.sty
Package: keyval 2014/10/28 v1.15 key=value parser (DPC)
\KV@toks@=\toks29
)
(c:/texlive/2018/texmf-dist/tex/latex/graphics/graphics.sty
Package: graphics 2017/06/25 v1.2c Standard LaTeX Graphics (DPC,SPQR)

(c:/texlive/2018/texmf-dist/tex/latex/graphics/trig.sty
Package: trig 2016/01/03 v1.10 sin cos tan (DPC)
)
(c:/texlive/2018/texmf-dist/tex/latex/graphics-cfg/graphics.cfg
File: graphics.cfg 2016/06/04 v1.11 sample graphics configuration
)
Package graphics Info: Driver file: pdftex.def on input line 99.

(c:/texlive/2018/texmf-dist/tex/latex/graphics-def/pdftex.def
File: pdftex.def 2018/01/08 v1.0l Graphics/color driver for pdftex
))
\Gin@req@height=\dimen120
\Gin@req@width=\dimen121
)
(c:/texlive/2018/texmf-dist/tex/latex/pgf/systemlayer/pgfsys.sty
(c:/texlive/2018/texmf-dist/tex/generic/pgf/systemlayer/pgfsys.code.tex
Package: pgfsys 2014/07/09 v3.0.1a (rcs-revision 1.48)

(c:/texlive/2018/texmf-dist/tex/generic/pgf/utilities/pgfkeys.code.tex
\pgfkeys@pathtoks=\toks30
\pgfkeys@temptoks=\toks31

(c:/texlive/2018/texmf-dist/tex/generic/pgf/utilities/pgfkeysfiltered.code.tex
\pgfkeys@tmptoks=\toks32
))
\pgf@x=\dimen122
\pgf@y=\dimen123
\pgf@xa=\dimen124
\pgf@ya=\dimen125
\pgf@xb=\dimen126
\pgf@yb=\dimen127
\pgf@xc=\dimen128
\pgf@yc=\dimen129
\w@pgf@writea=\write3
\r@pgf@reada=\read1
\c@pgf@counta=\count103
\c@pgf@countb=\count104
\c@pgf@countc=\count105
\c@pgf@countd=\count106
\t@pgf@toka=\toks33
\t@pgf@tokb=\toks34
\t@pgf@tokc=\toks35
 (c:/texlive/2018/texmf-dist/tex/generic/pgf/systemlayer/pgf.cfg
File: pgf.cfg 2008/05/14  (rcs-revision 1.7)
)
Driver file for pgf: pgfsys-pdftex.def

(c:/texlive/2018/texmf-dist/tex/generic/pgf/systemlayer/pgfsys-pdftex.def
File: pgfsys-pdftex.def 2014/10/11  (rcs-revision 1.35)

(c:/texlive/2018/texmf-dist/tex/generic/pgf/systemlayer/pgfsys-common-pdf.def
File: pgfsys-common-pdf.def 2013/10/10  (rcs-revision 1.13)
)))
(c:/texlive/2018/texmf-dist/tex/generic/pgf/systemlayer/pgfsyssoftpath.code.tex
File: pgfsyssoftpath.code.tex 2013/09/09  (rcs-revision 1.9)
\pgfsyssoftpath@smallbuffer@items=\count107
\pgfsyssoftpath@bigbuffer@items=\count108
)
(c:/texlive/2018/texmf-dist/tex/generic/pgf/systemlayer/pgfsysprotocol.code.tex
File: pgfsysprotocol.code.tex 2006/10/16  (rcs-revision 1.4)
)) (c:/texlive/2018/texmf-dist/tex/latex/xcolor/xcolor.sty
Package: xcolor 2016/05/11 v2.12 LaTeX color extensions (UK)

(c:/texlive/2018/texmf-dist/tex/latex/graphics-cfg/color.cfg
File: color.cfg 2016/01/02 v1.6 sample color configuration
)
Package xcolor Info: Driver file: pdftex.def on input line 225.
Package xcolor Info: Model `cmy' substituted by `cmy0' on input line 1348.
Package xcolor Info: Model `hsb' substituted by `rgb' on input line 1352.
Package xcolor Info: Model `RGB' extended on input line 1364.
Package xcolor Info: Model `HTML' substituted by `rgb' on input line 1366.
Package xcolor Info: Model `Hsb' substituted by `hsb' on input line 1367.
Package xcolor Info: Model `tHsb' substituted by `hsb' on input line 1368.
Package xcolor Info: Model `HSB' substituted by `hsb' on input line 1369.
Package xcolor Info: Model `Gray' substituted by `gray' on input line 1370.
Package xcolor Info: Model `wave' substituted by `hsb' on input line 1371.
)
(c:/texlive/2018/texmf-dist/tex/generic/pgf/basiclayer/pgfcore.code.tex
Package: pgfcore 2010/04/11 v3.0.1a (rcs-revision 1.7)

(c:/texlive/2018/texmf-dist/tex/generic/pgf/math/pgfmath.code.tex
(c:/texlive/2018/texmf-dist/tex/generic/pgf/math/pgfmathcalc.code.tex
(c:/texlive/2018/texmf-dist/tex/generic/pgf/math/pgfmathutil.code.tex)
(c:/texlive/2018/texmf-dist/tex/generic/pgf/math/pgfmathparser.code.tex
\pgfmath@dimen=\dimen130
\pgfmath@count=\count109
\pgfmath@box=\box32
\pgfmath@toks=\toks36
\pgfmath@stack@operand=\toks37
\pgfmath@stack@operation=\toks38
)
(c:/texlive/2018/texmf-dist/tex/generic/pgf/math/pgfmathfunctions.code.tex
(c:/texlive/2018/texmf-dist/tex/generic/pgf/math/pgfmathfunctions.basic.code.te
x)
(c:/texlive/2018/texmf-dist/tex/generic/pgf/math/pgfmathfunctions.trigonometric
.code.tex)
(c:/texlive/2018/texmf-dist/tex/generic/pgf/math/pgfmathfunctions.random.code.t
ex)
(c:/texlive/2018/texmf-dist/tex/generic/pgf/math/pgfmathfunctions.comparison.co
de.tex)
(c:/texlive/2018/texmf-dist/tex/generic/pgf/math/pgfmathfunctions.base.code.tex
)
(c:/texlive/2018/texmf-dist/tex/generic/pgf/math/pgfmathfunctions.round.code.te
x)
(c:/texlive/2018/texmf-dist/tex/generic/pgf/math/pgfmathfunctions.misc.code.tex
)
(c:/texlive/2018/texmf-dist/tex/generic/pgf/math/pgfmathfunctions.integerarithm
etics.code.tex)))
(c:/texlive/2018/texmf-dist/tex/generic/pgf/math/pgfmathfloat.code.tex
\c@pgfmathroundto@lastzeros=\count110
))
(c:/texlive/2018/texmf-dist/tex/generic/pgf/basiclayer/pgfcorepoints.code.tex
File: pgfcorepoints.code.tex 2013/10/07  (rcs-revision 1.27)
\pgf@picminx=\dimen131
\pgf@picmaxx=\dimen132
\pgf@picminy=\dimen133
\pgf@picmaxy=\dimen134
\pgf@pathminx=\dimen135
\pgf@pathmaxx=\dimen136
\pgf@pathminy=\dimen137
\pgf@pathmaxy=\dimen138
\pgf@xx=\dimen139
\pgf@xy=\dimen140
\pgf@yx=\dimen141
\pgf@yy=\dimen142
\pgf@zx=\dimen143
\pgf@zy=\dimen144
)
(c:/texlive/2018/texmf-dist/tex/generic/pgf/basiclayer/pgfcorepathconstruct.cod
e.tex
File: pgfcorepathconstruct.code.tex 2013/10/07  (rcs-revision 1.29)
\pgf@path@lastx=\dimen145
\pgf@path@lasty=\dimen146
)
(c:/texlive/2018/texmf-dist/tex/generic/pgf/basiclayer/pgfcorepathusage.code.te
x
File: pgfcorepathusage.code.tex 2014/11/02  (rcs-revision 1.24)
\pgf@shorten@end@additional=\dimen147
\pgf@shorten@start@additional=\dimen148
)
(c:/texlive/2018/texmf-dist/tex/generic/pgf/basiclayer/pgfcorescopes.code.tex
File: pgfcorescopes.code.tex 2015/05/08  (rcs-revision 1.46)
\pgfpic=\box33
\pgf@hbox=\box34
\pgf@layerbox@main=\box35
\pgf@picture@serial@count=\count111
)
(c:/texlive/2018/texmf-dist/tex/generic/pgf/basiclayer/pgfcoregraphicstate.code
.tex
File: pgfcoregraphicstate.code.tex 2014/11/02  (rcs-revision 1.12)
\pgflinewidth=\dimen149
)
(c:/texlive/2018/texmf-dist/tex/generic/pgf/basiclayer/pgfcoretransformations.c
ode.tex
File: pgfcoretransformations.code.tex 2015/08/07  (rcs-revision 1.20)
\pgf@pt@x=\dimen150
\pgf@pt@y=\dimen151
\pgf@pt@temp=\dimen152
)
(c:/texlive/2018/texmf-dist/tex/generic/pgf/basiclayer/pgfcorequick.code.tex
File: pgfcorequick.code.tex 2008/10/09  (rcs-revision 1.3)
)
(c:/texlive/2018/texmf-dist/tex/generic/pgf/basiclayer/pgfcoreobjects.code.tex
File: pgfcoreobjects.code.tex 2006/10/11  (rcs-revision 1.2)
)
(c:/texlive/2018/texmf-dist/tex/generic/pgf/basiclayer/pgfcorepathprocessing.co
de.tex
File: pgfcorepathprocessing.code.tex 2013/09/09  (rcs-revision 1.9)
)
(c:/texlive/2018/texmf-dist/tex/generic/pgf/basiclayer/pgfcorearrows.code.tex
File: pgfcorearrows.code.tex 2015/05/14  (rcs-revision 1.43)
\pgfarrowsep=\dimen153
)
(c:/texlive/2018/texmf-dist/tex/generic/pgf/basiclayer/pgfcoreshade.code.tex
File: pgfcoreshade.code.tex 2013/07/15  (rcs-revision 1.15)
\pgf@max=\dimen154
\pgf@sys@shading@range@num=\count112
)
(c:/texlive/2018/texmf-dist/tex/generic/pgf/basiclayer/pgfcoreimage.code.tex
File: pgfcoreimage.code.tex 2013/07/15  (rcs-revision 1.18)

(c:/texlive/2018/texmf-dist/tex/generic/pgf/basiclayer/pgfcoreexternal.code.tex
File: pgfcoreexternal.code.tex 2014/07/09  (rcs-revision 1.21)
\pgfexternal@startupbox=\box36
))
(c:/texlive/2018/texmf-dist/tex/generic/pgf/basiclayer/pgfcorelayers.code.tex
File: pgfcorelayers.code.tex 2013/07/18  (rcs-revision 1.7)
)
(c:/texlive/2018/texmf-dist/tex/generic/pgf/basiclayer/pgfcoretransparency.code
.tex
File: pgfcoretransparency.code.tex 2013/09/30  (rcs-revision 1.5)
)
(c:/texlive/2018/texmf-dist/tex/generic/pgf/basiclayer/pgfcorepatterns.code.tex
File: pgfcorepatterns.code.tex 2013/11/07  (rcs-revision 1.5)
)))
(c:/texlive/2018/texmf-dist/tex/generic/pgf/modules/pgfmoduleshapes.code.tex
File: pgfmoduleshapes.code.tex 2014/03/21  (rcs-revision 1.35)
\pgfnodeparttextbox=\box37
)
(c:/texlive/2018/texmf-dist/tex/generic/pgf/modules/pgfmoduleplot.code.tex
File: pgfmoduleplot.code.tex 2015/08/03  (rcs-revision 1.13)
)
(c:/texlive/2018/texmf-dist/tex/latex/pgf/compatibility/pgfcomp-version-0-65.st
y
Package: pgfcomp-version-0-65 2007/07/03 v3.0.1a (rcs-revision 1.7)
\pgf@nodesepstart=\dimen155
\pgf@nodesepend=\dimen156
)
(c:/texlive/2018/texmf-dist/tex/latex/pgf/compatibility/pgfcomp-version-1-18.st
y
Package: pgfcomp-version-1-18 2007/07/23 v3.0.1a (rcs-revision 1.1)
)) (c:/texlive/2018/texmf-dist/tex/latex/pgf/utilities/pgffor.sty
(c:/texlive/2018/texmf-dist/tex/latex/pgf/utilities/pgfkeys.sty
(c:/texlive/2018/texmf-dist/tex/generic/pgf/utilities/pgfkeys.code.tex))
(c:/texlive/2018/texmf-dist/tex/latex/pgf/math/pgfmath.sty
(c:/texlive/2018/texmf-dist/tex/generic/pgf/math/pgfmath.code.tex))
(c:/texlive/2018/texmf-dist/tex/generic/pgf/utilities/pgffor.code.tex
Package: pgffor 2013/12/13 v3.0.1a (rcs-revision 1.25)

(c:/texlive/2018/texmf-dist/tex/generic/pgf/math/pgfmath.code.tex)
\pgffor@iter=\dimen157
\pgffor@skip=\dimen158
\pgffor@stack=\toks39
\pgffor@toks=\toks40
))
(c:/texlive/2018/texmf-dist/tex/generic/pgf/frontendlayer/tikz/tikz.code.tex
Package: tikz 2015/08/07 v3.0.1a (rcs-revision 1.151)

(c:/texlive/2018/texmf-dist/tex/generic/pgf/libraries/pgflibraryplothandlers.co
de.tex
File: pgflibraryplothandlers.code.tex 2013/08/31 v3.0.1a (rcs-revision 1.20)
\pgf@plot@mark@count=\count113
\pgfplotmarksize=\dimen159
)
\tikz@lastx=\dimen160
\tikz@lasty=\dimen161
\tikz@lastxsaved=\dimen162
\tikz@lastysaved=\dimen163
\tikzleveldistance=\dimen164
\tikzsiblingdistance=\dimen165
\tikz@figbox=\box38
\tikz@figbox@bg=\box39
\tikz@tempbox=\box40
\tikz@tempbox@bg=\box41
\tikztreelevel=\count114
\tikznumberofchildren=\count115
\tikznumberofcurrentchild=\count116
\tikz@fig@count=\count117

(c:/texlive/2018/texmf-dist/tex/generic/pgf/modules/pgfmodulematrix.code.tex
File: pgfmodulematrix.code.tex 2013/09/17  (rcs-revision 1.8)
\pgfmatrixcurrentrow=\count118
\pgfmatrixcurrentcolumn=\count119
\pgf@matrix@numberofcolumns=\count120
)
\tikz@expandcount=\count121

(c:/texlive/2018/texmf-dist/tex/generic/pgf/frontendlayer/tikz/libraries/tikzli
brarytopaths.code.tex
File: tikzlibrarytopaths.code.tex 2008/06/17 v3.0.1a (rcs-revision 1.2)
))) (./book.aux)
\openout1 = `book.aux'.

LaTeX Font Info:    Checking defaults for OML/cmm/m/it on input line 10.
LaTeX Font Info:    ... okay on input line 10.
LaTeX Font Info:    Checking defaults for T1/cmr/m/n on input line 10.
LaTeX Font Info:    ... okay on input line 10.
LaTeX Font Info:    Checking defaults for OT1/cmr/m/n on input line 10.
LaTeX Font Info:    ... okay on input line 10.
LaTeX Font Info:    Checking defaults for OMS/cmsy/m/n on input line 10.
LaTeX Font Info:    ... okay on input line 10.
LaTeX Font Info:    Checking defaults for OMX/cmex/m/n on input line 10.
LaTeX Font Info:    ... okay on input line 10.
LaTeX Font Info:    Checking defaults for U/cmr/m/n on input line 10.
LaTeX Font Info:    ... okay on input line 10.
LaTeX Font Info:    Checking defaults for C00/song/m/n on input line 10.
LaTeX Font Info:    ... okay on input line 10.
LaTeX Font Info:    Checking defaults for C05/song/m/n on input line 10.
LaTeX Font Info:    ... okay on input line 10.
LaTeX Font Info:    Checking defaults for C09/song/m/n on input line 10.
LaTeX Font Info:    ... okay on input line 10.
LaTeX Font Info:    Checking defaults for C10/song/m/n on input line 10.
LaTeX Font Info:    ... okay on input line 10.
LaTeX Font Info:    Checking defaults for C20/song/m/n on input line 10.
LaTeX Font Info:    ... okay on input line 10.
LaTeX Font Info:    Checking defaults for C19/song/m/n on input line 10.
LaTeX Font Info:    ... okay on input line 10.
LaTeX Font Info:    Checking defaults for C40/song/m/n on input line 10.
LaTeX Font Info:    ... okay on input line 10.
LaTeX Font Info:    Checking defaults for C42/song/m/n on input line 10.
LaTeX Font Info:    ... okay on input line 10.
LaTeX Font Info:    Checking defaults for C43/song/m/n on input line 10.
LaTeX Font Info:    ... okay on input line 10.
LaTeX Font Info:    Checking defaults for C50/song/m/n on input line 10.
LaTeX Font Info:    ... okay on input line 10.
LaTeX Font Info:    Checking defaults for C52/song/m/n on input line 10.
LaTeX Font Info:    ... okay on input line 10.
LaTeX Font Info:    Checking defaults for C49/song/m/n on input line 10.
LaTeX Font Info:    ... okay on input line 10.
LaTeX Font Info:    Checking defaults for C60/mj/m/n on input line 10.
LaTeX Font Info:    ... okay on input line 10.
LaTeX Font Info:    Checking defaults for C61/mj/m/n on input line 10.
LaTeX Font Info:    ... okay on input line 10.
LaTeX Font Info:    Checking defaults for C63/mj/m/n on input line 10.
LaTeX Font Info:    ... okay on input line 10.
LaTeX Font Info:    Checking defaults for C64/mj/m/n on input line 10.
LaTeX Font Info:    ... okay on input line 10.
LaTeX Font Info:    Checking defaults for C65/mj/m/n on input line 10.
LaTeX Font Info:    ... okay on input line 10.
LaTeX Font Info:    Checking defaults for C70/song/m/n on input line 10.
LaTeX Font Info:    ... okay on input line 10.
LaTeX Font Info:    Checking defaults for C31/song/m/n on input line 10.
LaTeX Font Info:    ... okay on input line 10.
LaTeX Font Info:    Checking defaults for C32/song/m/n on input line 10.
LaTeX Font Info:    ... okay on input line 10.
LaTeX Font Info:    Checking defaults for C33/song/m/n on input line 10.
LaTeX Font Info:    ... okay on input line 10.
LaTeX Font Info:    Checking defaults for C34/song/m/n on input line 10.
LaTeX Font Info:    ... okay on input line 10.
LaTeX Font Info:    Checking defaults for C35/song/m/n on input line 10.
LaTeX Font Info:    ... okay on input line 10.
LaTeX Font Info:    Checking defaults for C36/song/m/n on input line 10.
LaTeX Font Info:    ... okay on input line 10.
LaTeX Font Info:    Checking defaults for C37/song/m/n on input line 10.
LaTeX Font Info:    ... okay on input line 10.
LaTeX Font Info:    Checking defaults for C80/song/m/n on input line 10.
LaTeX Font Info:    ... okay on input line 10.
LaTeX Font Info:    Checking defaults for C81/song/m/n on input line 10.
LaTeX Font Info:    ... okay on input line 10.
LaTeX Font Info:    Checking defaults for C01/song/m/n on input line 10.
LaTeX Font Info:    ... okay on input line 10.
LaTeX Font Info:    Checking defaults for C11/song/m/n on input line 10.
LaTeX Font Info:    ... okay on input line 10.
LaTeX Font Info:    Checking defaults for C21/song/m/n on input line 10.
LaTeX Font Info:    ... okay on input line 10.
LaTeX Font Info:    Checking defaults for C41/song/m/n on input line 10.
LaTeX Font Info:    ... okay on input line 10.
LaTeX Font Info:    Checking defaults for C62/song/m/n on input line 10.
LaTeX Font Info:    ... okay on input line 10.
 ABD: EveryShipout initializing macros
(c:/texlive/2018/texmf-dist/tex/context/base/mkii/supp-pdf.mkii
[Loading MPS to PDF converter (version 2006.09.02).]
\scratchcounter=\count122
\scratchdimen=\dimen166
\scratchbox=\box42
\nofMPsegments=\count123
\nofMParguments=\count124
\everyMPshowfont=\toks41
\MPscratchCnt=\count125
\MPscratchDim=\dimen167
\MPnumerator=\count126
\makeMPintoPDFobject=\count127
\everyMPtoPDFconversion=\toks42
) (c:/texlive/2018/texmf-dist/tex/latex/oberdiek/epstopdf-base.sty
Package: epstopdf-base 2016/05/15 v2.6 Base part for package epstopdf

(c:/texlive/2018/texmf-dist/tex/generic/oberdiek/infwarerr.sty
Package: infwarerr 2016/05/16 v1.4 Providing info/warning/error messages (HO)
)
(c:/texlive/2018/texmf-dist/tex/latex/oberdiek/grfext.sty
Package: grfext 2016/05/16 v1.2 Manage graphics extensions (HO)

(c:/texlive/2018/texmf-dist/tex/generic/oberdiek/kvdefinekeys.sty
Package: kvdefinekeys 2016/05/16 v1.4 Define keys (HO)

(c:/texlive/2018/texmf-dist/tex/generic/oberdiek/ltxcmds.sty
Package: ltxcmds 2016/05/16 v1.23 LaTeX kernel commands for general use (HO)
)))
(c:/texlive/2018/texmf-dist/tex/latex/oberdiek/kvoptions.sty
Package: kvoptions 2016/05/16 v3.12 Key value format for package options (HO)

(c:/texlive/2018/texmf-dist/tex/generic/oberdiek/kvsetkeys.sty
Package: kvsetkeys 2016/05/16 v1.17 Key value parser (HO)

(c:/texlive/2018/texmf-dist/tex/generic/oberdiek/etexcmds.sty
Package: etexcmds 2016/05/16 v1.6 Avoid name clashes with e-TeX commands (HO)

(c:/texlive/2018/texmf-dist/tex/generic/oberdiek/ifluatex.sty
Package: ifluatex 2016/05/16 v1.4 Provides the ifluatex switch (HO)
Package ifluatex Info: LuaTeX not detected.
)
Package etexcmds Info: Could not find \expanded.
(etexcmds)             That can mean that you are not using pdfTeX 1.50 or
(etexcmds)             that some package has redefined \expanded.
(etexcmds)             In the latter case, load this package earlier.
)))
(c:/texlive/2018/texmf-dist/tex/generic/oberdiek/pdftexcmds.sty
Package: pdftexcmds 2018/09/10 v0.29 Utility functions of pdfTeX for LuaTeX (HO
)
Package pdftexcmds Info: LuaTeX not detected.
Package pdftexcmds Info: \pdf@primitive is available.
Package pdftexcmds Info: \pdf@ifprimitive is available.
Package pdftexcmds Info: \pdfdraftmode found.
)
Package epstopdf-base Info: Redefining graphics rule for `.eps' on input line 4
38.
Package grfext Info: Graphics extension search list:
(grfext)             [.pdf,.png,.jpg,.mps,.jpeg,.jbig2,.jb2,.PDF,.PNG,.JPG,.JPE
G,.JBIG2,.JB2,.eps]
(grfext)             \AppendGraphicsExtensions on input line 456.

(c:/texlive/2018/texmf-dist/tex/latex/latexconfig/epstopdf-sys.cfg
File: epstopdf-sys.cfg 2010/07/13 v1.3 Configuration of (r)epstopdf for TeX Liv
e
))
(c:/texlive/2018/texmf-dist/tex/latex/cjk/texinput/UTF8/UTF8.bdg
File: UTF8.bdg 2015/04/18 4.8.4
)
(c:/texlive/2018/texmf-dist/tex/latex/cjk/texinput/UTF8/UTF8.enc
File: UTF8.enc 2015/04/18 4.8.4
)
(c:/texlive/2018/texmf-dist/tex/latex/cjk/texinput/UTF8/UTF8.chr
File: UTF8.chr 2015/04/18 4.8.4
)
LaTeX Font Info:    Try loading font information for C70+gbsn on input line 14.


(c:/texlive/2018/texmf-dist/tex/latex/cjk/texinput/UTF8/c70gbsn.fd
File: c70gbsn.fd 2015/04/18 4.8.4
)
(c:/texlive/2018/texmf-dist/tex/latex/cjk/texinput/UTF8/c70gbsn.fdx
File: c70gbsn.fdx 2015/04/18 4.8.4
)
LaTeX Font Info:    Try loading font information for U+msa on input line 14.

(c:/texlive/2018/texmf-dist/tex/latex/amsfonts/umsa.fd
File: umsa.fd 2013/01/14 v3.01 AMS symbols A
)
LaTeX Font Info:    Try loading font information for U+msb on input line 14.

(c:/texlive/2018/texmf-dist/tex/latex/amsfonts/umsb.fd
File: umsb.fd 2013/01/14 v3.01 AMS symbols B
) [1


{c:/texlive/2018/texmf-var/fonts/map/pdftex/updmap/pdftex.map}]
\c@Ex=\count128
 (./set.tex [2

]
Chapter 1.

LaTeX Font Warning: Font shape `C70/gbsn/m/it' undefined
(Font)              using `C70/gbsn/m/n' instead on input line 3.

) (./function.tex [3]

LaTeX Font Warning: Font shape `C70/gbsn/m/sl' undefined
(Font)              using `C70/gbsn/m/n' instead on input line 1.

[4

]
Chapter 2.
) (./permutation.tex [5] [6

]
Chapter 3.
) (./euler.tex [7] [8

]
Chapter 4.
[9]) (./miscellaneous.tex [10]
Chapter 5.
) (./set_ans.tex [11

] [12

]
Chapter 1.
) (./function_ans.tex [13] [14

]
Chapter 2.
) (./permutation_ans.tex [15] [16

]
Chapter 3.

Overfull \hbox (4.5632pt too wide) in paragraph at lines 10--12
[]\C70/gbsn/m/it/10/8b ° \C70/gbsn/m/n/10/5f ^^O[]\C70/gbsn/m/n/10/53 ó \C70/gb
sn/m/n/10/8f ¹ \C70/gbsn/m/n/10/5c U \C70/gbsn/m/n/10/5f ^^@ \C70/gbsn/m/n/10/4
e K \C70/gbsn/m/n/10/54 ^^N$\OML/cmm/m/it/10 x[]$\C70/gbsn/m/n/10/76 „ \C70/gbs
n/m/n/10/7c û \C70/gbsn/m/n/10/65 p \C70/gbsn/m/n/10/4e :$\OML/cmm/m/it/10 S[]\
OT1/cmr/m/n/10 (\OML/cmm/m/it/10 n; k\OT1/cmr/m/n/10 )$\C70/gbsn/m/n/10/ff ^^L 
\C70/gbsn/m/n/10/4e å  \C70/gbsn/m/it/10/8b Á \C70/gbsn/m/n/10/66 ^^N$\OML/cmm
/m/it/10 S[]\OT1/cmr/m/n/10 (\OML/cmm/m/it/10 n; k\OT1/cmr/m/n/10 ) = \OML/cmm/
m/it/10 S\OT1/cmr/m/n/10 (\OML/cmm/m/it/10 n; k\OT1/cmr/m/n/10 )$\C70/gbsn/m/n/
10/30 ^^B 
 []


Overfull \hbox (15.75922pt too wide) in paragraph at lines 57--59
\C70/gbsn/m/n/10/75 1 \C70/gbsn/m/n/10/6b d \C70/gbsn/m/n/10/ff ^^L \C70/gbsn/m
/n/10/62 ^^Q \C70/gbsn/m/n/10/4e ì \C70/gbsn/m/n/10/5f — \C70/gbsn/m/n/10/52 0$
\OML/cmm/m/it/10 S\OT1/cmr/m/n/10 (\OML/cmm/m/it/10 n; k\OT1/cmr/m/n/10 )$\C70/
gbsn/m/n/10/54 Œ$\OML/cmm/m/it/10 S[]\OT1/cmr/m/n/10 (\OML/cmm/m/it/10 n; k\OT1
/cmr/m/n/10 )$\C70/gbsn/m/n/10/76 „ \C70/gbsn/m/n/10/90 ^^R \C70/gbsn/m/n/10/63
 ¨ \C70/gbsn/m/n/10/51 s \C70/gbsn/m/n/10/7c û \C70/gbsn/m/n/10/5f ^^O \C70/gbs
n/m/n/10/66 / \C70/gbsn/m/n/10/4e ^^@ \C70/gbsn/m/n/10/81 ô \C70/gbsn/m/n/10/76
 „ \C70/gbsn/m/n/10/ff ^^L \C70/gbsn/m/n/10/56 à \C70/gbsn/m/n/10/6b d$\OML/cmm
/m/it/10 S\OT1/cmr/m/n/10 (\OML/cmm/m/it/10 n; k\OT1/cmr/m/n/10 ) = \OML/cmm/m/
it/10 S[]\OT1/cmr/m/n/10 (\OML/cmm/m/it/10 n; k\OT1/cmr/m/n/10 )$\C70/gbsn/m/n/
10/30 ^^B
 []

[17]) (./miscellaneous_ans.tex [18]
Chapter 4.

Overfull \hbox (3.11142pt too wide) in paragraph at lines 33--37
\C70/gbsn/m/n/10/68 9 \C70/gbsn/m/n/10/63 n \C70/gbsn/m/n/10/4e 
 \C70/gbsn/m/n/10/5f ^^O \C70/gbsn/m/n/10/53 ó \C70/gbsn/m/n/10/7a ï \C70/gbsn/
m/n/10/4e : \C70/gbsn/m/n/10/50 v \C70/gbsn/m/n/10/65 p \C70/gbsn/m/n/10/62 ^^V
 \C70/gbsn/m/n/10/59 G \C70/gbsn/m/n/10/65 p \C70/gbsn/m/n/10/ff ^^L \C70/gbsn/
m/n/10/53 ï \C70/gbsn/m/n/10/5f —$\OML/cmm/m/it/10 y[]$\C70/gbsn/m/n/10/4e :$\O
T1/cmr/m/n/10 0$\C70/gbsn/m/n/10/62 ^^V\OT1/cmr/m/n/10 1\C70/gbsn/m/n/10/30 ^^B
 \C70/gbsn/m/n/10/5e & \C70/gbsn/m/n/10/51 e \C70/gbsn/m/n/10/65 ¹ \C70/gbsn/m/
n/10/7a  \C70/gbsn/m/n/10/7e Ä[]\C70/gbsn/m/n/10/53 ï \C70/gbsn/m/n/10/5f —$\O
ML/cmm/m/it/10 y[]$\C70/gbsn/m/n/10/ff ^^L$\OML/cmm/m/it/10 y[]$\C70/gbsn/m/n/1
0/ff ^^L$\OML/cmm/m/it/10 y[]$\C70/gbsn/m/n/10/76 „
 []

) [19

] (./book.aux)

LaTeX Font Warning: Some font shapes were not available, defaults substituted.

 ) 
Here is how much of TeX's memory you used:
 14681 strings out of 492616
 271959 string characters out of 6132767
 437576 words of memory out of 5000000
 18068 multiletter control sequences out of 15000+600000
 32885 words of font info for 121 fonts, out of 8000000 for 9000
 1141 hyphenation exceptions out of 8191
 55i,21n,54p,957b,1337s stack positions out of 5000i,500n,10000p,200000b,80000s
<c:/texlive/2018/texmf-dist/fonts/type1/public/amsfonts/cm/cmbx10.pfb><c:/tex
live/2018/texmf-dist/fonts/type1/public/amsfonts/cm/cmex10.pfb><c:/texlive/2018
/texmf-dist/fonts/type1/public/amsfonts/cm/cmmi10.pfb><c:/texlive/2018/texmf-di
st/fonts/type1/public/amsfonts/cm/cmmi7.pfb><c:/texlive/2018/texmf-dist/fonts/t
ype1/public/amsfonts/cm/cmr10.pfb><c:/texlive/2018/texmf-dist/fonts/type1/publi
c/amsfonts/cm/cmr12.pfb><c:/texlive/2018/texmf-dist/fonts/type1/public/amsfonts
/cm/cmr5.pfb><c:/texlive/2018/texmf-dist/fonts/type1/public/amsfonts/cm/cmr7.pf
b><c:/texlive/2018/texmf-dist/fonts/type1/public/amsfonts/cm/cmsl10.pfb><c:/tex
live/2018/texmf-dist/fonts/type1/public/amsfonts/cm/cmsy10.pfb><c:/texlive/2018
/texmf-dist/fonts/type1/public/amsfonts/cm/cmsy7.pfb><c:/texlive/2018/texmf-dis
t/fonts/type1/public/amsfonts/cm/cmti10.pfb><c:/texlive/2018/texmf-dist/fonts/t
ype1/arphic/gbsnu/gbsnu30.pfb><c:/texlive/2018/texmf-dist/fonts/type1/arphic/gb
snu/gbsnu4e.pfb><c:/texlive/2018/texmf-dist/fonts/type1/arphic/gbsnu/gbsnu4f.pf
b><c:/texlive/2018/texmf-dist/fonts/type1/arphic/gbsnu/gbsnu50.pfb><c:/texlive/
2018/texmf-dist/fonts/type1/arphic/gbsnu/gbsnu51.pfb><c:/texlive/2018/texmf-dis
t/fonts/type1/arphic/gbsnu/gbsnu52.pfb><c:/texlive/2018/texmf-dist/fonts/type1/
arphic/gbsnu/gbsnu53.pfb><c:/texlive/2018/texmf-dist/fonts/type1/arphic/gbsnu/g
bsnu54.pfb><c:/texlive/2018/texmf-dist/fonts/type1/arphic/gbsnu/gbsnu56.pfb><c:
/texlive/2018/texmf-dist/fonts/type1/arphic/gbsnu/gbsnu57.pfb><c:/texlive/2018/
texmf-dist/fonts/type1/arphic/gbsnu/gbsnu59.pfb><c:/texlive/2018/texmf-dist/fon
ts/type1/arphic/gbsnu/gbsnu5b.pfb><c:/texlive/2018/texmf-dist/fonts/type1/arphi
c/gbsnu/gbsnu5c.pfb><c:/texlive/2018/texmf-dist/fonts/type1/arphic/gbsnu/gbsnu5
d.pfb><c:/texlive/2018/texmf-dist/fonts/type1/arphic/gbsnu/gbsnu5e.pfb><c:/texl
ive/2018/texmf-dist/fonts/type1/arphic/gbsnu/gbsnu5f.pfb><c:/texlive/2018/texmf
-dist/fonts/type1/arphic/gbsnu/gbsnu60.pfb><c:/texlive/2018/texmf-dist/fonts/ty
pe1/arphic/gbsnu/gbsnu62.pfb><c:/texlive/2018/texmf-dist/fonts/type1/arphic/gbs
nu/gbsnu63.pfb><c:/texlive/2018/texmf-dist/fonts/type1/arphic/gbsnu/gbsnu65.pfb
><c:/texlive/2018/texmf-dist/fonts/type1/arphic/gbsnu/gbsnu66.pfb><c:/texlive/2
018/texmf-dist/fonts/type1/arphic/gbsnu/gbsnu67.pfb><c:/texlive/2018/texmf-dist
/fonts/type1/arphic/gbsnu/gbsnu68.pfb><c:/texlive/2018/texmf-dist/fonts/type1/a
rphic/gbsnu/gbsnu6b.pfb><c:/texlive/2018/texmf-dist/fonts/type1/arphic/gbsnu/gb
snu6c.pfb><c:/texlive/2018/texmf-dist/fonts/type1/arphic/gbsnu/gbsnu6d.pfb><c:/
texlive/2018/texmf-dist/fonts/type1/arphic/gbsnu/gbsnu71.pfb><c:/texlive/2018/t
exmf-dist/fonts/type1/arphic/gbsnu/gbsnu73.pfb><c:/texlive/2018/texmf-dist/font
s/type1/arphic/gbsnu/gbsnu75.pfb><c:/texlive/2018/texmf-dist/fonts/type1/arphic
/gbsnu/gbsnu76.pfb><c:/texlive/2018/texmf-dist/fonts/type1/arphic/gbsnu/gbsnu77
.pfb><c:/texlive/2018/texmf-dist/fonts/type1/arphic/gbsnu/gbsnu79.pfb><c:/texli
ve/2018/texmf-dist/fonts/type1/arphic/gbsnu/gbsnu7a.pfb><c:/texlive/2018/texmf-
dist/fonts/type1/arphic/gbsnu/gbsnu7b.pfb><c:/texlive/2018/texmf-dist/fonts/typ
e1/arphic/gbsnu/gbsnu7c.pfb><c:/texlive/2018/texmf-dist/fonts/type1/arphic/gbsn
u/gbsnu7d.pfb><c:/texlive/2018/texmf-dist/fonts/type1/arphic/gbsnu/gbsnu7e.pfb>
<c:/texlive/2018/texmf-dist/fonts/type1/arphic/gbsnu/gbsnu7f.pfb><c:/texlive/20
18/texmf-dist/fonts/type1/arphic/gbsnu/gbsnu80.pfb><c:/texlive/2018/texmf-dist/
fonts/type1/arphic/gbsnu/gbsnu81.pfb><c:/texlive/2018/texmf-dist/fonts/type1/ar
phic/gbsnu/gbsnu88.pfb><c:/texlive/2018/texmf-dist/fonts/type1/arphic/gbsnu/gbs
nu89.pfb><c:/texlive/2018/texmf-dist/fonts/type1/arphic/gbsnu/gbsnu8b.pfb><c:/t
exlive/2018/texmf-dist/fonts/type1/arphic/gbsnu/gbsnu8d.pfb><c:/texlive/2018/te
xmf-dist/fonts/type1/arphic/gbsnu/gbsnu8e.pfb><c:/texlive/2018/texmf-dist/fonts
/type1/arphic/gbsnu/gbsnu8f.pfb><c:/texlive/2018/texmf-dist/fonts/type1/arphic/
gbsnu/gbsnu90.pfb><c:/texlive/2018/texmf-dist/fonts/type1/arphic/gbsnu/gbsnu91.
pfb><c:/texlive/2018/texmf-dist/fonts/type1/arphic/gbsnu/gbsnu92.pfb><c:/texliv
e/2018/texmf-dist/fonts/type1/arphic/gbsnu/gbsnu95.pfb><c:/texlive/2018/texmf-d
ist/fonts/type1/arphic/gbsnu/gbsnu96.pfb><c:/texlive/2018/texmf-dist/fonts/type
1/arphic/gbsnu/gbsnu97.pfb><c:/texlive/2018/texmf-dist/fonts/type1/arphic/gbsnu
/gbsnu98.pfb><c:/texlive/2018/texmf-dist/fonts/type1/arphic/gbsnu/gbsnu99.pfb><
c:/texlive/2018/texmf-dist/fonts/type1/arphic/gbsnu/gbsnuff.pfb><c:/texlive/201
8/texmf-dist/fonts/type1/public/amsfonts/symbols/msbm10.pfb>
Output written on book.pdf (19 pages, 339824 bytes).
PDF statistics:
 398 PDF objects out of 1000 (max. 8388607)
 251 compressed objects within 3 object streams
 0 named destinations out of 1000 (max. 500000)
 233 words of extra memory for PDF output out of 10000 (max. 10000000)

