This is pdfTeX, Version 3.14159265-2.6-1.40.18 (TeX Live 2017/Debian) (preloaded format=pdflatex 2018.12.23)  24 DEC 2018 23:17
entering extended mode
 restricted \write18 enabled.
 file:line:error style messages enabled.
 %&-line parsing enabled.
**\input miscellaneous_ans.tex
(./miscellaneous_ans.tex
./miscellaneous_ans.tex:1: Undefined control sequence.
l.1 \chapter
            {ÁªºÂêàÈ¢ò}
The control sequence at the end of the top line
of your error message was never \def'ed. If you have
misspelled it (e.g., `\hobx'), type `I' and the correct
spelling (e.g., `I\hbox'). Otherwise just continue,
and I'll forget about whatever was undefined.


./miscellaneous_ans.tex:1: LaTeX Error: Missing \begin{document}.

See the LaTeX manual or LaTeX Companion for explanation.
Type  H <return>  for immediate help.
 ...                                              
                                                  
l.1 \chapter{Á
              ªºÂêàÈ¢ò}
You're in trouble here.  Try typing  <return>  to proceed.
If that doesn't work, type  X <return>  to quit.

Missing character: There is no Á in font nullfont!
Missing character: There is no ª in font nullfont!
Missing character: There is no º in font nullfont!
Missing character: There is no Â in font nullfont!
Missing character: There is no ê in font nullfont!
Missing character: There is no à in font nullfont!
Missing character: There is no È in font nullfont!
Missing character: There is no ¢ in font nullfont!
Missing character: There is no ò in font nullfont!

Overfull \hbox (20.0pt too wide) in paragraph at lines 1--2
[] 
 []


./miscellaneous_ans.tex:3: LaTeX Error: Environment Ex undefined.

See the LaTeX manual or LaTeX Companion for explanation.
Type  H <return>  for immediate help.
 ...                                              
                                                  
l.3 \begin{Ex}
              
Your command was ignored.
Type  I <command> <return>  to replace it with another command,
or  <return>  to continue without it.


./miscellaneous_ans.tex:4: LaTeX Error: Missing \begin{document}.

See the LaTeX manual or LaTeX Companion for explanation.
Type  H <return>  for immediate help.
 ...                                              
                                                  
l.4   Á
       èçÁè†ÂõõÈ¢óÔºåÊúâÁúüÊúâÂÅáÔºå‰∏çËÉΩÁî®ÁúºÈâ¥Âà´„ÄÇÁúüÁèçÁè†ÈáçÈáèÁõ∏Â...

You're in trouble here.  Try typing  <return>  to proceed.
If that doesn't work, type  X <return>  to quit.

Missing character: There is no Á in font nullfont!
Missing character: There is no è in font nullfont!
Missing character: There is no ç in font nullfont!
Missing character: There is no Á in font nullfont!
Missing character: There is no è in font nullfont!
Missing character: There is no † in font nullfont!
Missing character: There is no Â in font nullfont!
Missing character: There is no õ in font nullfont!
Missing character: There is no õ in font nullfont!
Missing character: There is no È in font nullfont!
Missing character: There is no ¢ in font nullfont!
Missing character: There is no ó in font nullfont!
Missing character: There is no Ô in font nullfont!
Missing character: There is no º in font nullfont!
Missing character: There is no å in font nullfont!
Missing character: There is no Ê in font nullfont!
Missing character: There is no ú in font nullfont!
Missing character: There is no â in font nullfont!
Missing character: There is no Á in font nullfont!
Missing character: There is no ú in font nullfont!
Missing character: There is no ü in font nullfont!
Missing character: There is no Ê in font nullfont!
Missing character: There is no ú in font nullfont!
Missing character: There is no â in font nullfont!
Missing character: There is no Â in font nullfont!
Missing character: There is no Å in font nullfont!
Missing character: There is no á in font nullfont!
Missing character: There is no Ô in font nullfont!
Missing character: There is no º in font nullfont!
Missing character: There is no å in font nullfont!
Missing character: There is no ‰ in font nullfont!
Missing character: There is no ∏ in font nullfont!
Missing character: There is no ç in font nullfont!
Missing character: There is no Ë in font nullfont!
Missing character: There is no É in font nullfont!
Missing character: There is no Ω in font nullfont!
Missing character: There is no Á in font nullfont!
Missing character: There is no î in font nullfont!
Missing character: There is no ® in font nullfont!
Missing character: There is no Á in font nullfont!
Missing character: There is no ú in font nullfont!
Missing character: There is no º in font nullfont!
Missing character: There is no È in font nullfont!
Missing character: There is no â in font nullfont!
Missing character: There is no ¥ in font nullfont!
Missing character: There is no Â in font nullfont!
Missing character: There is no à in font nullfont!
Missing character: There is no ´ in font nullfont!
Missing character: There is no „ in font nullfont!
Missing character: There is no Ä in font nullfont!
Missing character: There is no Ç in font nullfont!
Missing character: There is no Á in font nullfont!
Missing character: There is no ú in font nullfont!
Missing character: There is no ü in font nullfont!
Missing character: There is no Á in font nullfont!
Missing character: There is no è in font nullfont!
Missing character: There is no ç in font nullfont!
Missing character: There is no Á in font nullfont!
Missing character: There is no è in font nullfont!
Missing character: There is no † in font nullfont!
Missing character: There is no È in font nullfont!
Missing character: There is no á in font nullfont!
Missing character: There is no ç in font nullfont!
Missing character: There is no È in font nullfont!
Missing character: There is no á in font nullfont!
Missing character: There is no è in font nullfont!
Missing character: There is no Á in font nullfont!
Missing character: There is no õ in font nullfont!
Missing character: There is no ∏ in font nullfont!
Missing character: There is no Â in font nullfont!
Missing character: There is no ê in font nullfont!
Missing character: There is no å in font nullfont!
Missing character: There is no ‰ in font nullfont!
Missing character: There is no ∏ in font nullfont!
Missing character: There is no î in font nullfont!
Missing character: There is no ‰ in font nullfont!
Missing character: There is no ∏ in font nullfont!
Missing character: There is no ∫ in font nullfont!
Missing character: There is no p in font nullfont!
Missing character: There is no Ô in font nullfont!
Missing character: There is no º in font nullfont!
Missing character: There is no å in font nullfont!
Missing character: There is no Â in font nullfont!
Missing character: There is no Å in font nullfont!
Missing character: There is no á in font nullfont!
Missing character: There is no Á in font nullfont!
Missing character: There is no è in font nullfont!
Missing character: There is no ç in font nullfont!
Missing character: There is no Á in font nullfont!
Missing character: There is no è in font nullfont!
Missing character: There is no † in font nullfont!
Missing character: There is no È in font nullfont!
Missing character: There is no á in font nullfont!
Missing character: There is no ç in font nullfont!
Missing character: There is no È in font nullfont!
Missing character: There is no á in font nullfont!
Missing character: There is no è in font nullfont!
Missing character: There is no ‰ in font nullfont!
Missing character: There is no π in font nullfont!
Missing character: There is no ü in font nullfont!
Missing character: There is no Á in font nullfont!
Missing character: There is no õ in font nullfont!
Missing character: There is no ∏ in font nullfont!
Missing character: There is no Â in font nullfont!
Missing character: There is no ê in font nullfont!
Missing character: There is no å in font nullfont!
Missing character: There is no ‰ in font nullfont!
Missing character: There is no ∏ in font nullfont!
Missing character: There is no î in font nullfont!
Missing character: There is no ‰ in font nullfont!
Missing character: There is no ∏ in font nullfont!
Missing character: There is no ∫ in font nullfont!
Missing character: There is no q in font nullfont!
Missing character: There is no Ô in font nullfont!
Missing character: There is no º in font nullfont!
Missing character: There is no å in font nullfont!
LaTeX Font Info:    External font `cmex10' loaded for size
(Font)              <7> on input line 5.
LaTeX Font Info:    External font `cmex10' loaded for size
(Font)              <5> on input line 5.
Missing character: There is no „ in font nullfont!
Missing character: There is no Ä in font nullfont!
Missing character: There is no Ç in font nullfont!
Missing character: There is no Á in font nullfont!
Missing character: There is no î in font nullfont!
Missing character: There is no ® in font nullfont!
Missing character: There is no Á in font nullfont!
Missing character: There is no ß in font nullfont!
Missing character: There is no § in font nullfont!
Missing character: There is no Ô in font nullfont!
Missing character: There is no º in font nullfont!
Missing character: There is no à in font nullfont!
Missing character: There is no ‰ in font nullfont!
Missing character: There is no ∏ in font nullfont!
Missing character: There is no ç in font nullfont!
Missing character: There is no Ê in font nullfont!
Missing character: There is no ò in font nullfont!
Missing character: There is no Ø in font nullfont!
Missing character: There is no Â in font nullfont!
Missing character: There is no § in font nullfont!
Missing character: There is no © in font nullfont!
Missing character: There is no Â in font nullfont!
Missing character: There is no π in font nullfont!
Missing character: There is no ≥ in font nullfont!
Missing character: There is no Ô in font nullfont!
Missing character: There is no º in font nullfont!
Missing character: There is no â in font nullfont!
Missing character: There is no ‰ in font nullfont!
Missing character: There is no ª in font nullfont!
Missing character: There is no Ö in font nullfont!
Missing character: There is no Á in font nullfont!
Missing character: There is no ß in font nullfont!
Missing character: There is no ∞ in font nullfont!
Missing character: There is no ‰ in font nullfont!
Missing character: There is no ∏ in font nullfont!
Missing character: There is no â in font nullfont!
Missing character: There is no Ê in font nullfont!
Missing character: There is no ¨ in font nullfont!
Missing character: There is no ° in font nullfont!
Missing character: There is no Ô in font nullfont!
Missing character: There is no º in font nullfont!
Missing character: There is no å in font nullfont!
Missing character: There is no Á in font nullfont!
Missing character: There is no ß in font nullfont!
Missing character: There is no ∞ in font nullfont!
Missing character: There is no Â in font nullfont!
Missing character: There is no á in font nullfont!
Missing character: There is no ∫ in font nullfont!
Missing character: There is no Á in font nullfont!
Missing character: There is no ú in font nullfont!
Missing character: There is no ü in font nullfont!
Missing character: There is no Â in font nullfont!
Missing character: There is no Å in font nullfont!
Missing character: There is no á in font nullfont!
Missing character: There is no Ô in font nullfont!
Missing character: There is no º in font nullfont!
Missing character: There is no å in font nullfont!
Missing character: There is no Â in font nullfont!
Missing character: There is no ∫ in font nullfont!
Missing character: There is no î in font nullfont!
Missing character: There is no Ë in font nullfont!
Missing character: There is no Ø in font nullfont!
Missing character: There is no • in font nullfont!
Missing character: There is no Ê in font nullfont!
Missing character: There is no Ä in font nullfont!
Missing character: There is no é in font nullfont!
Missing character: There is no Ê in font nullfont!
Missing character: There is no † in font nullfont!
Missing character: There is no ∑ in font nullfont!
Missing character: There is no Â in font nullfont!
Missing character: There is no Å in font nullfont!
Missing character: There is no ö in font nullfont!
Missing character: There is no Ô in font nullfont!
Missing character: There is no º in font nullfont!
Missing character: There is no ü in font nullfont!

./miscellaneous_ans.tex:6: LaTeX Error: \begin{document} ended by \end{Ex}.

See the LaTeX manual or LaTeX Companion for explanation.
Type  H <return>  for immediate help.
 ...                                              
                                                  
l.6 \end{Ex}
            
Your command was ignored.
Type  I <command> <return>  to replace it with another command,
or  <return>  to continue without it.


./miscellaneous_ans.tex:7: LaTeX Error: Environment proof undefined.

See the LaTeX manual or LaTeX Companion for explanation.
Type  H <return>  for immediate help.
 ...                                              
                                                  
l.7 \begin{proof}
                 [Ëß£]
Your command was ignored.
Type  I <command> <return>  to replace it with another command,
or  <return>  to continue without it.

Missing character: There is no [ in font nullfont!
Missing character: There is no Ë in font nullfont!
Missing character: There is no ß in font nullfont!
Missing character: There is no £ in font nullfont!
Missing character: There is no ] in font nullfont!
Missing character: There is no Ë in font nullfont!
Missing character: There is no Æ in font nullfont!
Missing character: There is no æ in font nullfont!
Missing character: There is no Â in font nullfont!
Missing character: There is no õ in font nullfont!
Missing character: There is no õ in font nullfont!
Missing character: There is no È in font nullfont!
Missing character: There is no ¢ in font nullfont!
Missing character: There is no ó in font nullfont!
Missing character: There is no Á in font nullfont!
Missing character: There is no è in font nullfont!
Missing character: There is no ç in font nullfont!
Missing character: There is no Á in font nullfont!
Missing character: There is no è in font nullfont!
Missing character: There is no † in font nullfont!
Missing character: There is no Â in font nullfont!
Missing character: There is no à in font nullfont!
Missing character: There is no Ü in font nullfont!
Missing character: There is no Â in font nullfont!
Missing character: There is no à in font nullfont!
Missing character: There is no ´ in font nullfont!
Missing character: There is no ‰ in font nullfont!
Missing character: There is no ∏ in font nullfont!
Missing character: There is no ∫ in font nullfont!
Missing character: There is no Ô in font nullfont!
Missing character: There is no º in font nullfont!
Missing character: There is no å in font nullfont!
Missing character: There is no Ô in font nullfont!
Missing character: There is no º in font nullfont!
Missing character: There is no å in font nullfont!
Missing character: There is no Ô in font nullfont!
Missing character: There is no º in font nullfont!
Missing character: There is no å in font nullfont!
Missing character: There is no Ô in font nullfont!
Missing character: There is no º in font nullfont!
Missing character: There is no å in font nullfont!
Missing character: There is no Â in font nullfont!
Missing character: There is no Ö in font nullfont!
Missing character: There is no ∂ in font nullfont!
Missing character: There is no È in font nullfont!
Missing character: There is no á in font nullfont!
Missing character: There is no ç in font nullfont!
Missing character: There is no È in font nullfont!
Missing character: There is no á in font nullfont!
Missing character: There is no è in font nullfont!
Missing character: There is no Â in font nullfont!
Missing character: There is no à in font nullfont!
Missing character: There is no Ü in font nullfont!
Missing character: There is no Â in font nullfont!
Missing character: There is no à in font nullfont!
Missing character: There is no ´ in font nullfont!
Missing character: There is no ‰ in font nullfont!
Missing character: There is no ∏ in font nullfont!
Missing character: There is no ∫ in font nullfont!
Missing character: There is no Ô in font nullfont!
Missing character: There is no º in font nullfont!
Missing character: There is no å in font nullfont!
Missing character: There is no Ô in font nullfont!
Missing character: There is no º in font nullfont!
Missing character: There is no å in font nullfont!
Missing character: There is no Ô in font nullfont!
Missing character: There is no º in font nullfont!
Missing character: There is no å in font nullfont!
Missing character: There is no „ in font nullfont!
Missing character: There is no Ä in font nullfont!
Missing character: There is no Ç in font nullfont!
Missing character: There is no Á in font nullfont!
Missing character: There is no ¨ in font nullfont!
Missing character: There is no ¨ in font nullfont!
Missing character: There is no ‰ in font nullfont!
Missing character: There is no ∏ in font nullfont!
Missing character: There is no Ä in font nullfont!
Missing character: There is no Ê in font nullfont!
Missing character: There is no ¨ in font nullfont!
Missing character: There is no ° in font nullfont!
Missing character: There is no Â in font nullfont!
Missing character: There is no ∞ in font nullfont!
Missing character: There is no Ü in font nullfont!
Missing character: There is no Â in font nullfont!
Missing character: There is no í in font nullfont!
Missing character: There is no å in font nullfont!
Missing character: There is no Ê in font nullfont!
Missing character: There is no î in font nullfont!
Missing character: There is no æ in font nullfont!
Missing character: There is no Â in font nullfont!
Missing character: There is no ú in font nullfont!
Missing character: There is no ® in font nullfont!
Missing character: There is no ‰ in font nullfont!
Missing character: There is no ∏ in font nullfont!
Missing character: There is no Ä in font nullfont!
Missing character: There is no Ë in font nullfont!
Missing character: There is no µ in font nullfont!
Missing character: There is no ∑ in font nullfont!
Missing character: There is no Á in font nullfont!
Missing character: There is no ß in font nullfont!
Missing character: There is no ∞ in font nullfont!
Missing character: There is no Ô in font nullfont!
Missing character: There is no º in font nullfont!
Missing character: There is no å in font nullfont!
Missing character: There is no Ë in font nullfont!
Missing character: There is no Æ in font nullfont!
Missing character: There is no æ in font nullfont!
Missing character: There is no Â in font nullfont!
Missing character: There is no æ in font nullfont!
Missing character: There is no ó in font nullfont!
Missing character: There is no Â in font nullfont!
Missing character: There is no à in font nullfont!
Missing character: There is no ∞ in font nullfont!
Missing character: There is no Á in font nullfont!
Missing character: There is no ö in font nullfont!
Missing character: There is no Ñ in font nullfont!
Missing character: There is no È in font nullfont!
Missing character: There is no á in font nullfont!
Missing character: There is no ç in font nullfont!
Missing character: There is no È in font nullfont!
Missing character: There is no á in font nullfont!
Missing character: There is no è in font nullfont!
Missing character: There is no ‰ in font nullfont!
Missing character: There is no ∏ in font nullfont!
Missing character: There is no ∫ in font nullfont!
Missing character: There is no Ô in font nullfont!
Missing character: There is no º in font nullfont!
Missing character: There is no õ in font nullfont!
Missing character: There is no Á in font nullfont!
Missing character: There is no ¨ in font nullfont!
Missing character: There is no ¨ in font nullfont!
Missing character: There is no ‰ in font nullfont!
Missing character: There is no ∫ in font nullfont!
Missing character: There is no å in font nullfont!
Missing character: There is no Ê in font nullfont!
Missing character: There is no ¨ in font nullfont!
Missing character: There is no ° in font nullfont!
Missing character: There is no Â in font nullfont!
Missing character: There is no ∞ in font nullfont!
Missing character: There is no Ü in font nullfont!
Missing character: There is no Â in font nullfont!
Missing character: There is no í in font nullfont!
Missing character: There is no å in font nullfont!
Missing character: There is no Ê in font nullfont!
Missing character: There is no î in font nullfont!
Missing character: There is no æ in font nullfont!
Missing character: There is no Â in font nullfont!
Missing character: There is no ú in font nullfont!
Missing character: There is no ® in font nullfont!
Missing character: There is no ‰ in font nullfont!
Missing character: There is no ∏ in font nullfont!
Missing character: There is no Ä in font nullfont!
Missing character: There is no Ë in font nullfont!
Missing character: There is no µ in font nullfont!
Missing character: There is no ∑ in font nullfont!
Missing character: There is no Á in font nullfont!
Missing character: There is no ß in font nullfont!
Missing character: There is no ∞ in font nullfont!
Missing character: There is no Ô in font nullfont!
Missing character: There is no º in font nullfont!
Missing character: There is no å in font nullfont!
Missing character: There is no Ë in font nullfont!
Missing character: There is no Æ in font nullfont!
Missing character: There is no æ in font nullfont!
Missing character: There is no Â in font nullfont!
Missing character: There is no æ in font nullfont!
Missing character: There is no ó in font nullfont!
Missing character: There is no Â in font nullfont!
Missing character: There is no à in font nullfont!
Missing character: There is no ∞ in font nullfont!
Missing character: There is no Á in font nullfont!
Missing character: There is no ö in font nullfont!
Missing character: There is no Ñ in font nullfont!
Missing character: There is no È in font nullfont!
Missing character: There is no á in font nullfont!
Missing character: There is no ç in font nullfont!
Missing character: There is no È in font nullfont!
Missing character: There is no á in font nullfont!
Missing character: There is no è in font nullfont!
Missing character: There is no ‰ in font nullfont!
Missing character: There is no ∏ in font nullfont!
Missing character: There is no ∫ in font nullfont!
Missing character: There is no Ô in font nullfont!
Missing character: There is no º in font nullfont!
Missing character: There is no õ in font nullfont!
Missing character: There is no Á in font nullfont!
Missing character: There is no ¨ in font nullfont!
Missing character: There is no ¨ in font nullfont!
Missing character: There is no ‰ in font nullfont!
Missing character: There is no ∏ in font nullfont!
Missing character: There is no â in font nullfont!
Missing character: There is no Ê in font nullfont!
Missing character: There is no ¨ in font nullfont!
Missing character: There is no ° in font nullfont!
Missing character: There is no Â in font nullfont!
Missing character: There is no ∞ in font nullfont!
Missing character: There is no Ü in font nullfont!
Missing character: There is no Ô in font nullfont!
Missing character: There is no º in font nullfont!
Missing character: There is no å in font nullfont!
Missing character: There is no Â in font nullfont!
Missing character: There is no í in font nullfont!
Missing character: There is no å in font nullfont!
Missing character: There is no Ê in font nullfont!
Missing character: There is no î in font nullfont!
Missing character: There is no æ in font nullfont!
Missing character: There is no Â in font nullfont!
Missing character: There is no ú in font nullfont!
Missing character: There is no ® in font nullfont!
Missing character: There is no ‰ in font nullfont!
Missing character: There is no ∏ in font nullfont!
Missing character: There is no Ä in font nullfont!
Missing character: There is no Ë in font nullfont!
Missing character: There is no µ in font nullfont!
Missing character: There is no ∑ in font nullfont!
Missing character: There is no Á in font nullfont!
Missing character: There is no ß in font nullfont!
Missing character: There is no ∞ in font nullfont!
Missing character: There is no Ô in font nullfont!
Missing character: There is no º in font nullfont!
Missing character: There is no å in font nullfont!
Missing character: There is no Ë in font nullfont!
Missing character: There is no Æ in font nullfont!
Missing character: There is no æ in font nullfont!
Missing character: There is no Â in font nullfont!
Missing character: There is no æ in font nullfont!
Missing character: There is no ó in font nullfont!
Missing character: There is no Â in font nullfont!
Missing character: There is no à in font nullfont!
Missing character: There is no ∞ in font nullfont!
Missing character: There is no Á in font nullfont!
Missing character: There is no ö in font nullfont!
Missing character: There is no Ñ in font nullfont!
Missing character: There is no È in font nullfont!
Missing character: There is no á in font nullfont!
Missing character: There is no ç in font nullfont!
Missing character: There is no È in font nullfont!
Missing character: There is no á in font nullfont!
Missing character: There is no è in font nullfont!
Missing character: There is no ‰ in font nullfont!
Missing character: There is no ∏ in font nullfont!
Missing character: There is no ∫ in font nullfont!
Missing character: There is no „ in font nullfont!
Missing character: There is no Ä in font nullfont!
Missing character: There is no Ç in font nullfont!
Missing character: There is no ‰ in font nullfont!
Missing character: There is no ∫ in font nullfont!
Missing character: There is no é in font nullfont!
Missing character: There is no Ê in font nullfont!
Missing character: There is no ò in font nullfont!
Missing character: There is no Ø in font nullfont!
Missing character: There is no Â in font nullfont!
Missing character: There is no è in font nullfont!
Missing character: There is no Ø in font nullfont!
Missing character: There is no ‰ in font nullfont!
Missing character: There is no ª in font nullfont!
Missing character: There is no • in font nullfont!
Missing character: There is no Â in font nullfont!
Missing character: There is no æ in font nullfont!
Missing character: There is no ó in font nullfont!
Missing character: There is no Â in font nullfont!
Missing character: There is no à in font nullfont!
Missing character: There is no ∞ in font nullfont!

Overfull \hbox (20.0pt too wide) in paragraph at lines 4--13
[]
 []


Overfull \hbox (15.58676pt too wide) in paragraph at lines 4--13
\OML/cmm/m/it/10 p >
 []


Overfull \hbox (4.8229pt too wide) in paragraph at lines 4--13
\OML/cmm/m/it/10 q$
 []


Overfull \hbox (68.67372pt too wide) in paragraph at lines 4--13
\OML/cmm/m/it/10 p[]$$p[]$$p[]$$p[]$$x[]$$x[]$$x[]$
 []


Overfull \hbox (53.55681pt too wide) in paragraph at lines 4--13
\OML/cmm/m/it/10 x[]$$p[]$$p[]$$a$$p[]$$p[]$
 []


Overfull \hbox (32.8438pt too wide) in paragraph at lines 4--13
\OML/cmm/m/it/10 b$$p[]$$p[]$$p[]$
 []


Overfull \hbox (4.32756pt too wide) in paragraph at lines 4--13
\OML/cmm/m/it/10 c$
 []


Overfull \hbox (164.29242pt too wide) detected at line 19
[][] \OT1/cmr/m/n/10 + \OML/cmm/m/it/10 x[] \OT1/cmr/m/n/10 = \OML/cmm/m/it/10 
a[] x[] \OT1/cmr/m/n/10 + \OML/cmm/m/it/10 x[] \OT1/cmr/m/n/10 = \OML/cmm/m/it/
10 b[] x[] \OT1/cmr/m/n/10 + \OML/cmm/m/it/10 x[] \OT1/cmr/m/n/10 + \OML/cmm/m/
it/10 x[] \OT1/cmr/m/n/10 = \OML/cmm/m/it/10 c
 []

Missing character: There is no ‰ in font nullfont!
Missing character: There is no ª in font nullfont!
Missing character: There is no § in font nullfont!
Missing character: There is no Ô in font nullfont!
Missing character: There is no º in font nullfont!
Missing character: There is no å in font nullfont!
Missing character: There is no Ô in font nullfont!
Missing character: There is no º in font nullfont!
Missing character: There is no å in font nullfont!
Missing character: There is no Ô in font nullfont!
Missing character: There is no º in font nullfont!
Missing character: There is no å in font nullfont!
Missing character: There is no Ô in font nullfont!
Missing character: There is no º in font nullfont!
Missing character: There is no å in font nullfont!
Missing character: There is no Â in font nullfont!
Missing character: There is no è in font nullfont!
Missing character: There is no Ø in font nullfont!
Missing character: There is no ‰ in font nullfont!
Missing character: There is no ª in font nullfont!
Missing character: There is no • in font nullfont!
Missing character: There is no Â in font nullfont!
Missing character: There is no æ in font nullfont!
Missing character: There is no ó in font nullfont!
Missing character: There is no Â in font nullfont!
Missing character: There is no à in font nullfont!
Missing character: There is no ∞ in font nullfont!

Overfull \hbox (19.94446pt too wide) in paragraph at lines 19--23
$\OML/cmm/m/it/10 y[] \OT1/cmr/m/n/10 =
 []


Overfull \hbox (40.94836pt too wide) in paragraph at lines 19--23
[]$$\OML/cmm/m/it/10 y[] \OT1/cmr/m/n/10 =
 []


Overfull \hbox (40.94836pt too wide) in paragraph at lines 19--23
[]$$\OML/cmm/m/it/10 y[] \OT1/cmr/m/n/10 =
 []


Overfull \hbox (21.0039pt too wide) in paragraph at lines 19--23
[]$
 []


Overfull \hbox (19.94446pt too wide) in paragraph at lines 19--23
\OML/cmm/m/it/10 y[] \OT1/cmr/m/n/10 =
 []


Overfull \hbox (21.0039pt too wide) in paragraph at lines 19--23
[]$
 []


Overfull \hbox (232.29918pt too wide) detected at line 29
[][][] \OT1/cmr/m/n/10 + \OML/cmm/m/it/10 y[] \OT1/cmr/m/n/10 = [][] \OML/cmm/m
/it/10 y[] \OT1/cmr/m/n/10 + \OML/cmm/m/it/10 y[] \OT1/cmr/m/n/10 = [][] \OML/c
mm/m/it/10 y[] \OT1/cmr/m/n/10 + \OML/cmm/m/it/10 y[] \OT1/cmr/m/n/10 + \OML/cm
m/m/it/10 y[] \OT1/cmr/m/n/10 = []
 []

Missing character: There is no ‰ in font nullfont!
Missing character: There is no ª in font nullfont!
Missing character: There is no • in font nullfont!
Missing character: There is no ‰ in font nullfont!
Missing character: There is no ∏ in font nullfont!
Missing character: There is no ä in font nullfont!
Missing character: There is no ‰ in font nullfont!
Missing character: There is no ∏ in font nullfont!
Missing character: There is no â in font nullfont!
Missing character: There is no ‰ in font nullfont!
Missing character: There is no ∏ in font nullfont!
Missing character: There is no ™ in font nullfont!
Missing character: There is no Â in font nullfont!
Missing character: There is no º in font nullfont!
Missing character: There is no è in font nullfont!
Missing character: There is no Â in font nullfont!
Missing character: There is no ≠ in font nullfont!
Missing character: There is no ê in font nullfont!
Missing character: There is no Á in font nullfont!
Missing character: There is no õ in font nullfont!
Missing character: There is no ∏ in font nullfont!
Missing character: There is no Â in font nullfont!
Missing character: There is no ä in font nullfont!
Missing character: There is no † in font nullfont!
Missing character: There is no Ô in font nullfont!
Missing character: There is no º in font nullfont!
Missing character: There is no å in font nullfont!
Missing character: There is no Â in font nullfont!
Missing character: There is no è in font nullfont!
Missing character: There is no Ø in font nullfont!
Missing character: There is no Â in font nullfont!
Missing character: There is no æ in font nullfont!
Missing character: There is no ó in font nullfont!

Overfull \hbox (189.7961pt too wide) detected at line 33
\OT1/cmr/m/n/10 2(\OML/cmm/m/it/10 y[] \OT1/cmr/m/n/10 + \OML/cmm/m/it/10 y[] \
OT1/cmr/m/n/10 + \OML/cmm/m/it/10 y[]\OT1/cmr/m/n/10 ) + \OML/cmm/m/it/10 y[] \
OT1/cmr/m/n/10 = [] + [] + []
 []

Missing character: There is no Ê in font nullfont!
Missing character: There is no † in font nullfont!
Missing character: There is no π in font nullfont!
Missing character: There is no Ê in font nullfont!
Missing character: There is no ç in font nullfont!
Missing character: There is no Æ in font nullfont!
Missing character: There is no ‰ in font nullfont!
Missing character: There is no ∏ in font nullfont!
Missing character: There is no ä in font nullfont!
Missing character: There is no Â in font nullfont!
Missing character: There is no º in font nullfont!
Missing character: There is no è in font nullfont!
Missing character: There is no Â in font nullfont!
Missing character: There is no è in font nullfont!
Missing character: There is no ≥ in font nullfont!
Missing character: There is no Á in font nullfont!
Missing character: There is no ´ in font nullfont!
Missing character: There is no Ø in font nullfont!
Missing character: There is no ‰ in font nullfont!
Missing character: There is no ∏ in font nullfont!
Missing character: There is no ∫ in font nullfont!
Missing character: There is no Â in font nullfont!
Missing character: There is no Å in font nullfont!
Missing character: There is no ∂ in font nullfont!
Missing character: There is no Ê in font nullfont!
Missing character: There is no ï in font nullfont!
Missing character: There is no ∞ in font nullfont!
Missing character: There is no Ê in font nullfont!
Missing character: There is no à in font nullfont!
Missing character: There is no ñ in font nullfont!
Missing character: There is no Â in font nullfont!
Missing character: There is no • in font nullfont!
Missing character: There is no á in font nullfont!
Missing character: There is no Ê in font nullfont!
Missing character: There is no ï in font nullfont!
Missing character: There is no ∞ in font nullfont!
Missing character: There is no Ô in font nullfont!
Missing character: There is no º in font nullfont!
Missing character: There is no å in font nullfont!
Missing character: There is no Â in font nullfont!
Missing character: There is no è in font nullfont!
Missing character: There is no Ø in font nullfont!
Missing character: There is no Â in font nullfont!
Missing character: There is no æ in font nullfont!
Missing character: There is no ó in font nullfont!
Missing character: There is no ‰ in font nullfont!
Missing character: There is no ∏ in font nullfont!
Missing character: There is no ∫ in font nullfont!
Missing character: There is no Ê in font nullfont!
Missing character: There is no à in font nullfont!
Missing character: There is no ñ in font nullfont!
Missing character: There is no 1 in font nullfont!
Missing character: There is no „ in font nullfont!
Missing character: There is no Ä in font nullfont!
Missing character: There is no Ç in font nullfont!
Missing character: There is no Â in font nullfont!
Missing character: There is no ∏ in font nullfont!
Missing character: There is no ¶ in font nullfont!
Missing character: There is no Â in font nullfont!
Missing character: There is no Ö in font nullfont!
Missing character: There is no • in font nullfont!
Missing character: There is no Ê in font nullfont!
Missing character: There is no ñ in font nullfont!
Missing character: There is no π in font nullfont!
Missing character: There is no Á in font nullfont!
Missing character: There is no ® in font nullfont!
Missing character: There is no ã in font nullfont!
Missing character: There is no Á in font nullfont!
Missing character: There is no ª in font nullfont!
Missing character: There is no Ñ in font nullfont!
./miscellaneous_ans.tex:34: Undefined control sequence.
l.34 ...Âæó$y_4$‰∏∫$0$Êàñ1„ÄÇÂ∏¶ÂÖ•ÊñπÁ®ãÁªÑ\eqref
                                                  {e1}ÂèØÂæó$y_1$Ôºå
The control sequence at the end of the top line
of your error message was never \def'ed. If you have
misspelled it (e.g., `\hobx'), type `I' and the correct
spelling (e.g., `I\hbox'). Otherwise just continue,
and I'll forget about whatever was undefined.

Missing character: There is no e in font nullfont!
Missing character: There is no 1 in font nullfont!
Missing character: There is no Â in font nullfont!
Missing character: There is no è in font nullfont!
Missing character: There is no Ø in font nullfont!
Missing character: There is no Â in font nullfont!
Missing character: There is no æ in font nullfont!
Missing character: There is no ó in font nullfont!
Missing character: There is no Ô in font nullfont!
Missing character: There is no º in font nullfont!
Missing character: There is no å in font nullfont!
Missing character: There is no Ô in font nullfont!
Missing character: There is no º in font nullfont!
Missing character: There is no å in font nullfont!
Missing character: There is no Á in font nullfont!
Missing character: There is no ö in font nullfont!
Missing character: There is no Ñ in font nullfont!
Missing character: There is no Â in font nullfont!
Missing character: There is no Ä in font nullfont!
Missing character: There is no º in font nullfont!
Missing character: There is no ‰ in font nullfont!
Missing character: There is no ∏ in font nullfont!
Missing character: There is no ∫ in font nullfont!
Missing character: There is no Ê in font nullfont!
Missing character: There is no à in font nullfont!
Missing character: There is no ñ in font nullfont!
Missing character: There is no Ô in font nullfont!
Missing character: There is no º in font nullfont!
Missing character: There is no å in font nullfont!
Missing character: There is no ‰ in font nullfont!
Missing character: There is no ª in font nullfont!
Missing character: There is no é in font nullfont!
Missing character: There is no Ë in font nullfont!
Missing character: There is no Ä in font nullfont!
Missing character: There is no å in font nullfont!
Missing character: There is no Á in font nullfont!
Missing character: There is no õ in font nullfont!
Missing character: There is no ∏ in font nullfont!
Missing character: There is no Â in font nullfont!
Missing character: There is no ∫ in font nullfont!
Missing character: There is no î in font nullfont!
Missing character: There is no Á in font nullfont!
Missing character: There is no ö in font nullfont!
Missing character: There is no Ñ in font nullfont!
Missing character: There is no Â in font nullfont!
Missing character: There is no è in font nullfont!
Missing character: There is no Ø in font nullfont!
Missing character: There is no ‰ in font nullfont!
Missing character: There is no ª in font nullfont!
Missing character: There is no • in font nullfont!
Missing character: There is no Â in font nullfont!
Missing character: There is no à in font nullfont!
Missing character: There is no § in font nullfont!
Missing character: There is no Ê in font nullfont!
Missing character: There is no ñ in font nullfont!
Missing character: There is no ≠ in font nullfont!
Missing character: There is no Ô in font nullfont!
Missing character: There is no º in font nullfont!
Missing character: There is no å in font nullfont!
Missing character: There is no Ô in font nullfont!
Missing character: There is no º in font nullfont!
Missing character: There is no å in font nullfont!
Missing character: There is no Ô in font nullfont!
Missing character: There is no º in font nullfont!
Missing character: There is no å in font nullfont!
Missing character: There is no Á in font nullfont!
Missing character: There is no ö in font nullfont!
Missing character: There is no Ñ in font nullfont!
Missing character: There is no Â in font nullfont!
Missing character: There is no Ä in font nullfont!
Missing character: There is no º in font nullfont!
Missing character: There is no ‰ in font nullfont!
Missing character: There is no ∏ in font nullfont!
Missing character: There is no ∫ in font nullfont!
Missing character: There is no Ê in font nullfont!
Missing character: There is no à in font nullfont!
Missing character: There is no ñ in font nullfont!
Missing character: There is no „ in font nullfont!
Missing character: There is no Ä in font nullfont!
Missing character: There is no Ç in font nullfont!

./miscellaneous_ans.tex:37: LaTeX Error: \begin{document} ended by \end{proof}.


See the LaTeX manual or LaTeX Companion for explanation.
Type  H <return>  for immediate help.
 ...                                              
                                                  
l.37 \end{proof}
                
Your command was ignored.
Type  I <command> <return>  to replace it with another command,
or  <return>  to continue without it.

)
! Emergency stop.
<*> \input miscellaneous_ans.tex
                                
*** (job aborted, no legal \end found)

 
Here is how much of TeX's memory you used:
 13 strings out of 494406
 234 string characters out of 6169674
 51069 words of memory out of 5000000
 3580 multiletter control sequences out of 15000+600000
 3640 words of font info for 14 fonts, out of 8000000 for 9000
 264 hyphenation exceptions out of 8191
 18i,6n,12p,149b,85s stack positions out of 5000i,500n,10000p,200000b,80000s
!  ==> Fatal error occurred, no output PDF file produced!
